#
# There is insufficient memory for the Java Runtime Environment to continue.
# Native memory allocation (mmap) failed to map 406847488 bytes for G1 virtual space
# Possible reasons:
#   The system is out of physical RAM or swap space
#   The process is running with CompressedOops enabled, and the Java Heap may be blocking the growth of the native heap
# Possible solutions:
#   Reduce memory load on the system
#   Increase physical memory or swap space
#   Check if swap backing store is full
#   Decrease Java heap size (-Xmx/-Xms)
#   Decrease number of Java threads
#   Decrease Java thread stack sizes (-Xss)
#   Set larger code cache with -XX:ReservedCodeCacheSize=
#   JVM is running with Zero Based Compressed Oops mode in which the Java heap is
#     placed in the first 32GB address space. The Java Heap base address is the
#     maximum limit for the native heap growth. Please use -XX:HeapBaseMinAddress
#     to set the Java Heap base and to place the Java Heap above 32GB virtual address.
# This output file may be truncated or incomplete.
#
#  Out of Memory Error (./open/src/hotspot/os/windows/os_windows.cpp:3321), pid=22088, tid=8912
#
# JRE version: Java(TM) SE Runtime Environment (15.0.2+7) (build 15.0.2+7-27)
# Java VM: Java HotSpot(TM) 64-Bit Server VM (15.0.2+7-27, mixed mode, sharing, tiered, compressed oops, g1 gc, windows-amd64)
# No core dump will be written. Minidumps are not enabled by default on client versions of Windows
#

---------------  S U M M A R Y ------------

Command Line: --module-path=D:\javafx-sdk-16\lib --add-modules=javafx.fxml,javafx.controls,javafx.graphics -Dfile.encoding=UTF-8 -XX:+ShowCodeDetailsInExceptionMessages il.cshaifasweng.OCSFMediatorExample.client.App 3000

Host: Intel(R) Core(TM) i7-6700HQ CPU @ 2.60GHz, 8 cores, 15G,  Windows 10 , 64 bit Build 19041 (10.0.19041.928)
Time: Sat May 15 22:54:40 2021 Jerusalem Daylight Time elapsed time: 3.917921 seconds (0d 0h 0m 3s)

---------------  T H R E A D  ---------------

Current thread (0x000002130abd1580):  VMThread "VM Thread" [stack: 0x000000c028600000,0x000000c028700000] [id=8912]

Stack: [0x000000c028600000,0x000000c028700000]
[error occurred during error reporting (printing stack bounds), id 0xc0000005, EXCEPTION_ACCESS_VIOLATION (0xc0000005) at pc=0x000002136eef10ad]

Native frames: (J=compiled Java code, j=interpreted, Vv=VM code, C=native code)
V  [jvm.dll+0x62ae9a]
V  [jvm.dll+0x7817a9]
V  [jvm.dll+0x782f03]
V  [jvm.dll+0x7834c5]
V  [jvm.dll+0x78347b]
V  [jvm.dll+0x62a2b9]
V  [jvm.dll+0x62aa88]
C  [ntdll.dll+0xa207f]
C  [ntdll.dll+0x51454]
C  [ntdll.dll+0xa0bae]
C  0x000002136eef10ad

VM_Operation (0x000000c0296fb450): G1TryInitiateConcMark, mode: safepoint, requested by thread 0x000002130bfe16e0


---------------  P R O C E S S  ---------------

Threads class SMR info:
_java_thread_list=0x000002130cefafa0, length=19, elements={
0x00000213654d5c50, 0x000002130abd2d10, 0x000002130abd37f0, 0x000002130abde9f0,
0x000002130b3ee3a0, 0x000002130b3efc70, 0x000002130b3f30d0, 0x000002130b400b50,
0x000002130b40b060, 0x000002130b504880, 0x000002130ba6d580, 0x000002130bd4b630,
0x000002130bfef5d0, 0x000002130bfe16e0, 0x000002130c6d5da0, 0x000002130ca57c30,
0x000002130bdbe220, 0x000002130d08d9b0, 0x00000213120ed9a0
}

Java Threads: ( => current thread )
  0x00000213654d5c50 JavaThread "main" [_thread_blocked, id=15924, stack(0x000000c028000000,0x000000c028100000)]
  0x000002130abd2d10 JavaThread "Reference Handler" daemon [_thread_blocked, id=14944, stack(0x000000c028700000,0x000000c028800000)]
  0x000002130abd37f0 JavaThread "Finalizer" daemon [_thread_blocked, id=1848, stack(0x000000c028800000,0x000000c028900000)]
  0x000002130abde9f0 JavaThread "Signal Dispatcher" daemon [_thread_blocked, id=15828, stack(0x000000c028900000,0x000000c028a00000)]
  0x000002130b3ee3a0 JavaThread "Attach Listener" daemon [_thread_blocked, id=19140, stack(0x000000c028a00000,0x000000c028b00000)]
  0x000002130b3efc70 JavaThread "Service Thread" daemon [_thread_blocked, id=22316, stack(0x000000c028b00000,0x000000c028c00000)]
  0x000002130b3f30d0 JavaThread "C2 CompilerThread0" daemon [_thread_in_native, id=19496, stack(0x000000c028c00000,0x000000c028d00000)]
  0x000002130b400b50 JavaThread "C1 CompilerThread0" daemon [_thread_blocked, id=5408, stack(0x000000c028d00000,0x000000c028e00000)]
  0x000002130b40b060 JavaThread "Sweeper thread" daemon [_thread_blocked, id=19028, stack(0x000000c028e00000,0x000000c028f00000)]
  0x000002130b504880 JavaThread "Common-Cleaner" daemon [_thread_blocked, id=19348, stack(0x000000c028f00000,0x000000c029000000)]
  0x000002130ba6d580 JavaThread "Notification Thread" daemon [_thread_blocked, id=8172, stack(0x000000c029200000,0x000000c029300000)]
  0x000002130bd4b630 JavaThread "QuantumRenderer-0" daemon [_thread_blocked, id=21676, stack(0x000000c029400000,0x000000c029500000)]
  0x000002130bfef5d0 JavaThread "InvokeLaterDispatcher" daemon [_thread_blocked, id=11648, stack(0x000000c029500000,0x000000c029600000)]
  0x000002130bfe16e0 JavaThread "JavaFX Application Thread" [_thread_blocked, id=18956, stack(0x000000c029600000,0x000000c029700000)]
  0x000002130c6d5da0 JavaThread "JavaFX-Launcher" [_thread_blocked, id=15952, stack(0x000000c029a00000,0x000000c029b00000)]
  0x000002130ca57c30 JavaThread "Thread-2" daemon [_thread_blocked, id=792, stack(0x000000c029100000,0x000000c029200000)]
  0x000002130bdbe220 JavaThread "Thread-3" [_thread_in_native, id=8272, stack(0x000000c029b00000,0x000000c029c00000)]
  0x000002130d08d9b0 JavaThread "Prism Font Disposer" daemon [_thread_blocked, id=4040, stack(0x000000c029000000,0x000000c029100000)]
  0x00000213120ed9a0 JavaThread "Cleaner-0" daemon [_thread_blocked, id=21440, stack(0x000000c02a800000,0x000000c02a900000)]

Other Threads:
=>0x000002130abd1580 VMThread "VM Thread" [stack: 0x000000c028600000,0x000000c028700000] [id=8912]
  0x00000213654d6d80 WatcherThread [stack: 0x000000c029300000,0x000000c029400000] [id=8644]
  0x0000021365526420 GCTaskThread "GC Thread#0" [stack: 0x000000c028100000,0x000000c028200000] [id=2480]
  0x000002130b7c0130 GCTaskThread "GC Thread#1" [stack: 0x000000c029c00000,0x000000c029d00000] [id=15116]
  0x000002130b7c0ac0 GCTaskThread "GC Thread#2" [stack: 0x000000c029d00000,0x000000c029e00000] [id=8032]
  0x000002130b7c2770 GCTaskThread "GC Thread#3" [stack: 0x000000c029e00000,0x000000c029f00000] [id=19808]
  0x000002130c1ff300 GCTaskThread "GC Thread#4" [stack: 0x000000c029f00000,0x000000c02a000000] [id=20412]
  0x000002130c1feca0 GCTaskThread "GC Thread#5" [stack: 0x000000c02a000000,0x000000c02a100000] [id=9888]
  0x000002130c1fcff0 GCTaskThread "GC Thread#6" [stack: 0x000000c02a100000,0x000000c02a200000] [id=13816]
  0x000002130c1fc330 GCTaskThread "GC Thread#7" [stack: 0x000000c02a200000,0x000000c02a300000] [id=21952]
  0x0000021365538980 ConcurrentGCThread "G1 Main Marker" [stack: 0x000000c028200000,0x000000c028300000] [id=16404]
  0x0000021365539480 ConcurrentGCThread "G1 Conc#0" [stack: 0x000000c028300000,0x000000c028400000] [id=18516]
  0x00000213122b7230 ConcurrentGCThread "G1 Conc#1" [stack: 0x000000c02a600000,0x000000c02a700000] [id=17944]
  0x000002130aa440d0 ConcurrentGCThread "G1 Refine#0" [stack: 0x000000c028400000,0x000000c028500000] [id=3276]
  0x000002130aa44980 ConcurrentGCThread "G1 Young RemSet Sampling" [stack: 0x000000c028500000,0x000000c028600000] [id=17580]

Threads with active compile tasks:
C2 CompilerThread0     3954 2959       4       com.sun.org.apache.xerces.internal.impl.XMLEntityScanner::scanQName (502 bytes)

VM state: at safepoint (normal execution)

VM Mutex/Monitor currently owned by a thread:  ([mutex/lock_event])
[0x00000213654d1960] Threads_lock - owner thread: 0x000002130abd1580
[0x00000213654d2a40] Heap_lock - owner thread: 0x000002130bfe16e0

Heap address: 0x0000000702a00000, size: 4054 MB, Compressed Oops mode: Zero based, Oop shift amount: 3
CDS archive(s) mapped at: [0x0000000800000000-0x0000000800b50000-0x0000000800b50000), size 11862016, SharedBaseAddress: 0x0000000800000000, ArchiveRelocationMode: 0.
Compressed class space mapped at: 0x0000000800b50000-0x0000000840b50000, size: 1073741824
Narrow klass base: 0x0000000800000000, Narrow klass shift: 3, Narrow klass range: 0x100000000

GC Precious Log:
 CPUs: 8 total, 8 available
 Memory: 16211M
 Large Page Support: Disabled
 NUMA Support: Disabled
 Compressed Oops: Enabled (Zero based)
 Heap Region Size: 2M
 Heap Min Capacity: 8M
 Heap Initial Capacity: 254M
 Heap Max Capacity: 4054M
 Pre-touch: Disabled
 Parallel Workers: 8
 Concurrent Workers: 2
 Concurrent Refinement Workers: 8
 Periodic GC: Disabled

Heap:
 garbage-first heap   total 1105920K, used 318599K [0x0000000702a00000, 0x0000000800000000)
  region size 2048K, 1 young (2048K), 1 survivors (2048K)
 Metaspace       used 18462K, capacity 18789K, committed 18944K, reserved 1064960K
  class space    used 2615K, capacity 2720K, committed 2816K, reserved 1048576K

Heap Regions: E=young(eden), S=young(survivor), O=old, HS=humongous(starts), HC=humongous(continues), CS=collection set, F=free, OA=open archive, CA=closed archive, TAMS=top-at-mark-start (previous, next)
|   0|0x0000000702a00000, 0x0000000702c00000, 0x0000000702c00000|100%| O|  |TAMS 0x0000000702c00000, 0x0000000702c00000| Untracked 
|   1|0x0000000702c00000, 0x0000000702e00000, 0x0000000702e00000|100%|HS|  |TAMS 0x0000000702e00000, 0x0000000702e00000| Complete 
|   2|0x0000000702e00000, 0x0000000703000000, 0x0000000703000000|100%|HC|  |TAMS 0x0000000703000000, 0x0000000703000000| Complete 
|   3|0x0000000703000000, 0x0000000703200000, 0x0000000703200000|100%|HC|  |TAMS 0x0000000703200000, 0x0000000703200000| Complete 
|   4|0x0000000703200000, 0x0000000703400000, 0x0000000703400000|100%|HC|  |TAMS 0x0000000703400000, 0x0000000703400000| Complete 
|   5|0x0000000703400000, 0x0000000703600000, 0x0000000703600000|100%|HC|  |TAMS 0x0000000703600000, 0x0000000703600000| Complete 
|   6|0x0000000703600000, 0x0000000703800000, 0x0000000703800000|100%|HC|  |TAMS 0x0000000703800000, 0x0000000703800000| Complete 
|   7|0x0000000703800000, 0x0000000703a00000, 0x0000000703a00000|100%|HC|  |TAMS 0x0000000703a00000, 0x0000000703a00000| Complete 
|   8|0x0000000703a00000, 0x0000000703c00000, 0x0000000703c00000|100%|HC|  |TAMS 0x0000000703c00000, 0x0000000703c00000| Complete 
|   9|0x0000000703c00000, 0x0000000703e00000, 0x0000000703e00000|100%|HC|  |TAMS 0x0000000703e00000, 0x0000000703e00000| Complete 
|  10|0x0000000703e00000, 0x0000000704000000, 0x0000000704000000|100%|HC|  |TAMS 0x0000000704000000, 0x0000000704000000| Complete 
|  11|0x0000000704000000, 0x0000000704200000, 0x0000000704200000|100%|HC|  |TAMS 0x0000000704200000, 0x0000000704200000| Complete 
|  12|0x0000000704200000, 0x0000000704400000, 0x0000000704400000|100%|HS|  |TAMS 0x0000000704400000, 0x0000000704400000| Complete 
|  13|0x0000000704400000, 0x0000000704600000, 0x0000000704600000|100%|HC|  |TAMS 0x0000000704600000, 0x0000000704600000| Complete 
|  14|0x0000000704600000, 0x0000000704800000, 0x0000000704800000|100%|HS|  |TAMS 0x0000000704800000, 0x0000000704800000| Complete 
|  15|0x0000000704800000, 0x0000000704a00000, 0x0000000704a00000|100%|HS|  |TAMS 0x0000000704a00000, 0x0000000704a00000| Complete 
|  16|0x0000000704a00000, 0x0000000704c00000, 0x0000000704c00000|100%|HC|  |TAMS 0x0000000704c00000, 0x0000000704c00000| Complete 
|  17|0x0000000704c00000, 0x0000000704e00000, 0x0000000704e00000|100%|HS|  |TAMS 0x0000000704e00000, 0x0000000704e00000| Complete 
|  18|0x0000000704e00000, 0x0000000705000000, 0x0000000705000000|100%|HC|  |TAMS 0x0000000705000000, 0x0000000705000000| Complete 
|  19|0x0000000705000000, 0x0000000705200000, 0x0000000705200000|100%|HS|  |TAMS 0x0000000705200000, 0x0000000705200000| Complete 
|  20|0x0000000705200000, 0x0000000705400000, 0x0000000705400000|100%|HC|  |TAMS 0x0000000705400000, 0x0000000705400000| Complete 
|  21|0x0000000705400000, 0x0000000705600000, 0x0000000705600000|100%|HS|  |TAMS 0x0000000705600000, 0x0000000705600000| Complete 
|  22|0x0000000705600000, 0x0000000705800000, 0x0000000705800000|100%|HC|  |TAMS 0x0000000705800000, 0x0000000705800000| Complete 
|  23|0x0000000705800000, 0x0000000705a00000, 0x0000000705a00000|100%|HC|  |TAMS 0x0000000705a00000, 0x0000000705a00000| Complete 
|  24|0x0000000705a00000, 0x0000000705c00000, 0x0000000705c00000|100%|HC|  |TAMS 0x0000000705c00000, 0x0000000705c00000| Complete 
|  25|0x0000000705c00000, 0x0000000705e00000, 0x0000000705e00000|100%|HC|  |TAMS 0x0000000705e00000, 0x0000000705e00000| Complete 
|  26|0x0000000705e00000, 0x0000000706000000, 0x0000000706000000|100%|HC|  |TAMS 0x0000000706000000, 0x0000000706000000| Complete 
|  27|0x0000000706000000, 0x0000000706200000, 0x0000000706200000|100%|HC|  |TAMS 0x0000000706200000, 0x0000000706200000| Complete 
|  28|0x0000000706200000, 0x0000000706400000, 0x0000000706400000|100%|HC|  |TAMS 0x0000000706400000, 0x0000000706400000| Complete 
|  29|0x0000000706400000, 0x0000000706600000, 0x0000000706600000|100%|HC|  |TAMS 0x0000000706600000, 0x0000000706600000| Complete 
|  30|0x0000000706600000, 0x0000000706800000, 0x0000000706800000|100%|HC|  |TAMS 0x0000000706800000, 0x0000000706800000| Complete 
|  31|0x0000000706800000, 0x0000000706a00000, 0x0000000706a00000|100%|HC|  |TAMS 0x0000000706a00000, 0x0000000706a00000| Complete 
|  32|0x0000000706a00000, 0x0000000706c00000, 0x0000000706c00000|100%|HC|  |TAMS 0x0000000706c00000, 0x0000000706c00000| Complete 
|  33|0x0000000706c00000, 0x0000000706e00000, 0x0000000706e00000|100%|HC|  |TAMS 0x0000000706e00000, 0x0000000706e00000| Complete 
|  34|0x0000000706e00000, 0x0000000707000000, 0x0000000707000000|100%|HC|  |TAMS 0x0000000707000000, 0x0000000707000000| Complete 
|  35|0x0000000707000000, 0x0000000707200000, 0x0000000707200000|100%|HC|  |TAMS 0x0000000707200000, 0x0000000707200000| Complete 
|  36|0x0000000707200000, 0x0000000707400000, 0x0000000707400000|100%|HC|  |TAMS 0x0000000707400000, 0x0000000707400000| Complete 
|  37|0x0000000707400000, 0x0000000707600000, 0x0000000707600000|100%|HC|  |TAMS 0x0000000707600000, 0x0000000707600000| Complete 
|  38|0x0000000707600000, 0x0000000707800000, 0x0000000707800000|100%|HC|  |TAMS 0x0000000707800000, 0x0000000707800000| Complete 
|  39|0x0000000707800000, 0x0000000707a00000, 0x0000000707a00000|100%|HC|  |TAMS 0x0000000707a00000, 0x0000000707a00000| Complete 
|  40|0x0000000707a00000, 0x0000000707c00000, 0x0000000707c00000|100%|HS|  |TAMS 0x0000000707c00000, 0x0000000707c00000| Complete 
|  41|0x0000000707c00000, 0x0000000707e00000, 0x0000000707e00000|100%|HC|  |TAMS 0x0000000707e00000, 0x0000000707e00000| Complete 
|  42|0x0000000707e00000, 0x0000000708000000, 0x0000000708000000|100%| O|  |TAMS 0x0000000708000000, 0x0000000708000000| Untracked 
|  43|0x0000000708000000, 0x0000000708200000, 0x0000000708200000|100%| O|  |TAMS 0x0000000708200000, 0x0000000708200000| Untracked 
|  44|0x0000000708200000, 0x0000000708400000, 0x0000000708400000|100%|HS|  |TAMS 0x0000000708400000, 0x0000000708400000| Complete 
|  45|0x0000000708400000, 0x0000000708600000, 0x0000000708600000|100%|HC|  |TAMS 0x0000000708600000, 0x0000000708600000| Complete 
|  46|0x0000000708600000, 0x0000000708800000, 0x0000000708800000|100%|HC|  |TAMS 0x0000000708800000, 0x0000000708800000| Complete 
|  47|0x0000000708800000, 0x0000000708a00000, 0x0000000708a00000|100%|HC|  |TAMS 0x0000000708a00000, 0x0000000708a00000| Complete 
|  48|0x0000000708a00000, 0x0000000708c00000, 0x0000000708c00000|100%|HC|  |TAMS 0x0000000708c00000, 0x0000000708c00000| Complete 
|  49|0x0000000708c00000, 0x0000000708e00000, 0x0000000708e00000|100%|HC|  |TAMS 0x0000000708e00000, 0x0000000708e00000| Complete 
|  50|0x0000000708e00000, 0x0000000709000000, 0x0000000709000000|100%|HC|  |TAMS 0x0000000709000000, 0x0000000709000000| Complete 
|  51|0x0000000709000000, 0x0000000709200000, 0x0000000709200000|100%|HC|  |TAMS 0x0000000709200000, 0x0000000709200000| Complete 
|  52|0x0000000709200000, 0x0000000709400000, 0x0000000709400000|100%|HC|  |TAMS 0x0000000709400000, 0x0000000709400000| Complete 
|  53|0x0000000709400000, 0x0000000709600000, 0x0000000709600000|100%|HC|  |TAMS 0x0000000709600000, 0x0000000709600000| Complete 
|  54|0x0000000709600000, 0x0000000709800000, 0x0000000709800000|100%|HC|  |TAMS 0x0000000709800000, 0x0000000709800000| Complete 
|  55|0x0000000709800000, 0x0000000709a00000, 0x0000000709a00000|100%|HS|  |TAMS 0x0000000709a00000, 0x0000000709a00000| Complete 
|  56|0x0000000709a00000, 0x0000000709c00000, 0x0000000709c00000|100%|HS|  |TAMS 0x0000000709c00000, 0x0000000709c00000| Complete 
|  57|0x0000000709c00000, 0x0000000709e00000, 0x0000000709e00000|100%| O|  |TAMS 0x0000000709e00000, 0x0000000709e00000| Untracked 
|  58|0x0000000709e00000, 0x000000070a000000, 0x000000070a000000|100%| O|  |TAMS 0x000000070a000000, 0x000000070a000000| Untracked 
|  59|0x000000070a000000, 0x000000070a200000, 0x000000070a200000|100%| O|  |TAMS 0x000000070a200000, 0x000000070a200000| Untracked 
|  60|0x000000070a200000, 0x000000070a400000, 0x000000070a400000|100%|HS|  |TAMS 0x000000070a400000, 0x000000070a400000| Complete 
|  61|0x000000070a400000, 0x000000070a600000, 0x000000070a600000|100%|HS|  |TAMS 0x000000070a600000, 0x000000070a600000| Complete 
|  62|0x000000070a600000, 0x000000070a800000, 0x000000070a800000|100%| O|  |TAMS 0x000000070a800000, 0x000000070a800000| Untracked 
|  63|0x000000070a800000, 0x000000070a8a4c00, 0x000000070aa00000| 32%| O|  |TAMS 0x000000070a8a4c00, 0x000000070a8a4c00| Untracked 
|  64|0x000000070aa00000, 0x000000070ac00000, 0x000000070ac00000|100%|HS|  |TAMS 0x000000070ac00000, 0x000000070ac00000| Complete 
|  65|0x000000070ac00000, 0x000000070ae00000, 0x000000070ae00000|100%|HS|  |TAMS 0x000000070ae00000, 0x000000070ae00000| Complete 
|  66|0x000000070ae00000, 0x000000070b000000, 0x000000070b000000|100%|HS|  |TAMS 0x000000070b000000, 0x000000070b000000| Complete 
|  67|0x000000070b000000, 0x000000070b200000, 0x000000070b200000|100%|HS|  |TAMS 0x000000070b200000, 0x000000070b200000| Complete 
|  68|0x000000070b200000, 0x000000070b400000, 0x000000070b400000|100%|HS|  |TAMS 0x000000070b400000, 0x000000070b400000| Complete 
|  69|0x000000070b400000, 0x000000070b600000, 0x000000070b600000|100%|HS|  |TAMS 0x000000070b600000, 0x000000070b600000| Complete 
|  70|0x000000070b600000, 0x000000070b800000, 0x000000070b800000|100%|HS|  |TAMS 0x000000070b800000, 0x000000070b800000| Complete 
|  71|0x000000070b800000, 0x000000070ba00000, 0x000000070ba00000|100%|HS|  |TAMS 0x000000070ba00000, 0x000000070ba00000| Complete 
|  72|0x000000070ba00000, 0x000000070bc00000, 0x000000070bc00000|100%|HS|  |TAMS 0x000000070bc00000, 0x000000070bc00000| Complete 
|  73|0x000000070bc00000, 0x000000070be00000, 0x000000070be00000|100%|HS|  |TAMS 0x000000070be00000, 0x000000070be00000| Complete 
|  74|0x000000070be00000, 0x000000070c000000, 0x000000070c000000|100%|HS|  |TAMS 0x000000070c000000, 0x000000070c000000| Complete 
|  75|0x000000070c000000, 0x000000070c200000, 0x000000070c200000|100%|HS|  |TAMS 0x000000070c200000, 0x000000070c200000| Complete 
|  76|0x000000070c200000, 0x000000070c400000, 0x000000070c400000|100%|HS|  |TAMS 0x000000070c400000, 0x000000070c400000| Complete 
|  77|0x000000070c400000, 0x000000070c600000, 0x000000070c600000|100%|HS|  |TAMS 0x000000070c600000, 0x000000070c600000| Complete 
|  78|0x000000070c600000, 0x000000070c800000, 0x000000070c800000|100%|HS|  |TAMS 0x000000070c800000, 0x000000070c800000| Complete 
|  79|0x000000070c800000, 0x000000070ca00000, 0x000000070ca00000|100%|HS|  |TAMS 0x000000070ca00000, 0x000000070ca00000| Complete 
|  80|0x000000070ca00000, 0x000000070cc00000, 0x000000070cc00000|100%|HS|  |TAMS 0x000000070cc00000, 0x000000070cc00000| Complete 
|  81|0x000000070cc00000, 0x000000070ce00000, 0x000000070ce00000|100%|HS|  |TAMS 0x000000070ce00000, 0x000000070ce00000| Complete 
|  82|0x000000070ce00000, 0x000000070d000000, 0x000000070d000000|100%|HS|  |TAMS 0x000000070d000000, 0x000000070d000000| Complete 
|  83|0x000000070d000000, 0x000000070d200000, 0x000000070d200000|100%|HS|  |TAMS 0x000000070d200000, 0x000000070d200000| Complete 
|  84|0x000000070d200000, 0x000000070d400000, 0x000000070d400000|100%|HS|  |TAMS 0x000000070d400000, 0x000000070d400000| Complete 
|  85|0x000000070d400000, 0x000000070d600000, 0x000000070d600000|100%|HS|  |TAMS 0x000000070d600000, 0x000000070d600000| Complete 
|  86|0x000000070d600000, 0x000000070d800000, 0x000000070d800000|100%|HS|  |TAMS 0x000000070d800000, 0x000000070d800000| Complete 
|  87|0x000000070d800000, 0x000000070da00000, 0x000000070da00000|100%|HS|  |TAMS 0x000000070da00000, 0x000000070da00000| Complete 
|  88|0x000000070da00000, 0x000000070dc00000, 0x000000070dc00000|100%|HS|  |TAMS 0x000000070dc00000, 0x000000070dc00000| Complete 
|  89|0x000000070dc00000, 0x000000070de00000, 0x000000070de00000|100%|HS|  |TAMS 0x000000070de00000, 0x000000070de00000| Complete 
|  90|0x000000070de00000, 0x000000070e000000, 0x000000070e000000|100%|HS|  |TAMS 0x000000070e000000, 0x000000070e000000| Complete 
|  91|0x000000070e000000, 0x000000070e200000, 0x000000070e200000|100%|HS|  |TAMS 0x000000070e200000, 0x000000070e200000| Complete 
|  92|0x000000070e200000, 0x000000070e400000, 0x000000070e400000|100%|HS|  |TAMS 0x000000070e400000, 0x000000070e400000| Complete 
|  93|0x000000070e400000, 0x000000070e600000, 0x000000070e600000|100%|HS|  |TAMS 0x000000070e600000, 0x000000070e600000| Complete 
|  94|0x000000070e600000, 0x000000070e800000, 0x000000070e800000|100%|HS|  |TAMS 0x000000070e800000, 0x000000070e800000| Complete 
|  95|0x000000070e800000, 0x000000070ea00000, 0x000000070ea00000|100%|HS|  |TAMS 0x000000070ea00000, 0x000000070ea00000| Complete 
|  96|0x000000070ea00000, 0x000000070ec00000, 0x000000070ec00000|100%|HS|  |TAMS 0x000000070ec00000, 0x000000070ec00000| Complete 
|  97|0x000000070ec00000, 0x000000070ee00000, 0x000000070ee00000|100%|HS|  |TAMS 0x000000070ee00000, 0x000000070ee00000| Complete 
|  98|0x000000070ee00000, 0x000000070f000000, 0x000000070f000000|100%|HS|  |TAMS 0x000000070f000000, 0x000000070f000000| Complete 
|  99|0x000000070f000000, 0x000000070f200000, 0x000000070f200000|100%|HS|  |TAMS 0x000000070f200000, 0x000000070f200000| Complete 
| 100|0x000000070f200000, 0x000000070f400000, 0x000000070f400000|100%|HS|  |TAMS 0x000000070f400000, 0x000000070f400000| Complete 
| 101|0x000000070f400000, 0x000000070f600000, 0x000000070f600000|100%|HS|  |TAMS 0x000000070f600000, 0x000000070f600000| Complete 
| 102|0x000000070f600000, 0x000000070f800000, 0x000000070f800000|100%|HS|  |TAMS 0x000000070f800000, 0x000000070f800000| Complete 
| 103|0x000000070f800000, 0x000000070fa00000, 0x000000070fa00000|100%|HS|  |TAMS 0x000000070fa00000, 0x000000070fa00000| Complete 
| 104|0x000000070fa00000, 0x000000070fc00000, 0x000000070fc00000|100%|HS|  |TAMS 0x000000070fc00000, 0x000000070fc00000| Complete 
| 105|0x000000070fc00000, 0x000000070fe00000, 0x000000070fe00000|100%|HS|  |TAMS 0x000000070fe00000, 0x000000070fe00000| Complete 
| 106|0x000000070fe00000, 0x0000000710000000, 0x0000000710000000|100%|HS|  |TAMS 0x0000000710000000, 0x0000000710000000| Complete 
| 107|0x0000000710000000, 0x0000000710200000, 0x0000000710200000|100%|HS|  |TAMS 0x0000000710200000, 0x0000000710200000| Complete 
| 108|0x0000000710200000, 0x0000000710400000, 0x0000000710400000|100%|HS|  |TAMS 0x0000000710400000, 0x0000000710400000| Complete 
| 109|0x0000000710400000, 0x0000000710600000, 0x0000000710600000|100%|HS|  |TAMS 0x0000000710600000, 0x0000000710600000| Complete 
| 110|0x0000000710600000, 0x0000000710800000, 0x0000000710800000|100%|HS|  |TAMS 0x0000000710800000, 0x0000000710800000| Complete 
| 111|0x0000000710800000, 0x0000000710a00000, 0x0000000710a00000|100%|HS|  |TAMS 0x0000000710a00000, 0x0000000710a00000| Complete 
| 112|0x0000000710a00000, 0x0000000710c00000, 0x0000000710c00000|100%|HS|  |TAMS 0x0000000710c00000, 0x0000000710c00000| Complete 
| 113|0x0000000710c00000, 0x0000000710e00000, 0x0000000710e00000|100%|HS|  |TAMS 0x0000000710e00000, 0x0000000710e00000| Complete 
| 114|0x0000000710e00000, 0x0000000711000000, 0x0000000711000000|100%|HS|  |TAMS 0x0000000711000000, 0x0000000711000000| Complete 
| 115|0x0000000711000000, 0x0000000711200000, 0x0000000711200000|100%|HS|  |TAMS 0x0000000711200000, 0x0000000711200000| Complete 
| 116|0x0000000711200000, 0x0000000711400000, 0x0000000711400000|100%|HS|  |TAMS 0x0000000711400000, 0x0000000711400000| Complete 
| 117|0x0000000711400000, 0x0000000711600000, 0x0000000711600000|100%|HS|  |TAMS 0x0000000711600000, 0x0000000711600000| Complete 
| 118|0x0000000711600000, 0x0000000711800000, 0x0000000711800000|100%|HS|  |TAMS 0x0000000711800000, 0x0000000711800000| Complete 
| 119|0x0000000711800000, 0x0000000711a00000, 0x0000000711a00000|100%|HS|  |TAMS 0x0000000711a00000, 0x0000000711a00000| Complete 
| 120|0x0000000711a00000, 0x0000000711c00000, 0x0000000711c00000|100%|HS|  |TAMS 0x0000000711c00000, 0x0000000711c00000| Complete 
| 121|0x0000000711c00000, 0x0000000711e00000, 0x0000000711e00000|100%|HS|  |TAMS 0x0000000711e00000, 0x0000000711e00000| Complete 
| 122|0x0000000711e00000, 0x0000000712000000, 0x0000000712000000|100%|HS|  |TAMS 0x0000000712000000, 0x0000000712000000| Complete 
| 123|0x0000000712000000, 0x0000000712200000, 0x0000000712200000|100%|HS|  |TAMS 0x0000000712200000, 0x0000000712200000| Complete 
| 124|0x0000000712200000, 0x0000000712400000, 0x0000000712400000|100%|HS|  |TAMS 0x0000000712400000, 0x0000000712400000| Complete 
| 125|0x0000000712400000, 0x0000000712600000, 0x0000000712600000|100%|HS|  |TAMS 0x0000000712600000, 0x0000000712600000| Complete 
| 126|0x0000000712600000, 0x0000000712800000, 0x0000000712800000|100%|HS|  |TAMS 0x0000000712800000, 0x0000000712800000| Complete 
| 127|0x0000000712800000, 0x0000000712a00000, 0x0000000712a00000|100%|HS|  |TAMS 0x0000000712a00000, 0x0000000712a00000| Complete 
| 128|0x0000000712a00000, 0x0000000712c00000, 0x0000000712c00000|100%|HS|  |TAMS 0x0000000712c00000, 0x0000000712c00000| Complete 
| 129|0x0000000712c00000, 0x0000000712e00000, 0x0000000712e00000|100%|HS|  |TAMS 0x0000000712e00000, 0x0000000712e00000| Complete 
| 130|0x0000000712e00000, 0x0000000713000000, 0x0000000713000000|100%|HS|  |TAMS 0x0000000713000000, 0x0000000713000000| Complete 
| 131|0x0000000713000000, 0x0000000713200000, 0x0000000713200000|100%|HS|  |TAMS 0x0000000713200000, 0x0000000713200000| Complete 
| 132|0x0000000713200000, 0x0000000713400000, 0x0000000713400000|100%|HS|  |TAMS 0x0000000713400000, 0x0000000713400000| Complete 
| 133|0x0000000713400000, 0x0000000713600000, 0x0000000713600000|100%|HS|  |TAMS 0x0000000713600000, 0x0000000713600000| Complete 
| 134|0x0000000713600000, 0x0000000713800000, 0x0000000713800000|100%|HS|  |TAMS 0x0000000713800000, 0x0000000713800000| Complete 
| 135|0x0000000713800000, 0x0000000713a00000, 0x0000000713a00000|100%|HS|  |TAMS 0x0000000713a00000, 0x0000000713a00000| Complete 
| 136|0x0000000713a00000, 0x0000000713c00000, 0x0000000713c00000|100%|HS|  |TAMS 0x0000000713c00000, 0x0000000713c00000| Complete 
| 137|0x0000000713c00000, 0x0000000713e00000, 0x0000000713e00000|100%|HS|  |TAMS 0x0000000713e00000, 0x0000000713e00000| Complete 
| 138|0x0000000713e00000, 0x0000000714000000, 0x0000000714000000|100%|HS|  |TAMS 0x0000000714000000, 0x0000000714000000| Complete 
| 139|0x0000000714000000, 0x0000000714200000, 0x0000000714200000|100%|HS|  |TAMS 0x0000000714200000, 0x0000000714200000| Complete 
| 140|0x0000000714200000, 0x0000000714400000, 0x0000000714400000|100%|HS|  |TAMS 0x0000000714400000, 0x0000000714400000| Complete 
| 141|0x0000000714400000, 0x0000000714600000, 0x0000000714600000|100%|HS|  |TAMS 0x0000000714600000, 0x0000000714600000| Complete 
| 142|0x0000000714600000, 0x0000000714800000, 0x0000000714800000|100%|HS|  |TAMS 0x0000000714800000, 0x0000000714800000| Complete 
| 143|0x0000000714800000, 0x0000000714a00000, 0x0000000714a00000|100%|HS|  |TAMS 0x0000000714a00000, 0x0000000714a00000| Complete 
| 144|0x0000000714a00000, 0x0000000714c00000, 0x0000000714c00000|100%|HS|  |TAMS 0x0000000714c00000, 0x0000000714c00000| Complete 
| 145|0x0000000714c00000, 0x0000000714e00000, 0x0000000714e00000|100%|HS|  |TAMS 0x0000000714e00000, 0x0000000714e00000| Complete 
| 146|0x0000000714e00000, 0x0000000715000000, 0x0000000715000000|100%| O|  |TAMS 0x0000000715000000, 0x0000000715000000| Untracked 
| 147|0x0000000715000000, 0x0000000715200000, 0x0000000715200000|100%| O|  |TAMS 0x0000000715200000, 0x0000000715200000| Untracked 
| 148|0x0000000715200000, 0x000000071539dc00, 0x0000000715400000| 80%| O|  |TAMS 0x000000071538f600, 0x0000000715396800| Untracked 
| 149|0x0000000715400000, 0x0000000715600000, 0x0000000715600000|100%|HS|  |TAMS 0x0000000715600000, 0x0000000715600000| Complete 
| 150|0x0000000715600000, 0x0000000715800000, 0x0000000715800000|100%|HS|  |TAMS 0x0000000715800000, 0x0000000715800000| Complete 
| 151|0x0000000715800000, 0x0000000715a00000, 0x0000000715a00000|100%|HS|  |TAMS 0x0000000715a00000, 0x0000000715a00000| Complete 
| 152|0x0000000715a00000, 0x0000000715c00000, 0x0000000715c00000|100%|HS|  |TAMS 0x0000000715a00000, 0x0000000715c00000| Complete 
| 153|0x0000000715c00000, 0x0000000715e00000, 0x0000000715e00000|100%|HS|  |TAMS 0x0000000715c00000, 0x0000000715e00000| Complete 
| 154|0x0000000715e00000, 0x0000000716000000, 0x0000000716000000|100%|HS|  |TAMS 0x0000000715e00000, 0x0000000716000000| Complete 
| 155|0x0000000716000000, 0x0000000716200000, 0x0000000716200000|100%|HS|  |TAMS 0x0000000716000000, 0x0000000716200000| Complete 
| 156|0x0000000716200000, 0x0000000716200000, 0x0000000716400000|  0%| F|  |TAMS 0x0000000716200000, 0x0000000716200000| Untracked 
| 157|0x0000000716400000, 0x0000000716400000, 0x0000000716600000|  0%| F|  |TAMS 0x0000000716400000, 0x0000000716400000| Untracked 
| 158|0x0000000716600000, 0x0000000716600000, 0x0000000716800000|  0%| F|  |TAMS 0x0000000716600000, 0x0000000716600000| Untracked 
| 159|0x0000000716800000, 0x0000000716800000, 0x0000000716a00000|  0%| F|  |TAMS 0x0000000716800000, 0x0000000716800000| Untracked 
| 160|0x0000000716a00000, 0x0000000716a00000, 0x0000000716c00000|  0%| F|  |TAMS 0x0000000716a00000, 0x0000000716a00000| Untracked 
| 161|0x0000000716c00000, 0x0000000716c00000, 0x0000000716e00000|  0%| F|  |TAMS 0x0000000716c00000, 0x0000000716c00000| Untracked 
| 162|0x0000000716e00000, 0x0000000716e00000, 0x0000000717000000|  0%| F|  |TAMS 0x0000000716e00000, 0x0000000716e00000| Untracked 
| 163|0x0000000717000000, 0x0000000717000000, 0x0000000717200000|  0%| F|  |TAMS 0x0000000717000000, 0x0000000717000000| Untracked 
| 164|0x0000000717200000, 0x0000000717200000, 0x0000000717400000|  0%| F|  |TAMS 0x0000000717200000, 0x0000000717200000| Untracked 
| 165|0x0000000717400000, 0x0000000717400000, 0x0000000717600000|  0%| F|  |TAMS 0x0000000717400000, 0x0000000717400000| Untracked 
| 166|0x0000000717600000, 0x0000000717600000, 0x0000000717800000|  0%| F|  |TAMS 0x0000000717600000, 0x0000000717600000| Untracked 
| 167|0x0000000717800000, 0x0000000717800000, 0x0000000717a00000|  0%| F|  |TAMS 0x0000000717800000, 0x0000000717800000| Untracked 
| 168|0x0000000717a00000, 0x0000000717a00000, 0x0000000717c00000|  0%| F|  |TAMS 0x0000000717a00000, 0x0000000717a00000| Untracked 
| 169|0x0000000717c00000, 0x0000000717c00000, 0x0000000717e00000|  0%| F|  |TAMS 0x0000000717c00000, 0x0000000717c00000| Untracked 
| 170|0x0000000717e00000, 0x0000000717e00000, 0x0000000718000000|  0%| F|  |TAMS 0x0000000717e00000, 0x0000000717e00000| Untracked 
| 171|0x0000000718000000, 0x0000000718000000, 0x0000000718200000|  0%| F|  |TAMS 0x0000000718000000, 0x0000000718000000| Untracked 
| 172|0x0000000718200000, 0x0000000718200000, 0x0000000718400000|  0%| F|  |TAMS 0x0000000718200000, 0x0000000718200000| Untracked 
| 173|0x0000000718400000, 0x0000000718400000, 0x0000000718600000|  0%| F|  |TAMS 0x0000000718400000, 0x0000000718400000| Untracked 
| 174|0x0000000718600000, 0x0000000718600000, 0x0000000718800000|  0%| F|  |TAMS 0x0000000718600000, 0x0000000718600000| Untracked 
| 175|0x0000000718800000, 0x0000000718800000, 0x0000000718a00000|  0%| F|  |TAMS 0x0000000718800000, 0x0000000718800000| Untracked 
| 176|0x0000000718a00000, 0x0000000718a00000, 0x0000000718c00000|  0%| F|  |TAMS 0x0000000718a00000, 0x0000000718a00000| Untracked 
| 177|0x0000000718c00000, 0x0000000718c00000, 0x0000000718e00000|  0%| F|  |TAMS 0x0000000718c00000, 0x0000000718c00000| Untracked 
| 178|0x0000000718e00000, 0x0000000718e00000, 0x0000000719000000|  0%| F|  |TAMS 0x0000000718e00000, 0x0000000718e00000| Untracked 
| 179|0x0000000719000000, 0x0000000719000000, 0x0000000719200000|  0%| F|  |TAMS 0x0000000719000000, 0x0000000719000000| Untracked 
| 180|0x0000000719200000, 0x0000000719200000, 0x0000000719400000|  0%| F|  |TAMS 0x0000000719200000, 0x0000000719200000| Untracked 
| 181|0x0000000719400000, 0x0000000719400000, 0x0000000719600000|  0%| F|  |TAMS 0x0000000719400000, 0x0000000719400000| Untracked 
| 182|0x0000000719600000, 0x0000000719600000, 0x0000000719800000|  0%| F|  |TAMS 0x0000000719600000, 0x0000000719600000| Untracked 
| 183|0x0000000719800000, 0x0000000719800000, 0x0000000719a00000|  0%| F|  |TAMS 0x0000000719800000, 0x0000000719800000| Untracked 
| 184|0x0000000719a00000, 0x0000000719a00000, 0x0000000719c00000|  0%| F|  |TAMS 0x0000000719a00000, 0x0000000719a00000| Untracked 
| 185|0x0000000719c00000, 0x0000000719c00000, 0x0000000719e00000|  0%| F|  |TAMS 0x0000000719c00000, 0x0000000719c00000| Untracked 
| 186|0x0000000719e00000, 0x0000000719e00000, 0x000000071a000000|  0%| F|  |TAMS 0x0000000719e00000, 0x0000000719e00000| Untracked 
| 187|0x000000071a000000, 0x000000071a000000, 0x000000071a200000|  0%| F|  |TAMS 0x000000071a000000, 0x000000071a000000| Untracked 
| 188|0x000000071a200000, 0x000000071a200000, 0x000000071a400000|  0%| F|  |TAMS 0x000000071a200000, 0x000000071a200000| Untracked 
| 189|0x000000071a400000, 0x000000071a400000, 0x000000071a600000|  0%| F|  |TAMS 0x000000071a400000, 0x000000071a400000| Untracked 
| 190|0x000000071a600000, 0x000000071a600000, 0x000000071a800000|  0%| F|  |TAMS 0x000000071a600000, 0x000000071a600000| Untracked 
| 191|0x000000071a800000, 0x000000071a800000, 0x000000071aa00000|  0%| F|  |TAMS 0x000000071a800000, 0x000000071a800000| Untracked 
| 192|0x000000071aa00000, 0x000000071aa00000, 0x000000071ac00000|  0%| F|  |TAMS 0x000000071aa00000, 0x000000071aa00000| Untracked 
| 193|0x000000071ac00000, 0x000000071ac00000, 0x000000071ae00000|  0%| F|  |TAMS 0x000000071ac00000, 0x000000071ac00000| Untracked 
| 194|0x000000071ae00000, 0x000000071ae00000, 0x000000071b000000|  0%| F|  |TAMS 0x000000071ae00000, 0x000000071ae00000| Untracked 
| 195|0x000000071b000000, 0x000000071b000000, 0x000000071b200000|  0%| F|  |TAMS 0x000000071b000000, 0x000000071b000000| Untracked 
| 196|0x000000071b200000, 0x000000071b200000, 0x000000071b400000|  0%| F|  |TAMS 0x000000071b200000, 0x000000071b200000| Untracked 
| 197|0x000000071b400000, 0x000000071b400000, 0x000000071b600000|  0%| F|  |TAMS 0x000000071b400000, 0x000000071b400000| Untracked 
| 198|0x000000071b600000, 0x000000071b600000, 0x000000071b800000|  0%| F|  |TAMS 0x000000071b600000, 0x000000071b600000| Untracked 
| 199|0x000000071b800000, 0x000000071b800000, 0x000000071ba00000|  0%| F|  |TAMS 0x000000071b800000, 0x000000071b800000| Untracked 
| 200|0x000000071ba00000, 0x000000071ba00000, 0x000000071bc00000|  0%| F|  |TAMS 0x000000071ba00000, 0x000000071ba00000| Untracked 
| 201|0x000000071bc00000, 0x000000071bc00000, 0x000000071be00000|  0%| F|  |TAMS 0x000000071bc00000, 0x000000071bc00000| Untracked 
| 202|0x000000071be00000, 0x000000071be00000, 0x000000071c000000|  0%| F|  |TAMS 0x000000071be00000, 0x000000071be00000| Untracked 
| 203|0x000000071c000000, 0x000000071c000000, 0x000000071c200000|  0%| F|  |TAMS 0x000000071c000000, 0x000000071c000000| Untracked 
| 204|0x000000071c200000, 0x000000071c200000, 0x000000071c400000|  0%| F|  |TAMS 0x000000071c200000, 0x000000071c200000| Untracked 
| 205|0x000000071c400000, 0x000000071c400000, 0x000000071c600000|  0%| F|  |TAMS 0x000000071c400000, 0x000000071c400000| Untracked 
| 206|0x000000071c600000, 0x000000071c600000, 0x000000071c800000|  0%| F|  |TAMS 0x000000071c600000, 0x000000071c600000| Untracked 
| 207|0x000000071c800000, 0x000000071c800000, 0x000000071ca00000|  0%| F|  |TAMS 0x000000071c800000, 0x000000071c800000| Untracked 
| 208|0x000000071ca00000, 0x000000071ca00000, 0x000000071cc00000|  0%| F|  |TAMS 0x000000071ca00000, 0x000000071ca00000| Untracked 
| 209|0x000000071cc00000, 0x000000071cc00000, 0x000000071ce00000|  0%| F|  |TAMS 0x000000071cc00000, 0x000000071cc00000| Untracked 
| 210|0x000000071ce00000, 0x000000071ce00000, 0x000000071d000000|  0%| F|  |TAMS 0x000000071ce00000, 0x000000071ce00000| Untracked 
| 211|0x000000071d000000, 0x000000071d000000, 0x000000071d200000|  0%| F|  |TAMS 0x000000071d000000, 0x000000071d000000| Untracked 
| 212|0x000000071d200000, 0x000000071d200000, 0x000000071d400000|  0%| F|  |TAMS 0x000000071d200000, 0x000000071d200000| Untracked 
| 213|0x000000071d400000, 0x000000071d400000, 0x000000071d600000|  0%| F|  |TAMS 0x000000071d400000, 0x000000071d400000| Untracked 
| 214|0x000000071d600000, 0x000000071d600000, 0x000000071d800000|  0%| F|  |TAMS 0x000000071d600000, 0x000000071d600000| Untracked 
| 215|0x000000071d800000, 0x000000071d800000, 0x000000071da00000|  0%| F|  |TAMS 0x000000071d800000, 0x000000071d800000| Untracked 
| 216|0x000000071da00000, 0x000000071da00000, 0x000000071dc00000|  0%| F|  |TAMS 0x000000071da00000, 0x000000071da00000| Untracked 
| 217|0x000000071dc00000, 0x000000071dc00000, 0x000000071de00000|  0%| F|  |TAMS 0x000000071dc00000, 0x000000071dc00000| Untracked 
| 218|0x000000071de00000, 0x000000071de00000, 0x000000071e000000|  0%| F|  |TAMS 0x000000071de00000, 0x000000071de00000| Untracked 
| 219|0x000000071e000000, 0x000000071e000000, 0x000000071e200000|  0%| F|  |TAMS 0x000000071e000000, 0x000000071e000000| Untracked 
| 220|0x000000071e200000, 0x000000071e200000, 0x000000071e400000|  0%| F|  |TAMS 0x000000071e200000, 0x000000071e200000| Untracked 
| 221|0x000000071e400000, 0x000000071e400000, 0x000000071e600000|  0%| F|  |TAMS 0x000000071e400000, 0x000000071e400000| Untracked 
| 222|0x000000071e600000, 0x000000071e600000, 0x000000071e800000|  0%| F|  |TAMS 0x000000071e600000, 0x000000071e600000| Untracked 
| 223|0x000000071e800000, 0x000000071e800000, 0x000000071ea00000|  0%| F|  |TAMS 0x000000071e800000, 0x000000071e800000| Untracked 
| 224|0x000000071ea00000, 0x000000071ea00000, 0x000000071ec00000|  0%| F|  |TAMS 0x000000071ea00000, 0x000000071ea00000| Untracked 
| 225|0x000000071ec00000, 0x000000071ec00000, 0x000000071ee00000|  0%| F|  |TAMS 0x000000071ec00000, 0x000000071ec00000| Untracked 
| 226|0x000000071ee00000, 0x000000071ee00000, 0x000000071f000000|  0%| F|  |TAMS 0x000000071ee00000, 0x000000071ee00000| Untracked 
| 227|0x000000071f000000, 0x000000071f000000, 0x000000071f200000|  0%| F|  |TAMS 0x000000071f000000, 0x000000071f000000| Untracked 
| 228|0x000000071f200000, 0x000000071f200000, 0x000000071f400000|  0%| F|  |TAMS 0x000000071f200000, 0x000000071f200000| Untracked 
| 229|0x000000071f400000, 0x000000071f400000, 0x000000071f600000|  0%| F|  |TAMS 0x000000071f400000, 0x000000071f400000| Untracked 
| 230|0x000000071f600000, 0x000000071f600000, 0x000000071f800000|  0%| F|  |TAMS 0x000000071f600000, 0x000000071f600000| Untracked 
| 231|0x000000071f800000, 0x000000071f800000, 0x000000071fa00000|  0%| F|  |TAMS 0x000000071f800000, 0x000000071f800000| Untracked 
| 232|0x000000071fa00000, 0x000000071fa00000, 0x000000071fc00000|  0%| F|  |TAMS 0x000000071fa00000, 0x000000071fa00000| Untracked 
| 233|0x000000071fc00000, 0x000000071fc00000, 0x000000071fe00000|  0%| F|  |TAMS 0x000000071fc00000, 0x000000071fc00000| Untracked 
| 234|0x000000071fe00000, 0x000000071fe00000, 0x0000000720000000|  0%| F|  |TAMS 0x000000071fe00000, 0x000000071fe00000| Untracked 
| 235|0x0000000720000000, 0x0000000720000000, 0x0000000720200000|  0%| F|  |TAMS 0x0000000720000000, 0x0000000720000000| Untracked 
| 236|0x0000000720200000, 0x0000000720200000, 0x0000000720400000|  0%| F|  |TAMS 0x0000000720200000, 0x0000000720200000| Untracked 
| 237|0x0000000720400000, 0x0000000720400000, 0x0000000720600000|  0%| F|  |TAMS 0x0000000720400000, 0x0000000720400000| Untracked 
| 238|0x0000000720600000, 0x0000000720600000, 0x0000000720800000|  0%| F|  |TAMS 0x0000000720600000, 0x0000000720600000| Untracked 
| 239|0x0000000720800000, 0x0000000720800000, 0x0000000720a00000|  0%| F|  |TAMS 0x0000000720800000, 0x0000000720800000| Untracked 
| 240|0x0000000720a00000, 0x0000000720a00000, 0x0000000720c00000|  0%| F|  |TAMS 0x0000000720a00000, 0x0000000720a00000| Untracked 
| 241|0x0000000720c00000, 0x0000000720c00000, 0x0000000720e00000|  0%| F|  |TAMS 0x0000000720c00000, 0x0000000720c00000| Untracked 
| 242|0x0000000720e00000, 0x0000000720e00000, 0x0000000721000000|  0%| F|  |TAMS 0x0000000720e00000, 0x0000000720e00000| Untracked 
| 243|0x0000000721000000, 0x0000000721000000, 0x0000000721200000|  0%| F|  |TAMS 0x0000000721000000, 0x0000000721000000| Untracked 
| 244|0x0000000721200000, 0x0000000721200000, 0x0000000721400000|  0%| F|  |TAMS 0x0000000721200000, 0x0000000721200000| Untracked 
| 245|0x0000000721400000, 0x0000000721400000, 0x0000000721600000|  0%| F|  |TAMS 0x0000000721400000, 0x0000000721400000| Untracked 
| 246|0x0000000721600000, 0x0000000721600000, 0x0000000721800000|  0%| F|  |TAMS 0x0000000721600000, 0x0000000721600000| Untracked 
| 247|0x0000000721800000, 0x0000000721800000, 0x0000000721a00000|  0%| F|  |TAMS 0x0000000721800000, 0x0000000721800000| Untracked 
| 248|0x0000000721a00000, 0x0000000721a00000, 0x0000000721c00000|  0%| F|  |TAMS 0x0000000721a00000, 0x0000000721a00000| Untracked 
| 249|0x0000000721c00000, 0x0000000721c00000, 0x0000000721e00000|  0%| F|  |TAMS 0x0000000721c00000, 0x0000000721c00000| Untracked 
| 250|0x0000000721e00000, 0x0000000721e00000, 0x0000000722000000|  0%| F|  |TAMS 0x0000000721e00000, 0x0000000721e00000| Untracked 
| 251|0x0000000722000000, 0x0000000722000000, 0x0000000722200000|  0%| F|  |TAMS 0x0000000722000000, 0x0000000722000000| Untracked 
| 252|0x0000000722200000, 0x0000000722200000, 0x0000000722400000|  0%| F|  |TAMS 0x0000000722200000, 0x0000000722200000| Untracked 
| 253|0x0000000722400000, 0x0000000722400000, 0x0000000722600000|  0%| F|  |TAMS 0x0000000722400000, 0x0000000722400000| Untracked 
| 254|0x0000000722600000, 0x0000000722600000, 0x0000000722800000|  0%| F|  |TAMS 0x0000000722600000, 0x0000000722600000| Untracked 
| 255|0x0000000722800000, 0x0000000722800000, 0x0000000722a00000|  0%| F|  |TAMS 0x0000000722800000, 0x0000000722800000| Untracked 
| 256|0x0000000722a00000, 0x0000000722a00000, 0x0000000722c00000|  0%| F|  |TAMS 0x0000000722a00000, 0x0000000722a00000| Untracked 
| 257|0x0000000722c00000, 0x0000000722c00000, 0x0000000722e00000|  0%| F|  |TAMS 0x0000000722c00000, 0x0000000722c00000| Untracked 
| 258|0x0000000722e00000, 0x0000000722e00000, 0x0000000723000000|  0%| F|  |TAMS 0x0000000722e00000, 0x0000000722e00000| Untracked 
| 259|0x0000000723000000, 0x0000000723000000, 0x0000000723200000|  0%| F|  |TAMS 0x0000000723000000, 0x0000000723000000| Untracked 
| 260|0x0000000723200000, 0x0000000723200000, 0x0000000723400000|  0%| F|  |TAMS 0x0000000723200000, 0x0000000723200000| Untracked 
| 261|0x0000000723400000, 0x0000000723400000, 0x0000000723600000|  0%| F|  |TAMS 0x0000000723400000, 0x0000000723400000| Untracked 
| 262|0x0000000723600000, 0x0000000723600000, 0x0000000723800000|  0%| F|  |TAMS 0x0000000723600000, 0x0000000723600000| Untracked 
| 263|0x0000000723800000, 0x0000000723800000, 0x0000000723a00000|  0%| F|  |TAMS 0x0000000723800000, 0x0000000723800000| Untracked 
| 264|0x0000000723a00000, 0x0000000723a00000, 0x0000000723c00000|  0%| F|  |TAMS 0x0000000723a00000, 0x0000000723a00000| Untracked 
| 265|0x0000000723c00000, 0x0000000723c00000, 0x0000000723e00000|  0%| F|  |TAMS 0x0000000723c00000, 0x0000000723c00000| Untracked 
| 266|0x0000000723e00000, 0x0000000723e00000, 0x0000000724000000|  0%| F|  |TAMS 0x0000000723e00000, 0x0000000723e00000| Untracked 
| 267|0x0000000724000000, 0x0000000724000000, 0x0000000724200000|  0%| F|  |TAMS 0x0000000724000000, 0x0000000724000000| Untracked 
| 268|0x0000000724200000, 0x0000000724200000, 0x0000000724400000|  0%| F|  |TAMS 0x0000000724200000, 0x0000000724200000| Untracked 
| 269|0x0000000724400000, 0x0000000724400000, 0x0000000724600000|  0%| F|  |TAMS 0x0000000724400000, 0x0000000724400000| Untracked 
| 270|0x0000000724600000, 0x0000000724600000, 0x0000000724800000|  0%| F|  |TAMS 0x0000000724600000, 0x0000000724600000| Untracked 
| 271|0x0000000724800000, 0x0000000724800000, 0x0000000724a00000|  0%| F|  |TAMS 0x0000000724800000, 0x0000000724800000| Untracked 
| 272|0x0000000724a00000, 0x0000000724a00000, 0x0000000724c00000|  0%| F|  |TAMS 0x0000000724a00000, 0x0000000724a00000| Untracked 
| 273|0x0000000724c00000, 0x0000000724c00000, 0x0000000724e00000|  0%| F|  |TAMS 0x0000000724c00000, 0x0000000724c00000| Untracked 
| 274|0x0000000724e00000, 0x0000000724e00000, 0x0000000725000000|  0%| F|  |TAMS 0x0000000724e00000, 0x0000000724e00000| Untracked 
| 275|0x0000000725000000, 0x0000000725000000, 0x0000000725200000|  0%| F|  |TAMS 0x0000000725000000, 0x0000000725000000| Untracked 
| 276|0x0000000725200000, 0x0000000725200000, 0x0000000725400000|  0%| F|  |TAMS 0x0000000725200000, 0x0000000725200000| Untracked 
| 277|0x0000000725400000, 0x0000000725400000, 0x0000000725600000|  0%| F|  |TAMS 0x0000000725400000, 0x0000000725400000| Untracked 
| 278|0x0000000725600000, 0x0000000725600000, 0x0000000725800000|  0%| F|  |TAMS 0x0000000725600000, 0x0000000725600000| Untracked 
| 279|0x0000000725800000, 0x0000000725800000, 0x0000000725a00000|  0%| F|  |TAMS 0x0000000725800000, 0x0000000725800000| Untracked 
| 280|0x0000000725a00000, 0x0000000725a00000, 0x0000000725c00000|  0%| F|  |TAMS 0x0000000725a00000, 0x0000000725a00000| Untracked 
| 281|0x0000000725c00000, 0x0000000725c00000, 0x0000000725e00000|  0%| F|  |TAMS 0x0000000725c00000, 0x0000000725c00000| Untracked 
| 282|0x0000000725e00000, 0x0000000725e00000, 0x0000000726000000|  0%| F|  |TAMS 0x0000000725e00000, 0x0000000725e00000| Untracked 
| 283|0x0000000726000000, 0x0000000726000000, 0x0000000726200000|  0%| F|  |TAMS 0x0000000726000000, 0x0000000726000000| Untracked 
| 284|0x0000000726200000, 0x0000000726200000, 0x0000000726400000|  0%| F|  |TAMS 0x0000000726200000, 0x0000000726200000| Untracked 
| 285|0x0000000726400000, 0x0000000726400000, 0x0000000726600000|  0%| F|  |TAMS 0x0000000726400000, 0x0000000726400000| Untracked 
| 286|0x0000000726600000, 0x0000000726600000, 0x0000000726800000|  0%| F|  |TAMS 0x0000000726600000, 0x0000000726600000| Untracked 
| 287|0x0000000726800000, 0x0000000726800000, 0x0000000726a00000|  0%| F|  |TAMS 0x0000000726800000, 0x0000000726800000| Untracked 
| 288|0x0000000726a00000, 0x0000000726a00000, 0x0000000726c00000|  0%| F|  |TAMS 0x0000000726a00000, 0x0000000726a00000| Untracked 
| 289|0x0000000726c00000, 0x0000000726c00000, 0x0000000726e00000|  0%| F|  |TAMS 0x0000000726c00000, 0x0000000726c00000| Untracked 
| 290|0x0000000726e00000, 0x0000000726e00000, 0x0000000727000000|  0%| F|  |TAMS 0x0000000726e00000, 0x0000000726e00000| Untracked 
| 291|0x0000000727000000, 0x0000000727000000, 0x0000000727200000|  0%| F|  |TAMS 0x0000000727000000, 0x0000000727000000| Untracked 
| 292|0x0000000727200000, 0x0000000727200000, 0x0000000727400000|  0%| F|  |TAMS 0x0000000727200000, 0x0000000727200000| Untracked 
| 293|0x0000000727400000, 0x0000000727400000, 0x0000000727600000|  0%| F|  |TAMS 0x0000000727400000, 0x0000000727400000| Untracked 
| 294|0x0000000727600000, 0x0000000727600000, 0x0000000727800000|  0%| F|  |TAMS 0x0000000727600000, 0x0000000727600000| Untracked 
| 295|0x0000000727800000, 0x0000000727800000, 0x0000000727a00000|  0%| F|  |TAMS 0x0000000727800000, 0x0000000727800000| Untracked 
| 296|0x0000000727a00000, 0x0000000727a00000, 0x0000000727c00000|  0%| F|  |TAMS 0x0000000727a00000, 0x0000000727a00000| Untracked 
| 297|0x0000000727c00000, 0x0000000727c00000, 0x0000000727e00000|  0%| F|  |TAMS 0x0000000727c00000, 0x0000000727c00000| Untracked 
| 298|0x0000000727e00000, 0x0000000727e00000, 0x0000000728000000|  0%| F|  |TAMS 0x0000000727e00000, 0x0000000727e00000| Untracked 
| 299|0x0000000728000000, 0x0000000728000000, 0x0000000728200000|  0%| F|  |TAMS 0x0000000728000000, 0x0000000728000000| Untracked 
| 300|0x0000000728200000, 0x0000000728200000, 0x0000000728400000|  0%| F|  |TAMS 0x0000000728200000, 0x0000000728200000| Untracked 
| 301|0x0000000728400000, 0x0000000728400000, 0x0000000728600000|  0%| F|  |TAMS 0x0000000728400000, 0x0000000728400000| Untracked 
| 302|0x0000000728600000, 0x0000000728600000, 0x0000000728800000|  0%| F|  |TAMS 0x0000000728600000, 0x0000000728600000| Untracked 
| 303|0x0000000728800000, 0x0000000728800000, 0x0000000728a00000|  0%| F|  |TAMS 0x0000000728800000, 0x0000000728800000| Untracked 
| 304|0x0000000728a00000, 0x0000000728a00000, 0x0000000728c00000|  0%| F|  |TAMS 0x0000000728a00000, 0x0000000728a00000| Untracked 
| 305|0x0000000728c00000, 0x0000000728c00000, 0x0000000728e00000|  0%| F|  |TAMS 0x0000000728c00000, 0x0000000728c00000| Untracked 
| 306|0x0000000728e00000, 0x0000000728e00000, 0x0000000729000000|  0%| F|  |TAMS 0x0000000728e00000, 0x0000000728e00000| Untracked 
| 307|0x0000000729000000, 0x0000000729000000, 0x0000000729200000|  0%| F|  |TAMS 0x0000000729000000, 0x0000000729000000| Untracked 
| 308|0x0000000729200000, 0x0000000729200000, 0x0000000729400000|  0%| F|  |TAMS 0x0000000729200000, 0x0000000729200000| Untracked 
| 309|0x0000000729400000, 0x0000000729400000, 0x0000000729600000|  0%| F|  |TAMS 0x0000000729400000, 0x0000000729400000| Untracked 
| 310|0x0000000729600000, 0x0000000729600000, 0x0000000729800000|  0%| F|  |TAMS 0x0000000729600000, 0x0000000729600000| Untracked 
| 311|0x0000000729800000, 0x0000000729800000, 0x0000000729a00000|  0%| F|  |TAMS 0x0000000729800000, 0x0000000729800000| Untracked 
| 312|0x0000000729a00000, 0x0000000729a00000, 0x0000000729c00000|  0%| F|  |TAMS 0x0000000729a00000, 0x0000000729a00000| Untracked 
| 313|0x0000000729c00000, 0x0000000729c00000, 0x0000000729e00000|  0%| F|  |TAMS 0x0000000729c00000, 0x0000000729c00000| Untracked 
| 314|0x0000000729e00000, 0x0000000729e00000, 0x000000072a000000|  0%| F|  |TAMS 0x0000000729e00000, 0x0000000729e00000| Untracked 
| 315|0x000000072a000000, 0x000000072a000000, 0x000000072a200000|  0%| F|  |TAMS 0x000000072a000000, 0x000000072a000000| Untracked 
| 316|0x000000072a200000, 0x000000072a200000, 0x000000072a400000|  0%| F|  |TAMS 0x000000072a200000, 0x000000072a200000| Untracked 
| 317|0x000000072a400000, 0x000000072a400000, 0x000000072a600000|  0%| F|  |TAMS 0x000000072a400000, 0x000000072a400000| Untracked 
| 318|0x000000072a600000, 0x000000072a6df500, 0x000000072a800000| 43%| S|CS|TAMS 0x000000072a600000, 0x000000072a600000| Complete 
| 319|0x000000072a800000, 0x000000072a800000, 0x000000072aa00000|  0%| F|  |TAMS 0x000000072a800000, 0x000000072a800000| Untracked 
| 320|0x000000072aa00000, 0x000000072aa00000, 0x000000072ac00000|  0%| F|  |TAMS 0x000000072aa00000, 0x000000072aa00000| Untracked 
| 321|0x000000072ac00000, 0x000000072ac00000, 0x000000072ae00000|  0%| F|  |TAMS 0x000000072ac00000, 0x000000072ac00000| Untracked 
| 322|0x000000072ae00000, 0x000000072ae00000, 0x000000072b000000|  0%| F|  |TAMS 0x000000072ae00000, 0x000000072ae00000| Untracked 
| 323|0x000000072b000000, 0x000000072b000000, 0x000000072b200000|  0%| F|  |TAMS 0x000000072b000000, 0x000000072b000000| Untracked 
| 324|0x000000072b200000, 0x000000072b200000, 0x000000072b400000|  0%| F|  |TAMS 0x000000072b200000, 0x000000072b200000| Untracked 
| 325|0x000000072b400000, 0x000000072b400000, 0x000000072b600000|  0%| F|  |TAMS 0x000000072b400000, 0x000000072b400000| Untracked 
| 326|0x000000072b600000, 0x000000072b600000, 0x000000072b800000|  0%| F|  |TAMS 0x000000072b600000, 0x000000072b600000| Untracked 
| 327|0x000000072b800000, 0x000000072b800000, 0x000000072ba00000|  0%| F|  |TAMS 0x000000072b800000, 0x000000072b800000| Untracked 
| 328|0x000000072ba00000, 0x000000072ba00000, 0x000000072bc00000|  0%| F|  |TAMS 0x000000072ba00000, 0x000000072ba00000| Untracked 
| 329|0x000000072bc00000, 0x000000072bc00000, 0x000000072be00000|  0%| F|  |TAMS 0x000000072bc00000, 0x000000072bc00000| Untracked 
| 330|0x000000072be00000, 0x000000072be00000, 0x000000072c000000|  0%| F|  |TAMS 0x000000072be00000, 0x000000072be00000| Untracked 
| 331|0x000000072c000000, 0x000000072c000000, 0x000000072c200000|  0%| F|  |TAMS 0x000000072c000000, 0x000000072c000000| Untracked 
| 332|0x000000072c200000, 0x000000072c200000, 0x000000072c400000|  0%| F|  |TAMS 0x000000072c200000, 0x000000072c200000| Untracked 
| 333|0x000000072c400000, 0x000000072c400000, 0x000000072c600000|  0%| F|  |TAMS 0x000000072c400000, 0x000000072c400000| Untracked 
| 334|0x000000072c600000, 0x000000072c600000, 0x000000072c800000|  0%| F|  |TAMS 0x000000072c600000, 0x000000072c600000| Untracked 
| 335|0x000000072c800000, 0x000000072c800000, 0x000000072ca00000|  0%| F|  |TAMS 0x000000072c800000, 0x000000072c800000| Untracked 
| 336|0x000000072ca00000, 0x000000072ca00000, 0x000000072cc00000|  0%| F|  |TAMS 0x000000072ca00000, 0x000000072ca00000| Untracked 
| 337|0x000000072cc00000, 0x000000072cc00000, 0x000000072ce00000|  0%| F|  |TAMS 0x000000072cc00000, 0x000000072cc00000| Untracked 
| 338|0x000000072ce00000, 0x000000072ce00000, 0x000000072d000000|  0%| F|  |TAMS 0x000000072ce00000, 0x000000072ce00000| Untracked 
| 339|0x000000072d000000, 0x000000072d000000, 0x000000072d200000|  0%| F|  |TAMS 0x000000072d000000, 0x000000072d000000| Untracked 
| 340|0x000000072d200000, 0x000000072d200000, 0x000000072d400000|  0%| F|  |TAMS 0x000000072d200000, 0x000000072d200000| Untracked 
| 341|0x000000072d400000, 0x000000072d400000, 0x000000072d600000|  0%| F|  |TAMS 0x000000072d400000, 0x000000072d400000| Untracked 
| 342|0x000000072d600000, 0x000000072d600000, 0x000000072d800000|  0%| F|  |TAMS 0x000000072d600000, 0x000000072d600000| Untracked 
| 343|0x000000072d800000, 0x000000072d800000, 0x000000072da00000|  0%| F|  |TAMS 0x000000072d800000, 0x000000072d800000| Untracked 
| 344|0x000000072da00000, 0x000000072da00000, 0x000000072dc00000|  0%| F|  |TAMS 0x000000072da00000, 0x000000072da00000| Untracked 
| 345|0x000000072dc00000, 0x000000072dc00000, 0x000000072de00000|  0%| F|  |TAMS 0x000000072dc00000, 0x000000072dc00000| Untracked 

Card table byte_map: [0x000002137f150000,0x000002137f940000] _byte_map_base: 0x000002137b93b000

Marking Bits (Prev, Next): (CMBitMap*) 0x0000021365527b70, (CMBitMap*) 0x0000021365527b30
 Prev Bits: [0x0000021304750000, 0x00000213086a8000)
 Next Bits: [0x00000213007f0000, 0x0000021304748000)

Polling page: 0x0000021365370000

Metaspace:

Usage:
  Non-class:     15.69 MB capacity,    15.48 MB ( 99%) used,   190.96 KB (  1%) free+waste,    31.19 KB ( <1%) overhead. 
      Class:      2.66 MB capacity,     2.55 MB ( 96%) used,    90.57 KB (  3%) free+waste,    13.69 KB ( <1%) overhead. 
       Both:     18.35 MB capacity,    18.03 MB ( 98%) used,   281.53 KB (  1%) free+waste,    44.88 KB ( <1%) overhead. 

Virtual space:
  Non-class space:       16.00 MB reserved,      15.75 MB ( 98%) committed 
      Class space:        1.00 GB reserved,       2.75 MB ( <1%) committed 
             Both:        1.02 GB reserved,      18.50 MB (  2%) committed 

Chunk freelists:
   Non-Class:  59.00 KB
       Class:  0 bytes
        Both:  59.00 KB

MaxMetaspaceSize: 17179869184.00 GB
CompressedClassSpaceSize: 1.00 GB

CodeHeap 'non-profiled nmethods': size=120000Kb used=1230Kb max_used=1230Kb free=118769Kb
 bounds [0x00000213769c0000, 0x0000021376c30000, 0x000002137def0000]
CodeHeap 'profiled nmethods': size=120000Kb used=6030Kb max_used=6030Kb free=113969Kb
 bounds [0x000002136f490000, 0x000002136fa80000, 0x00000213769c0000]
CodeHeap 'non-nmethods': size=5760Kb used=1470Kb max_used=1516Kb free=4289Kb
 bounds [0x000002136eef0000, 0x000002136f160000, 0x000002136f490000]
 total_blobs=3783 nmethods=2980 adapters=715
 compilation: enabled
              stopped_count=0, restarted_count=0
 full_count=0

Compilation events (20 events):
Event: 3.893 Thread 0x000002130b400b50 2975       3       com.sun.org.apache.xerces.internal.impl.XMLStreamReaderImpl::getAttributeCount (50 bytes)
Event: 3.893 Thread 0x000002130b400b50 nmethod 2975 0x000002136fa6d310 code [0x000002136fa6d500, 0x000002136fa6d988]
Event: 3.897 Thread 0x000002130b400b50 2976       3       java.util.LinkedList$ListItr::<init> (47 bytes)
Event: 3.898 Thread 0x000002130b400b50 nmethod 2976 0x000002136fa6db90 code [0x000002136fa6dd40, 0x000002136fa6e028]
Event: 3.906 Thread 0x000002130b400b50 2977       3       com.sun.javafx.collections.SourceAdapterChange::reset (8 bytes)
Event: 3.906 Thread 0x000002130b400b50 nmethod 2977 0x000002136fa6e110 code [0x000002136fa6e2c0, 0x000002136fa6e488]
Event: 3.906 Thread 0x000002130b400b50 2978       3       jdk.internal.loader.URLClassPath$FileLoader::findResource (18 bytes)
Event: 3.906 Thread 0x000002130b400b50 nmethod 2978 0x000002136fa6e590 code [0x000002136fa6e740, 0x000002136fa6e998]
Event: 3.906 Thread 0x000002130b400b50 2979       3       java.util.HashMap::putMapEntries (167 bytes)
Event: 3.907 Thread 0x000002130b400b50 nmethod 2979 0x000002136fa6ea90 code [0x000002136fa6ed60, 0x000002136fa6fbc8]
Event: 3.907 Thread 0x000002130b400b50 2980       3       javafx.fxml.FXMLLoader$Element::<init> (72 bytes)
Event: 3.908 Thread 0x000002130b400b50 nmethod 2980 0x000002136fa6ff90 code [0x000002136fa70200, 0x000002136fa70f18]
Event: 3.908 Thread 0x000002130b400b50 2981       3       java.util.RegularEnumSet::addAll (23 bytes)
Event: 3.908 Thread 0x000002130b400b50 nmethod 2981 0x000002136fa71310 code [0x000002136fa714a0, 0x000002136fa715f8]
Event: 3.910 Thread 0x000002130b400b50 2982       3       com.sun.javafx.iio.png.PNGImageLoader2::loadMip (269 bytes)
Event: 3.910 Thread 0x000002130b400b50 nmethod 2982 0x000002136fa71690 code [0x000002136fa71940, 0x000002136fa72778]
Event: 3.913 Thread 0x000002130b400b50 2983       3       javafx.scene.image.Image$1::getPlatformImage (5 bytes)
Event: 3.913 Thread 0x000002130b400b50 nmethod 2983 0x000002136fa72f10 code [0x000002136fa730c0, 0x000002136fa732f8]
Event: 3.913 Thread 0x000002130b400b50 2984       3       javafx.scene.image.Image::getPlatformImage (19 bytes)
Event: 3.913 Thread 0x000002130b400b50 nmethod 2984 0x000002136fa73410 code [0x000002136fa735c0, 0x000002136fa73798]

GC Heap History (20 events):
Event: 3.374 GC heap after
{Heap after GC invocations=17 (full 0):
 garbage-first heap   total 284672K, used 164756K [0x0000000702a00000, 0x0000000800000000)
  region size 2048K, 4 young (8192K), 4 survivors (8192K)
 Metaspace       used 18200K, capacity 18457K, committed 18688K, reserved 1064960K
  class space    used 2614K, capacity 2718K, committed 2816K, reserved 1048576K
}
Event: 3.392 GC heap before
{Heap before GC invocations=18 (full 0):
 garbage-first heap   total 290816K, used 168852K [0x0000000702a00000, 0x0000000800000000)
  region size 2048K, 5 young (10240K), 4 survivors (8192K)
 Metaspace       used 18214K, capacity 18521K, committed 18688K, reserved 1064960K
  class space    used 2614K, capacity 2718K, committed 2816K, reserved 1048576K
}
Event: 3.395 GC heap after
{Heap after GC invocations=19 (full 0):
 garbage-first heap   total 290816K, used 168439K [0x0000000702a00000, 0x0000000800000000)
  region size 2048K, 3 young (6144K), 3 survivors (6144K)
 Metaspace       used 18214K, capacity 18521K, committed 18688K, reserved 1064960K
  class space    used 2614K, capacity 2718K, committed 2816K, reserved 1048576K
}
Event: 3.414 GC heap before
{Heap before GC invocations=20 (full 0):
 garbage-first heap   total 294912K, used 172535K [0x0000000702a00000, 0x0000000800000000)
  region size 2048K, 4 young (8192K), 3 survivors (6144K)
 Metaspace       used 18231K, capacity 18585K, committed 18688K, reserved 1064960K
  class space    used 2614K, capacity 2718K, committed 2816K, reserved 1048576K
}
Event: 3.417 GC heap after
{Heap after GC invocations=21 (full 0):
 garbage-first heap   total 354304K, used 173147K [0x0000000702a00000, 0x0000000800000000)
  region size 2048K, 4 young (8192K), 4 survivors (8192K)
 Metaspace       used 18231K, capacity 18585K, committed 18688K, reserved 1064960K
  class space    used 2614K, capacity 2718K, committed 2816K, reserved 1048576K
}
Event: 3.436 GC heap before
{Heap before GC invocations=22 (full 0):
 garbage-first heap   total 354304K, used 177243K [0x0000000702a00000, 0x0000000800000000)
  region size 2048K, 5 young (10240K), 4 survivors (8192K)
 Metaspace       used 18247K, capacity 18591K, committed 18688K, reserved 1064960K
  class space    used 2615K, capacity 2719K, committed 2816K, reserved 1048576K
}
Event: 3.439 GC heap after
{Heap after GC invocations=23 (full 0):
 garbage-first heap   total 354304K, used 176756K [0x0000000702a00000, 0x0000000800000000)
  region size 2048K, 3 young (6144K), 3 survivors (6144K)
 Metaspace       used 18247K, capacity 18591K, committed 18688K, reserved 1064960K
  class space    used 2615K, capacity 2719K, committed 2816K, reserved 1048576K
}
Event: 3.454 GC heap before
{Heap before GC invocations=24 (full 0):
 garbage-first heap   total 354304K, used 180852K [0x0000000702a00000, 0x0000000800000000)
  region size 2048K, 4 young (8192K), 3 survivors (6144K)
 Metaspace       used 18250K, capacity 18591K, committed 18688K, reserved 1064960K
  class space    used 2615K, capacity 2719K, committed 2816K, reserved 1048576K
}
Event: 3.457 GC heap after
{Heap after GC invocations=25 (full 0):
 garbage-first heap   total 354304K, used 181034K [0x0000000702a00000, 0x0000000800000000)
  region size 2048K, 4 young (8192K), 4 survivors (8192K)
 Metaspace       used 18250K, capacity 18591K, committed 18688K, reserved 1064960K
  class space    used 2615K, capacity 2719K, committed 2816K, reserved 1048576K
}
Event: 3.479 GC heap before
{Heap before GC invocations=26 (full 0):
 garbage-first heap   total 354304K, used 187178K [0x0000000702a00000, 0x0000000800000000)
  region size 2048K, 5 young (10240K), 4 survivors (8192K)
 Metaspace       used 18256K, capacity 18597K, committed 18944K, reserved 1064960K
  class space    used 2615K, capacity 2720K, committed 2816K, reserved 1048576K
}
Event: 3.481 GC heap after
{Heap after GC invocations=27 (full 0):
 garbage-first heap   total 354304K, used 187482K [0x0000000702a00000, 0x0000000800000000)
  region size 2048K, 4 young (8192K), 4 survivors (8192K)
 Metaspace       used 18256K, capacity 18597K, committed 18944K, reserved 1064960K
  class space    used 2615K, capacity 2720K, committed 2816K, reserved 1048576K
}
Event: 3.500 GC heap before
{Heap before GC invocations=28 (full 0):
 garbage-first heap   total 354304K, used 191578K [0x0000000702a00000, 0x0000000800000000)
  region size 2048K, 5 young (10240K), 4 survivors (8192K)
 Metaspace       used 18264K, capacity 18597K, committed 18944K, reserved 1064960K
  class space    used 2615K, capacity 2720K, committed 2816K, reserved 1048576K
}
Event: 3.503 GC heap after
{Heap after GC invocations=29 (full 0):
 garbage-first heap   total 708608K, used 190879K [0x0000000702a00000, 0x0000000800000000)
  region size 2048K, 3 young (6144K), 3 survivors (6144K)
 Metaspace       used 18264K, capacity 18597K, committed 18944K, reserved 1064960K
  class space    used 2615K, capacity 2720K, committed 2816K, reserved 1048576K
}
Event: 3.834 GC heap before
{Heap before GC invocations=30 (full 0):
 garbage-first heap   total 655360K, used 303519K [0x0000000702a00000, 0x0000000800000000)
  region size 2048K, 6 young (12288K), 3 survivors (6144K)
 Metaspace       used 18442K, capacity 18789K, committed 18944K, reserved 1064960K
  class space    used 2615K, capacity 2720K, committed 2816K, reserved 1048576K
}
Event: 3.837 GC heap after
{Heap after GC invocations=31 (full 0):
 garbage-first heap   total 655360K, used 299923K [0x0000000702a00000, 0x0000000800000000)
  region size 2048K, 4 young (8192K), 4 survivors (8192K)
 Metaspace       used 18442K, capacity 18789K, committed 18944K, reserved 1064960K
  class space    used 2615K, capacity 2720K, committed 2816K, reserved 1048576K
}
Event: 3.857 GC heap before
{Heap before GC invocations=32 (full 0):
 garbage-first heap   total 655360K, used 304019K [0x0000000702a00000, 0x0000000800000000)
  region size 2048K, 5 young (10240K), 4 survivors (8192K)
 Metaspace       used 18449K, capacity 18789K, committed 18944K, reserved 1064960K
  class space    used 2615K, capacity 2720K, committed 2816K, reserved 1048576K
}
Event: 3.860 GC heap after
{Heap after GC invocations=33 (full 0):
 garbage-first heap   total 655360K, used 304214K [0x0000000702a00000, 0x0000000800000000)
  region size 2048K, 1 young (2048K), 1 survivors (2048K)
 Metaspace       used 18449K, capacity 18789K, committed 18944K, reserved 1064960K
  class space    used 2615K, capacity 2720K, committed 2816K, reserved 1048576K
}
Event: 3.884 GC heap before
{Heap before GC invocations=34 (full 0):
 garbage-first heap   total 655360K, used 310358K [0x0000000702a00000, 0x0000000800000000)
  region size 2048K, 2 young (4096K), 1 survivors (2048K)
 Metaspace       used 18450K, capacity 18789K, committed 18944K, reserved 1064960K
  class space    used 2615K, capacity 2720K, committed 2816K, reserved 1048576K
}
Event: 3.885 GC heap after
{Heap after GC invocations=35 (full 0):
 garbage-first heap   total 655360K, used 310353K [0x0000000702a00000, 0x0000000800000000)
  region size 2048K, 1 young (2048K), 1 survivors (2048K)
 Metaspace       used 18450K, capacity 18789K, committed 18944K, reserved 1064960K
  class space    used 2615K, capacity 2720K, committed 2816K, reserved 1048576K
}
Event: 3.914 GC heap before
{Heap before GC invocations=36 (full 0):
 garbage-first heap   total 655360K, used 318545K [0x0000000702a00000, 0x0000000800000000)
  region size 2048K, 2 young (4096K), 1 survivors (2048K)
 Metaspace       used 18462K, capacity 18789K, committed 18944K, reserved 1064960K
  class space    used 2615K, capacity 2720K, committed 2816K, reserved 1048576K
}

Deoptimization events (20 events):
Event: 3.044 Thread 0x000002130bd4b630 DEOPT PACKING pc=0x000002136f8e6db5 sp=0x000000c0294fd710
Event: 3.044 Thread 0x000002130bd4b630 DEOPT UNPACKING pc=0x000002136ef3e23f sp=0x000000c0294fcac8 mode 0
Event: 3.192 Thread 0x000002130bfe16e0 Uncommon trap: trap_request=0xffffffd6 fr.pc=0x0000021376aa9b44 relative=0x0000000000002a84
Event: 3.192 Thread 0x000002130bfe16e0 Uncommon trap: reason=array_check action=maybe_recompile pc=0x0000021376aa9b44 method=javafx.css.SimpleSelector.applies(Ljavafx/css/Styleable;[Ljava/util/Set;I)Z @ 37 c2
Event: 3.192 Thread 0x000002130bfe16e0 DEOPT PACKING pc=0x0000021376aa9b44 sp=0x000000c0296faf10
Event: 3.192 Thread 0x000002130bfe16e0 DEOPT UNPACKING pc=0x000002136ef3e42f sp=0x000000c0296faed0 mode 2
Event: 3.192 Thread 0x000002130bfe16e0 Uncommon trap: trap_request=0xffffffd6 fr.pc=0x0000021376aa9b44 relative=0x0000000000002a84
Event: 3.192 Thread 0x000002130bfe16e0 Uncommon trap: reason=array_check action=maybe_recompile pc=0x0000021376aa9b44 method=javafx.css.SimpleSelector.applies(Ljavafx/css/Styleable;[Ljava/util/Set;I)Z @ 37 c2
Event: 3.192 Thread 0x000002130bfe16e0 DEOPT PACKING pc=0x0000021376aa9b44 sp=0x000000c0296faf10
Event: 3.192 Thread 0x000002130bfe16e0 DEOPT UNPACKING pc=0x000002136ef3e42f sp=0x000000c0296faed0 mode 2
Event: 3.192 Thread 0x000002130bfe16e0 Uncommon trap: trap_request=0xffffffd6 fr.pc=0x0000021376aa9b44 relative=0x0000000000002a84
Event: 3.192 Thread 0x000002130bfe16e0 Uncommon trap: reason=array_check action=maybe_recompile pc=0x0000021376aa9b44 method=javafx.css.SimpleSelector.applies(Ljavafx/css/Styleable;[Ljava/util/Set;I)Z @ 37 c2
Event: 3.192 Thread 0x000002130bfe16e0 DEOPT PACKING pc=0x0000021376aa9b44 sp=0x000000c0296faf10
Event: 3.192 Thread 0x000002130bfe16e0 DEOPT UNPACKING pc=0x000002136ef3e42f sp=0x000000c0296faed0 mode 2
Event: 3.387 Thread 0x000002130bfe16e0 Uncommon trap: trap_request=0xffffffd6 fr.pc=0x0000021376aa9b44 relative=0x0000000000002a84
Event: 3.387 Thread 0x000002130bfe16e0 Uncommon trap: reason=array_check action=maybe_recompile pc=0x0000021376aa9b44 method=javafx.css.SimpleSelector.applies(Ljavafx/css/Styleable;[Ljava/util/Set;I)Z @ 37 c2
Event: 3.388 Thread 0x000002130bfe16e0 DEOPT PACKING pc=0x0000021376aa9b44 sp=0x000000c0296fb050
Event: 3.388 Thread 0x000002130bfe16e0 DEOPT UNPACKING pc=0x000002136ef3e42f sp=0x000000c0296fb010 mode 2
Event: 3.891 Thread 0x000002130bfe16e0 DEOPT PACKING pc=0x000002136f98d3f7 sp=0x000000c0296fb470
Event: 3.891 Thread 0x000002130bfe16e0 DEOPT UNPACKING pc=0x000002136ef3e23f sp=0x000000c0296fa9d8 mode 0

Classes unloaded (0 events):
No events

Classes redefined (0 events):
No events

Internal exceptions (20 events):
Event: 1.572 Thread 0x000002130bdbe220 Exception <a 'java/lang/NoSuchMethodError'{0x00000007124cc008}: static Lil/cshaifasweng/OCSFMediatorExample/entities/Movie;.<clinit>()V> (0x00000007124cc008) 
thrown [./open/src/hotspot/share/prims/jni.cpp, line 1204]
Event: 1.591 Thread 0x000002130bfe16e0 Exception <a 'java/io/FileNotFoundException'{0x0000000710cad798}> (0x0000000710cad798) 
thrown [./open/src/hotspot/share/prims/jni.cpp, line 578]
Event: 1.620 Thread 0x000002130bfe16e0 Implicit null exception at 0x0000021376a35f10 to 0x0000021376a36388
Event: 1.754 Thread 0x000002130bfe16e0 Exception <a 'java/lang/NoSuchMethodError'{0x0000000712723338}: 'java.lang.Object java.lang.invoke.DirectMethodHandle$Holder.invokeInterface(java.lang.Object, java.lang.Object, java.lang.Object)'> (0x0000000712723338) 
thrown [./open/src/hotspot/share/interpreter/linkResolver.cpp, line 782]
Event: 1.755 Thread 0x000002130bfe16e0 Exception <a 'java/lang/IncompatibleClassChangeError'{0x0000000712726eb8}: Found class java.lang.Object, but interface was expected> (0x0000000712726eb8) 
thrown [./open/src/hotspot/share/interpreter/linkResolver.cpp, line 848]
Event: 1.797 Thread 0x000002130bfe16e0 Exception <a 'java/lang/ClassNotFoundException'{0x00000007125a2f20}: com/sun/javafx/scene/control/skin/resources/controls> (0x00000007125a2f20) 
thrown [./open/src/hotspot/share/prims/jni.cpp, line 599]
Event: 1.798 Thread 0x000002130bfe16e0 Exception <a 'java/lang/ClassNotFoundException'{0x00000007125b0a18}: com/sun/javafx/scene/control/skin/resources/controls_en> (0x00000007125b0a18) 
thrown [./open/src/hotspot/share/prims/jni.cpp, line 599]
Event: 1.798 Thread 0x000002130bfe16e0 Exception <a 'java/lang/ClassNotFoundException'{0x00000007125b2a68}: com/sun/javafx/scene/control/skin/resources/controls_en_US> (0x00000007125b2a68) 
thrown [./open/src/hotspot/share/prims/jni.cpp, line 599]
Event: 1.825 Thread 0x000002130bfe16e0 Exception <a 'java/lang/NoSuchMethodError'{0x0000000712340ac8}: 'void java.lang.invoke.DirectMethodHandle$Holder.invokeSpecial(java.lang.Object, java.lang.Object, java.lang.Object, java.lang.Object, java.lang.Object, java.lang.Object)'> (0x0000000712340ac8) 
thrown [./open/src/hotspot/share/interpreter/linkResolver.cpp, line 782]
Event: 1.880 Thread 0x000002130bfe16e0 Exception <a 'java/lang/NoSuchMethodError'{0x0000000711f85cd0}: 'void java.lang.invoke.DirectMethodHandle$Holder.invokeSpecialIFC(java.lang.Object, java.lang.Object, java.lang.Object, java.lang.Object)'> (0x0000000711f85cd0) 
thrown [./open/src/hotspot/share/interpreter/linkResolver.cpp, line 782]
Event: 1.908 Thread 0x000002130bfe16e0 Exception <a 'java/lang/NoSuchMethodError'{0x0000000711d93138}: 'int java.lang.invoke.DirectMethodHandle$Holder.invokeSpecial(java.lang.Object, java.lang.Object, int)'> (0x0000000711d93138) 
thrown [./open/src/hotspot/share/interpreter/linkResolver.cpp, line 782]
Event: 1.986 Thread 0x000002130bfe16e0 Exception <a 'java/lang/NoSuchMethodError'{0x0000000711809090}: 'java.lang.Object java.lang.invoke.DirectMethodHandle$Holder.newInvokeSpecial(java.lang.Object, java.lang.Object, int)'> (0x0000000711809090) 
thrown [./open/src/hotspot/share/interpreter/linkResolver.cpp, line 782]
Event: 2.162 Thread 0x000002130bd4b630 Exception <a 'java/lang/NoSuchMethodError'{0x0000000710af7ac0}: 'int java.lang.invoke.DirectMethodHandle$Holder.invokeStaticInit(java.lang.Object, java.lang.Object)'> (0x0000000710af7ac0) 
thrown [./open/src/hotspot/share/interpreter/linkResolver.cpp, line 782]
Event: 3.019 Thread 0x000002130bfe16e0 Exception <a 'java/lang/NoSuchMethodError'{0x0000000710bd16c0}: 'java.lang.Object java.lang.invoke.DirectMethodHandle$Holder.newInvokeSpecial(java.lang.Object, java.lang.Object, int, int, int, int, int, java.lang.Object)'> (0x0000000710bd16c0) 
thrown [./open/src/hotspot/share/interpreter/linkResolver.cpp, line 782]
Event: 3.023 Thread 0x000002130bfe16e0 Exception <a 'java/lang/NoSuchMethodError'{0x0000000710be5230}: 'java.lang.Object java.lang.invoke.DirectMethodHandle$Holder.newInvokeSpecial(java.lang.Object, java.lang.Object, java.lang.Object, int, int, int, int, int)'> (0x0000000710be5230) 
thrown [./open/src/hotspot/share/interpreter/linkResolver.cpp, line 782]
Event: 3.024 Thread 0x000002130bfe16e0 Exception <a 'java/lang/NoSuchMethodError'{0x0000000710becd90}: 'java.lang.Object java.lang.invoke.Invokers$Holder.linkToTargetMethod(java.lang.Object, java.lang.Object, int, int, int, int, int, java.lang.Object)'> (0x0000000710becd90) 
thrown [./open/src/hotspot/share/interpreter/linkResolver.cpp, line 782]
Event: 3.030 Thread 0x000002130bfe16e0 Exception <a 'java/lang/NoSuchMethodError'{0x00000007102a1500}: 'long java.lang.invoke.DirectMethodHandle$Holder.invokeStatic(java.lang.Object, java.lang.Object, java.lang.Object)'> (0x00000007102a1500) 
thrown [./open/src/hotspot/share/interpreter/linkResolver.cpp, line 782]
Event: 3.031 Thread 0x000002130bfe16e0 Exception <a 'java/lang/NoSuchMethodError'{0x00000007102a4eb0}: 'long java.lang.invoke.DirectMethodHandle$Holder.invokeStaticInit(java.lang.Object, java.lang.Object, java.lang.Object)'> (0x00000007102a4eb0) 
thrown [./open/src/hotspot/share/interpreter/linkResolver.cpp, line 782]
Event: 3.035 Thread 0x000002130bfe16e0 Exception <a 'java/lang/NoSuchMethodError'{0x00000007102bcf10}: 'java.lang.Object java.lang.invoke.DirectMethodHandle$Holder.newInvokeSpecial(java.lang.Object, java.lang.Object, long)'> (0x00000007102bcf10) 
thrown [./open/src/hotspot/share/interpreter/linkResolver.cpp, line 782]
Event: 3.036 Thread 0x000002130bfe16e0 Exception <a 'java/lang/NoSuchMethodError'{0x00000007102c0c80}: 'java.lang.Object java.lang.invoke.Invokers$Holder.linkToTargetMethod(java.lang.Object, long, java.lang.Object)'> (0x00000007102c0c80) 
thrown [./open/src/hotspot/share/interpreter/linkResolver.cpp, line 782]

Events (20 events):
Event: 3.527 Thread 0x000002130c21ea40 Thread exited: 0x000002130c21ea40
Event: 3.834 Executing VM operation: G1TryInitiateConcMark
Event: 3.837 Executing VM operation: G1TryInitiateConcMark done
Event: 3.847 Executing VM operation: G1Concurrent
Event: 3.848 Executing VM operation: G1Concurrent done
Event: 3.854 Executing VM operation: G1Concurrent
Event: 3.854 Executing VM operation: G1Concurrent done
Event: 3.857 Executing VM operation: G1TryInitiateConcMark
Event: 3.860 Executing VM operation: G1TryInitiateConcMark done
Event: 3.870 Executing VM operation: G1Concurrent
Event: 3.871 Executing VM operation: G1Concurrent done
Event: 3.877 Executing VM operation: G1Concurrent
Event: 3.878 Executing VM operation: G1Concurrent done
Event: 3.884 Executing VM operation: G1TryInitiateConcMark
Event: 3.885 Executing VM operation: G1TryInitiateConcMark done
Event: 3.901 Executing VM operation: G1Concurrent
Event: 3.902 Executing VM operation: G1Concurrent done
Event: 3.907 Executing VM operation: G1Concurrent
Event: 3.907 Executing VM operation: G1Concurrent done
Event: 3.914 Executing VM operation: G1TryInitiateConcMark


Dynamic libraries:
0x00007ff72cb60000 - 0x00007ff72cb6f000 	C:\Program Files\Java\jdk-15.0.2\bin\javaw.exe
0x00007ffb702b0000 - 0x00007ffb704a5000 	C:\WINDOWS\SYSTEM32\ntdll.dll
0x00007ffb6f180000 - 0x00007ffb6f23d000 	C:\WINDOWS\System32\KERNEL32.DLL
0x00007ffb6de60000 - 0x00007ffb6e128000 	C:\WINDOWS\System32\KERNELBASE.dll
0x00007ffb6dc50000 - 0x00007ffb6dd50000 	C:\WINDOWS\System32\ucrtbase.dll
0x00007ffb51310000 - 0x00007ffb51328000 	C:\Program Files\Java\jdk-15.0.2\bin\jli.dll
0x00007ffb55960000 - 0x00007ffb55979000 	C:\Program Files\Java\jdk-15.0.2\bin\VCRUNTIME140.dll
0x00007ffb6e4c0000 - 0x00007ffb6e56c000 	C:\WINDOWS\System32\ADVAPI32.dll
0x00007ffb701d0000 - 0x00007ffb7026e000 	C:\WINDOWS\System32\msvcrt.dll
0x00007ffb6e340000 - 0x00007ffb6e3db000 	C:\WINDOWS\System32\sechost.dll
0x00007ffb6e5e0000 - 0x00007ffb6e70b000 	C:\WINDOWS\System32\RPCRT4.dll
0x00007ffb6e930000 - 0x00007ffb6ead0000 	C:\WINDOWS\System32\USER32.dll
0x00007ffb6db50000 - 0x00007ffb6db72000 	C:\WINDOWS\System32\win32u.dll
0x00007ffb6e310000 - 0x00007ffb6e33a000 	C:\WINDOWS\System32\GDI32.dll
0x00007ffb552a0000 - 0x00007ffb5553a000 	C:\WINDOWS\WinSxS\amd64_microsoft.windows.common-controls_6595b64144ccf1df_6.0.19041.844_none_ca00b6081b84eb1d\COMCTL32.dll
0x00007ffb6dd50000 - 0x00007ffb6de5b000 	C:\WINDOWS\System32\gdi32full.dll
0x00007ffb6e270000 - 0x00007ffb6e30d000 	C:\WINDOWS\System32\msvcp_win.dll
0x00007ffb5af30000 - 0x00007ffb5af3a000 	C:\WINDOWS\SYSTEM32\VERSION.dll
0x00007ffb6e710000 - 0x00007ffb6e740000 	C:\WINDOWS\System32\IMM32.DLL
0x00007ffb65b50000 - 0x00007ffb65b5c000 	C:\Program Files\Java\jdk-15.0.2\bin\vcruntime140_1.dll
0x00007ffb31f00000 - 0x00007ffb31f91000 	C:\Program Files\Java\jdk-15.0.2\bin\msvcp140.dll
0x00007ffb288b0000 - 0x00007ffb2940e000 	C:\Program Files\Java\jdk-15.0.2\bin\server\jvm.dll
0x00007ffb6e5d0000 - 0x00007ffb6e5d8000 	C:\WINDOWS\System32\PSAPI.DLL
0x00007ffb57f50000 - 0x00007ffb57f59000 	C:\WINDOWS\SYSTEM32\WSOCK32.dll
0x00007ffb5e390000 - 0x00007ffb5e3b7000 	C:\WINDOWS\SYSTEM32\WINMM.dll
0x00007ffb6e7d0000 - 0x00007ffb6e83b000 	C:\WINDOWS\System32\WS2_32.dll
0x00007ffb6c310000 - 0x00007ffb6c322000 	C:\WINDOWS\SYSTEM32\kernel.appcore.dll
0x00007ffb64e10000 - 0x00007ffb64e1a000 	C:\Program Files\Java\jdk-15.0.2\bin\jimage.dll
0x00007ffb6b3a0000 - 0x00007ffb6b584000 	C:\WINDOWS\SYSTEM32\DBGHELP.DLL
0x00007ffb585a0000 - 0x00007ffb585cc000 	C:\WINDOWS\SYSTEM32\dbgcore.DLL
0x00007ffb6dbd0000 - 0x00007ffb6dc50000 	C:\WINDOWS\System32\bcryptPrimitives.dll
0x00007ffb51140000 - 0x00007ffb51165000 	C:\Program Files\Java\jdk-15.0.2\bin\java.dll
0x00007ffb6f450000 - 0x00007ffb6fb92000 	C:\WINDOWS\System32\SHELL32.dll
0x00007ffb6baf0000 - 0x00007ffb6c281000 	C:\WINDOWS\SYSTEM32\windows.storage.dll
0x00007ffb6ee20000 - 0x00007ffb6f175000 	C:\WINDOWS\System32\combase.dll
0x00007ffb6d460000 - 0x00007ffb6d48c000 	C:\WINDOWS\SYSTEM32\Wldp.dll
0x00007ffb6fba0000 - 0x00007ffb6fc4e000 	C:\WINDOWS\System32\SHCORE.dll
0x00007ffb6f3f0000 - 0x00007ffb6f445000 	C:\WINDOWS\System32\shlwapi.dll
0x00007ffb6d930000 - 0x00007ffb6d94f000 	C:\WINDOWS\SYSTEM32\profapi.dll
0x00007ffb50740000 - 0x00007ffb50759000 	C:\Program Files\Java\jdk-15.0.2\bin\net.dll
0x00007ffb65a30000 - 0x00007ffb65b3b000 	C:\WINDOWS\SYSTEM32\WINHTTP.dll
0x00007ffb6d1d0000 - 0x00007ffb6d23a000 	C:\WINDOWS\system32\mswsock.dll
0x00007ffb50720000 - 0x00007ffb50732000 	C:\Program Files\Java\jdk-15.0.2\bin\nio.dll
0x00007ffb50700000 - 0x00007ffb50718000 	C:\Program Files\Java\jdk-15.0.2\bin\zip.dll
0x00000213655b0000 - 0x00000213655b3000 	D:\javafx-sdk-16\bin\api-ms-win-core-console-l1-1-0.dll
0x00000213655c0000 - 0x00000213655c3000 	D:\javafx-sdk-16\bin\api-ms-win-core-console-l1-2-0.dll
0x00000213655d0000 - 0x00000213655d3000 	D:\javafx-sdk-16\bin\api-ms-win-core-datetime-l1-1-0.dll
0x000002137ff20000 - 0x000002137ff23000 	D:\javafx-sdk-16\bin\api-ms-win-core-debug-l1-1-0.dll
0x000002137ff30000 - 0x000002137ff33000 	D:\javafx-sdk-16\bin\api-ms-win-core-errorhandling-l1-1-0.dll
0x000002137ff40000 - 0x000002137ff44000 	D:\javafx-sdk-16\bin\api-ms-win-core-file-l1-1-0.dll
0x000002137ff50000 - 0x000002137ff53000 	D:\javafx-sdk-16\bin\api-ms-win-core-file-l1-2-0.dll
0x000002137ff60000 - 0x000002137ff63000 	D:\javafx-sdk-16\bin\api-ms-win-core-file-l2-1-0.dll
0x000002137ff70000 - 0x000002137ff73000 	D:\javafx-sdk-16\bin\api-ms-win-core-handle-l1-1-0.dll
0x000002137ff80000 - 0x000002137ff83000 	D:\javafx-sdk-16\bin\api-ms-win-core-heap-l1-1-0.dll
0x000002137ff90000 - 0x000002137ff93000 	D:\javafx-sdk-16\bin\api-ms-win-core-interlocked-l1-1-0.dll
0x000002137ffa0000 - 0x000002137ffa3000 	D:\javafx-sdk-16\bin\api-ms-win-core-libraryloader-l1-1-0.dll
0x000002137ffb0000 - 0x000002137ffb3000 	D:\javafx-sdk-16\bin\api-ms-win-core-localization-l1-2-0.dll
0x000002137ffc0000 - 0x000002137ffc3000 	D:\javafx-sdk-16\bin\api-ms-win-core-memory-l1-1-0.dll
0x000002137ffd0000 - 0x000002137ffd3000 	D:\javafx-sdk-16\bin\api-ms-win-core-namedpipe-l1-1-0.dll
0x000002137ffe0000 - 0x000002137ffe3000 	D:\javafx-sdk-16\bin\api-ms-win-core-processenvironment-l1-1-0.dll
0x000002137fff0000 - 0x000002137fff3000 	D:\javafx-sdk-16\bin\api-ms-win-core-processthreads-l1-1-0.dll
0x000002130d0b0000 - 0x000002130d0b3000 	D:\javafx-sdk-16\bin\api-ms-win-core-processthreads-l1-1-1.dll
0x000002130d0c0000 - 0x000002130d0c3000 	D:\javafx-sdk-16\bin\api-ms-win-core-profile-l1-1-0.dll
0x000002130d0d0000 - 0x000002130d0d3000 	D:\javafx-sdk-16\bin\api-ms-win-core-rtlsupport-l1-1-0.dll
0x000002130d0e0000 - 0x000002130d0e3000 	D:\javafx-sdk-16\bin\api-ms-win-core-string-l1-1-0.dll
0x000002130d0f0000 - 0x000002130d0f3000 	D:\javafx-sdk-16\bin\api-ms-win-core-synch-l1-1-0.dll
0x000002130d100000 - 0x000002130d103000 	D:\javafx-sdk-16\bin\api-ms-win-core-synch-l1-2-0.dll
0x000002130d110000 - 0x000002130d113000 	D:\javafx-sdk-16\bin\api-ms-win-core-sysinfo-l1-1-0.dll
0x000002130d120000 - 0x000002130d123000 	D:\javafx-sdk-16\bin\api-ms-win-core-timezone-l1-1-0.dll
0x000002130d130000 - 0x000002130d133000 	D:\javafx-sdk-16\bin\api-ms-win-core-util-l1-1-0.dll
0x000002130d140000 - 0x000002130d143000 	D:\javafx-sdk-16\bin\api-ms-win-crt-conio-l1-1-0.dll
0x000002130d150000 - 0x000002130d154000 	D:\javafx-sdk-16\bin\api-ms-win-crt-convert-l1-1-0.dll
0x000002130d160000 - 0x000002130d163000 	D:\javafx-sdk-16\bin\api-ms-win-crt-environment-l1-1-0.dll
0x000002130d170000 - 0x000002130d173000 	D:\javafx-sdk-16\bin\api-ms-win-crt-filesystem-l1-1-0.dll
0x000002130d180000 - 0x000002130d183000 	D:\javafx-sdk-16\bin\api-ms-win-crt-heap-l1-1-0.dll
0x000002130d190000 - 0x000002130d193000 	D:\javafx-sdk-16\bin\api-ms-win-crt-locale-l1-1-0.dll
0x000002130d1a0000 - 0x000002130d1a5000 	D:\javafx-sdk-16\bin\api-ms-win-crt-math-l1-1-0.dll
0x000002130d1b0000 - 0x000002130d1b5000 	D:\javafx-sdk-16\bin\api-ms-win-crt-multibyte-l1-1-0.dll
0x000002130d1c0000 - 0x000002130d1d0000 	D:\javafx-sdk-16\bin\api-ms-win-crt-private-l1-1-0.dll
0x000002130d1d0000 - 0x000002130d1d3000 	D:\javafx-sdk-16\bin\api-ms-win-crt-process-l1-1-0.dll
0x000002130d2f0000 - 0x000002130d2f4000 	D:\javafx-sdk-16\bin\api-ms-win-crt-runtime-l1-1-0.dll
0x000002130d300000 - 0x000002130d304000 	D:\javafx-sdk-16\bin\api-ms-win-crt-stdio-l1-1-0.dll
0x000002130d1e0000 - 0x000002130d1e4000 	D:\javafx-sdk-16\bin\api-ms-win-crt-string-l1-1-0.dll
0x000002130d1f0000 - 0x000002130d1f3000 	D:\javafx-sdk-16\bin\api-ms-win-crt-time-l1-1-0.dll
0x000002130d200000 - 0x000002130d203000 	D:\javafx-sdk-16\bin\api-ms-win-crt-utility-l1-1-0.dll
0x00007ffb40a40000 - 0x00007ffb40b3c000 	D:\javafx-sdk-16\bin\ucrtbase.dll
0x00007ffb669f0000 - 0x00007ffb66a09000 	D:\javafx-sdk-16\bin\vcruntime140.dll
0x00007ffb694c0000 - 0x00007ffb694cc000 	D:\javafx-sdk-16\bin\vcruntime140_1.dll
0x00007ffb409a0000 - 0x00007ffb40a31000 	D:\javafx-sdk-16\bin\msvcp140.dll
0x00007ffb63510000 - 0x00007ffb63537000 	D:\javafx-sdk-16\bin\prism_d3d.dll
0x00007ffb36e70000 - 0x00007ffb3703e000 	C:\WINDOWS\system32\d3d9.dll
0x00007ffb6b370000 - 0x00007ffb6b39f000 	C:\WINDOWS\SYSTEM32\dwmapi.dll
0x00007ffb6afd0000 - 0x00007ffb6b06e000 	C:\WINDOWS\system32\uxtheme.dll
0x00007ffb372d0000 - 0x00007ffb374a7000 	C:\WINDOWS\System32\DriverStore\FileRepository\igdlh64.inf_amd64_1a33d2f73651d989\igdumdim64.dll
0x00007ffafad80000 - 0x00007ffafdd7d000 	C:\WINDOWS\System32\DriverStore\FileRepository\igdlh64.inf_amd64_1a33d2f73651d989\igd9dxva64.dll
0x00007ffb6f2c0000 - 0x00007ffb6f3ea000 	C:\WINDOWS\System32\ole32.dll
0x00007ffb6e850000 - 0x00007ffb6e91d000 	C:\WINDOWS\System32\OLEAUT32.dll
0x00007ffb51390000 - 0x00007ffb513d2000 	D:\javafx-sdk-16\bin\glass.dll
0x00007ffb6e3e0000 - 0x00007ffb6e4ba000 	C:\WINDOWS\System32\COMDLG32.dll
0x00007ffb6ed00000 - 0x00007ffb6ee15000 	C:\WINDOWS\System32\MSCTF.dll
0x00007ffb5e8c0000 - 0x00007ffb60655000 	C:\WINDOWS\System32\DriverStore\FileRepository\igdlh64.inf_amd64_1a33d2f73651d989\igc64.dll
0x00007ffb61ac0000 - 0x00007ffb61afb000 	C:\WINDOWS\SYSTEM32\dxcore.dll
0x00007ffb6db80000 - 0x00007ffb6dbce000 	C:\WINDOWS\System32\cfgmgr32.dll
0x00007ffb6cec0000 - 0x00007ffb6cf8c000 	C:\WINDOWS\SYSTEM32\DNSAPI.dll
0x00007ffb6ce70000 - 0x00007ffb6ceab000 	C:\WINDOWS\SYSTEM32\IPHLPAPI.DLL
0x00007ffb6e920000 - 0x00007ffb6e928000 	C:\WINDOWS\System32\NSI.dll
0x00007ffb5dde0000 - 0x00007ffb5ddea000 	C:\Windows\System32\rasadhlp.dll
0x00007ffb5e040000 - 0x00007ffb5e0bf000 	C:\WINDOWS\System32\fwpuclnt.dll
0x00007ffb6e240000 - 0x00007ffb6e267000 	C:\WINDOWS\System32\bcrypt.dll
0x00007ffb669d0000 - 0x00007ffb669e4000 	D:\javafx-sdk-16\bin\javafx_font.dll
0x00007ffb47400000 - 0x00007ffb4767f000 	C:\WINDOWS\SYSTEM32\dwrite.dll
0x00007ffb70120000 - 0x00007ffb701c9000 	C:\WINDOWS\System32\clbcatq.dll
0x00007ffb63dc0000 - 0x00007ffb63f74000 	C:\WINDOWS\SYSTEM32\WindowsCodecs.dll
0x00007ffb457a0000 - 0x00007ffb457de000 	C:\WINDOWS\system32\dataexchange.dll
0x00007ffb6a3a0000 - 0x00007ffb6a585000 	C:\WINDOWS\system32\dcomp.dll
0x00007ffb695b0000 - 0x00007ffb69814000 	C:\WINDOWS\system32\d3d11.dll
0x00007ffb6c330000 - 0x00007ffb6c423000 	C:\WINDOWS\system32\dxgi.dll
0x00007ffb65630000 - 0x00007ffb65831000 	C:\WINDOWS\system32\twinapi.appcore.dll
0x00007ffb5d970000 - 0x00007ffb5d9a4000 	C:\Program Files\Common Files\Microsoft Shared\Ink\rtscom.dll
0x00007ffb4f6b0000 - 0x00007ffb4f7a9000 	C:\WINDOWS\SYSTEM32\textinputframework.dll
0x00007ffb6ac70000 - 0x00007ffb6ad62000 	C:\WINDOWS\System32\CoreMessaging.dll
0x00007ffb6a910000 - 0x00007ffb6ac6e000 	C:\WINDOWS\System32\CoreUIComponents.dll
0x00007ffb6c730000 - 0x00007ffb6c763000 	C:\WINDOWS\SYSTEM32\ntmarta.dll
0x00007ffb69c80000 - 0x00007ffb69dd4000 	C:\WINDOWS\SYSTEM32\wintypes.dll
0x00007ffb5dbc0000 - 0x00007ffb5dbed000 	D:\javafx-sdk-16\bin\javafx_iio.dll

dbghelp: loaded successfully - version: 4.0.5 - missing functions: none
symbol engine: initialized successfully - sym options: 0x614 - pdb path: .;C:\Program Files\Java\jdk-15.0.2\bin;C:\WINDOWS\SYSTEM32;C:\WINDOWS\WinSxS\amd64_microsoft.windows.common-controls_6595b64144ccf1df_6.0.19041.844_none_ca00b6081b84eb1d;C:\Program Files\Java\jdk-15.0.2\bin\server;D:\javafx-sdk-16\bin;C:\WINDOWS\System32\DriverStore\FileRepository\igdlh64.inf_amd64_1a33d2f73651d989;C:\Program Files\Common Files\Microsoft Shared\Ink

VM Arguments:
jvm_args: --module-path=D:\javafx-sdk-16\lib --add-modules=javafx.fxml,javafx.controls,javafx.graphics -Dfile.encoding=UTF-8 -XX:+ShowCodeDetailsInExceptionMessages 
java_command: il.cshaifasweng.OCSFMediatorExample.client.App 3000
java_class_path (initial): D:\Github\MovieTime\MovieTime\client\target\classes;C:\Users\shira\.m2\repository\org\openjfx\javafx-base\15\javafx-base-15.jar;C:\Users\shira\.m2\repository\org\openjfx\javafx-base\15\javafx-base-15-win.jar;C:\Users\shira\.m2\repository\org\openjfx\javafx-controls\15\javafx-controls-15.jar;C:\Users\shira\.m2\repository\org\openjfx\javafx-controls\15\javafx-controls-15-win.jar;C:\Users\shira\.m2\repository\org\openjfx\javafx-graphics\15\javafx-graphics-15.jar;C:\Users\shira\.m2\repository\org\openjfx\javafx-graphics\15\javafx-graphics-15-win.jar;C:\Users\shira\.m2\repository\org\openjfx\javafx-fxml\15\javafx-fxml-15.jar;C:\Users\shira\.m2\repository\org\openjfx\javafx-fxml\15\javafx-fxml-15-win.jar;C:\Users\shira\.m2\repository\org\greenrobot\eventbus\3.2.0\eventbus-3.2.0.jar;D:\Github\MovieTime\MovieTime\entities\target\classes;C:\Users\shira\.m2\repository\org\bouncycastle\bcpkix-jdk15on\1.56\bcpkix-jdk15on-1.56.jar;C:\Users\shira\.m2\repository\org\bouncycastle\bcprov-jdk15on\1.56\bcprov-jdk15on-1.56.jar;C:\Users\shira\.m2\repository\mysql\mysql-connector-java\8.0.19\mysql-connector-java-8.0.19.jar;C:\Users\shira\.m2\repository\com\google\protobuf\protobuf-java\3.6.1\protobuf-java-3.6.1.jar;C:\Users\shira\.m2\repository\org\hibernate\hibernate-core\5.4.12.Final\hibernate-core-5.4.12.Final.jar;C:\Users\shira\.m2\repository\org\jboss\logging\jboss-logging\3.3.2.Final\jboss-logging-3.3.2.Final.jar;C:\Users\shira\.m2\repository\javax\persistence\javax.persistence-api\2.2\javax.persistence-api-2.2.jar;C:\Users\shira\.m2\repository\org\javassist\javassist\3.24.0-GA\javassist-3.24.0-GA.jar;C:\Users\shira\.m2\repository\net\bytebuddy\byte-buddy\1.10.7\byte-buddy-1.10.7.jar;C:\Users\shira\.m2\repository\antlr\antlr\2.7.7\antlr-2.7.7.jar;C:\Users\shira\.m2\repository\org\jboss\spec\javax\transaction\jboss-transaction-api_1.2_spec\1.1.1.Final\jboss-transaction-api_1.2_spec-1.1.1.Final.jar;C:\Users\shira\.m2\repository\org\jboss\jandex\2.1.1.Fina
Launcher Type: SUN_STANDARD

[Global flags]
     intx CICompilerCount                          = 4                                         {product} {ergonomic}
     uint ConcGCThreads                            = 2                                         {product} {ergonomic}
     uint G1ConcRefinementThreads                  = 8                                         {product} {ergonomic}
   size_t G1HeapRegionSize                         = 2097152                                   {product} {ergonomic}
    uintx GCDrainStackTargetSize                   = 64                                        {product} {ergonomic}
   size_t InitialHeapSize                          = 266338304                                 {product} {ergonomic}
   size_t MarkStackSize                            = 4194304                                   {product} {ergonomic}
   size_t MaxHeapSize                              = 4250927104                                {product} {ergonomic}
   size_t MaxNewSize                               = 2550136832                                {product} {ergonomic}
   size_t MinHeapDeltaBytes                        = 2097152                                   {product} {ergonomic}
   size_t MinHeapSize                              = 8388608                                   {product} {ergonomic}
    uintx NonNMethodCodeHeapSize                   = 5839372                                {pd product} {ergonomic}
    uintx NonProfiledCodeHeapSize                  = 122909434                              {pd product} {ergonomic}
    uintx ProfiledCodeHeapSize                     = 122909434                              {pd product} {ergonomic}
    uintx ReservedCodeCacheSize                    = 251658240                              {pd product} {ergonomic}
     bool SegmentedCodeCache                       = true                                      {product} {ergonomic}
     bool ShowCodeDetailsInExceptionMessages       = true                                   {manageable} {command line}
   size_t SoftMaxHeapSize                          = 4250927104                             {manageable} {ergonomic}
     bool UseCompressedClassPointers               = true                                 {lp64_product} {ergonomic}
     bool UseCompressedOops                        = true                                 {lp64_product} {ergonomic}
     bool UseG1GC                                  = true                                      {product} {ergonomic}
     bool UseLargePagesIndividualAllocation        = false                                  {pd product} {ergonomic}

Logging:
Log output configuration:
 #0: stdout all=warning uptime,level,tags
 #1: stderr all=off uptime,level,tags

Environment Variables:
PATH=C:\Program Files\Common Files\Oracle\Java\javapath;C:\Windows\system32;C:\Windows;C:\Windows\System32\Wbem;C:\Windows\System32\WindowsPowerShell\v1.0\;C:\Program Files (x86)\NVIDIA Corporation\PhysX\Common;C:\Program Files\Intel\WiFi\bin\;C:\Program Files\Common Files\Intel\WirelessCommon\;C:\WINDOWS\system32;C:\WINDOWS;C:\WINDOWS\System32\Wbem;C:\WINDOWS\System32\WindowsPowerShell\v1.0\;C:\WINDOWS\System32\OpenSSH\;D:\Programs\MathWorks\bin;D:\Programs\CMake\bin;C:\ProgramData\chocolatey\bin;C:\Program Files\MySQL\MySQL Shell 8.0\bin\;C:\Users\shira\AppData\Local\Microsoft\WindowsApps;D:\Programs\Git;D:\Programs\Git\bin;C:\Users\shira\AppData\Local\GitHubDesktop\bin;D:\Programs\CLion 2020.3.2\bin;;D:\Programs\WebStorm 2021.1.1\bin;;D:\Programs\PyCharm 2021.1.1\bin;;D:\Programs\IntelliJ IDEA Community Edition 2021.1.1\bin;;
USERNAME=shira
OS=Windows_NT
PROCESSOR_IDENTIFIER=Intel64 Family 6 Model 94 Stepping 3, GenuineIntel



---------------  S Y S T E M  ---------------

OS:
 Windows 10 , 64 bit Build 19041 (10.0.19041.928)
OS uptime: 1 days 0:41 hours

CPU: total 8 (initial active 8) (4 cores per cpu, 2 threads per core) family 6 model 94 stepping 3 microcode 0xcc, cmov, cx8, fxsr, mmx, sse, sse2, sse3, ssse3, sse4.1, sse4.2, popcnt, vzeroupper, avx, avx2, aes, clmul, erms, rtm, 3dnowpref, lzcnt, ht, tsc, tscinvbit, bmi1, bmi2, adx, fma, clflush, clflushopt

Memory: 4k page, system-wide physical 16211M (4454M free)
TotalPageFile size 28913M (AvailPageFile size 180M)
current process WorkingSet (physical memory assigned to process): 573M, peak: 573M
current process commit charge ("private bytes"): 1052M, peak: 1439M

vm_info: Java HotSpot(TM) 64-Bit Server VM (15.0.2+7-27) for windows-amd64 JRE (15.0.2+7-27), built on Dec  7 2020 20:07:01 by "mach5one" with unknown MS VC++:1925

END.
