#
# There is insufficient memory for the Java Runtime Environment to continue.
# Native memory allocation (mmap) failed to map 503316480 bytes for G1 virtual space
# Possible reasons:
#   The system is out of physical RAM or swap space
#   The process is running with CompressedOops enabled, and the Java Heap may be blocking the growth of the native heap
# Possible solutions:
#   Reduce memory load on the system
#   Increase physical memory or swap space
#   Check if swap backing store is full
#   Decrease Java heap size (-Xmx/-Xms)
#   Decrease number of Java threads
#   Decrease Java thread stack sizes (-Xss)
#   Set larger code cache with -XX:ReservedCodeCacheSize=
#   JVM is running with Zero Based Compressed Oops mode in which the Java heap is
#     placed in the first 32GB address space. The Java Heap base address is the
#     maximum limit for the native heap growth. Please use -XX:HeapBaseMinAddress
#     to set the Java Heap base and to place the Java Heap above 32GB virtual address.
# This output file may be truncated or incomplete.
#
#  Out of Memory Error (./open/src/hotspot/os/windows/os_windows.cpp:3321), pid=1724, tid=2152
#
# JRE version: Java(TM) SE Runtime Environment (15.0.2+7) (build 15.0.2+7-27)
# Java VM: Java HotSpot(TM) 64-Bit Server VM (15.0.2+7-27, mixed mode, sharing, tiered, compressed oops, g1 gc, windows-amd64)
# No core dump will be written. Minidumps are not enabled by default on client versions of Windows
#

---------------  S U M M A R Y ------------

Command Line: --module-path=D:\javafx-sdk-16\lib --add-modules=javafx.fxml,javafx.controls,javafx.graphics -Dfile.encoding=UTF-8 -XX:+ShowCodeDetailsInExceptionMessages il.cshaifasweng.OCSFMediatorExample.client.App 3000

Host: Intel(R) Core(TM) i7-6700HQ CPU @ 2.60GHz, 8 cores, 15G,  Windows 10 , 64 bit Build 19041 (10.0.19041.928)
Time: Sat May 15 22:54:06 2021 Jerusalem Daylight Time elapsed time: 3.787680 seconds (0d 0h 0m 3s)

---------------  T H R E A D  ---------------

Current thread (0x000002e0472e0e90):  VMThread "VM Thread" [stack: 0x000000e6af400000,0x000000e6af500000] [id=2152]

Stack: [0x000000e6af400000,0x000000e6af500000]
[error occurred during error reporting (printing stack bounds), id 0xc0000005, EXCEPTION_ACCESS_VIOLATION (0xc0000005) at pc=0x000002e02b6e10ad]

Native frames: (J=compiled Java code, j=interpreted, Vv=VM code, C=native code)
V  [jvm.dll+0x62ae9a]
V  [jvm.dll+0x7817a9]
V  [jvm.dll+0x782f03]
V  [jvm.dll+0x7834c5]
V  [jvm.dll+0x78347b]
V  [jvm.dll+0x62a2b9]
V  [jvm.dll+0x62aa88]
C  [ntdll.dll+0xa207f]
C  [ntdll.dll+0x51454]
C  [ntdll.dll+0xa0bae]
C  0x000002e02b6e10ad

VM_Operation (0x000000e6b04fb3e0): G1TryInitiateConcMark, mode: safepoint, requested by thread 0x000002e0487ba5b0


---------------  P R O C E S S  ---------------

Threads class SMR info:
_java_thread_list=0x000002e04e8e07b0, length=19, elements={
0x000002e021cd3ec0, 0x000002e0472e2710, 0x000002e0472e2ef0, 0x000002e047afc220,
0x000002e0472ed780, 0x000002e047b02e00, 0x000002e047b06b00, 0x000002e047b10220,
0x000002e047b22810, 0x000002e0472c8ab0, 0x000002e048069c10, 0x000002e048311bd0,
0x000002e047c1d130, 0x000002e0487ba5b0, 0x000002e0491fe830, 0x000002e049192da0,
0x000002e049595c80, 0x000002e0497b5c00, 0x000002e048afeb80
}

Java Threads: ( => current thread )
  0x000002e021cd3ec0 JavaThread "main" [_thread_blocked, id=976, stack(0x000000e6aee00000,0x000000e6aef00000)]
  0x000002e0472e2710 JavaThread "Reference Handler" daemon [_thread_blocked, id=17400, stack(0x000000e6af500000,0x000000e6af600000)]
  0x000002e0472e2ef0 JavaThread "Finalizer" daemon [_thread_blocked, id=15060, stack(0x000000e6af600000,0x000000e6af700000)]
  0x000002e047afc220 JavaThread "Signal Dispatcher" daemon [_thread_blocked, id=16984, stack(0x000000e6af700000,0x000000e6af800000)]
  0x000002e0472ed780 JavaThread "Attach Listener" daemon [_thread_blocked, id=15768, stack(0x000000e6af800000,0x000000e6af900000)]
  0x000002e047b02e00 JavaThread "Service Thread" daemon [_thread_blocked, id=16208, stack(0x000000e6af900000,0x000000e6afa00000)]
  0x000002e047b06b00 JavaThread "C2 CompilerThread0" daemon [_thread_blocked, id=12612, stack(0x000000e6afa00000,0x000000e6afb00000)]
  0x000002e047b10220 JavaThread "C1 CompilerThread0" daemon [_thread_blocked, id=3128, stack(0x000000e6afb00000,0x000000e6afc00000)]
  0x000002e047b22810 JavaThread "Sweeper thread" daemon [_thread_blocked, id=17644, stack(0x000000e6afc00000,0x000000e6afd00000)]
  0x000002e0472c8ab0 JavaThread "Common-Cleaner" daemon [_thread_blocked, id=20196, stack(0x000000e6afd00000,0x000000e6afe00000)]
  0x000002e048069c10 JavaThread "Notification Thread" daemon [_thread_blocked, id=19440, stack(0x000000e6b0000000,0x000000e6b0100000)]
  0x000002e048311bd0 JavaThread "QuantumRenderer-0" daemon [_thread_blocked, id=19988, stack(0x000000e6b0200000,0x000000e6b0300000)]
  0x000002e047c1d130 JavaThread "InvokeLaterDispatcher" daemon [_thread_blocked, id=2912, stack(0x000000e6b0300000,0x000000e6b0400000)]
  0x000002e0487ba5b0 JavaThread "JavaFX Application Thread" [_thread_blocked, id=13624, stack(0x000000e6b0400000,0x000000e6b0500000)]
  0x000002e0491fe830 JavaThread "JavaFX-Launcher" [_thread_blocked, id=15900, stack(0x000000e6b0900000,0x000000e6b0a00000)]
  0x000002e049192da0 JavaThread "Thread-2" daemon [_thread_blocked, id=7292, stack(0x000000e6b0800000,0x000000e6b0900000)]
  0x000002e049595c80 JavaThread "Thread-3" [_thread_in_native, id=7048, stack(0x000000e6b0a00000,0x000000e6b0b00000)]
  0x000002e0497b5c00 JavaThread "Prism Font Disposer" daemon [_thread_blocked, id=3528, stack(0x000000e6b1400000,0x000000e6b1500000)]
  0x000002e048afeb80 JavaThread "Cleaner-0" daemon [_thread_blocked, id=14308, stack(0x000000e6b1600000,0x000000e6b1700000)]

Other Threads:
=>0x000002e0472e0e90 VMThread "VM Thread" [stack: 0x000000e6af400000,0x000000e6af500000] [id=2152]
  0x000002e047c2e070 WatcherThread [stack: 0x000000e6b0100000,0x000000e6b0200000] [id=18424]
  0x000002e021d248a0 GCTaskThread "GC Thread#0" [stack: 0x000000e6aef00000,0x000000e6af000000] [id=18596]
  0x000002e048c48fb0 GCTaskThread "GC Thread#1" [stack: 0x000000e6b0b00000,0x000000e6b0c00000] [id=6648]
  0x000002e048c47300 GCTaskThread "GC Thread#2" [stack: 0x000000e6b0c00000,0x000000e6b0d00000] [id=10132]
  0x000002e048c48950 GCTaskThread "GC Thread#3" [stack: 0x000000e6b0d00000,0x000000e6b0e00000] [id=18640]
  0x000002e048c482f0 GCTaskThread "GC Thread#4" [stack: 0x000000e6b0e00000,0x000000e6b0f00000] [id=20148]
  0x000002e048c49610 GCTaskThread "GC Thread#5" [stack: 0x000000e6b0f00000,0x000000e6b1000000] [id=15876]
  0x000002e048c48620 GCTaskThread "GC Thread#6" [stack: 0x000000e6b1000000,0x000000e6b1100000] [id=6436]
  0x000002e048c48c80 GCTaskThread "GC Thread#7" [stack: 0x000000e6b1100000,0x000000e6b1200000] [id=14704]
  0x000002e021d358c0 ConcurrentGCThread "G1 Main Marker" [stack: 0x000000e6af000000,0x000000e6af100000] [id=5956]
  0x000002e021d37c60 ConcurrentGCThread "G1 Conc#0" [stack: 0x000000e6af100000,0x000000e6af200000] [id=15908]
  0x000002e0492ce930 ConcurrentGCThread "G1 Conc#1" [stack: 0x000000e6afe00000,0x000000e6aff00000] [id=2252]
  0x000002e021daea00 ConcurrentGCThread "G1 Refine#0" [stack: 0x000000e6af200000,0x000000e6af300000] [id=22068]
  0x000002e0492c7c00 ConcurrentGCThread "G1 Refine#1" [stack: 0x000000e6b1500000,0x000000e6b1600000] [id=18940]
  0x000002e047154390 ConcurrentGCThread "G1 Young RemSet Sampling" [stack: 0x000000e6af300000,0x000000e6af400000] [id=9604]

Threads with active compile tasks:
C1 CompilerThread0     3829 2985       3       javafx.scene.Node$2::invalidated (236 bytes)

VM state: at safepoint (normal execution)

VM Mutex/Monitor currently owned by a thread:  ([mutex/lock_event])
[0x000002e021ccfc60] Threads_lock - owner thread: 0x000002e0472e0e90
[0x000002e021ccf510] Heap_lock - owner thread: 0x000002e0487ba5b0

Heap address: 0x0000000702a00000, size: 4054 MB, Compressed Oops mode: Zero based, Oop shift amount: 3
CDS archive(s) mapped at: [0x0000000800000000-0x0000000800b50000-0x0000000800b50000), size 11862016, SharedBaseAddress: 0x0000000800000000, ArchiveRelocationMode: 0.
Compressed class space mapped at: 0x0000000800b50000-0x0000000840b50000, size: 1073741824
Narrow klass base: 0x0000000800000000, Narrow klass shift: 3, Narrow klass range: 0x100000000

GC Precious Log:
 CPUs: 8 total, 8 available
 Memory: 16211M
 Large Page Support: Disabled
 NUMA Support: Disabled
 Compressed Oops: Enabled (Zero based)
 Heap Region Size: 2M
 Heap Min Capacity: 8M
 Heap Initial Capacity: 254M
 Heap Max Capacity: 4054M
 Pre-touch: Disabled
 Parallel Workers: 8
 Concurrent Workers: 2
 Concurrent Refinement Workers: 8
 Periodic GC: Disabled

Heap:
 garbage-first heap   total 1089536K, used 291725K [0x0000000702a00000, 0x0000000800000000)
  region size 2048K, 1 young (2048K), 1 survivors (2048K)
 Metaspace       used 18425K, capacity 18769K, committed 18944K, reserved 1064960K
  class space    used 2614K, capacity 2712K, committed 2816K, reserved 1048576K

Heap Regions: E=young(eden), S=young(survivor), O=old, HS=humongous(starts), HC=humongous(continues), CS=collection set, F=free, OA=open archive, CA=closed archive, TAMS=top-at-mark-start (previous, next)
|   0|0x0000000702a00000, 0x0000000702c00000, 0x0000000702c00000|100%| O|  |TAMS 0x0000000702c00000, 0x0000000702c00000| Untracked 
|   1|0x0000000702c00000, 0x0000000702e00000, 0x0000000702e00000|100%|HS|  |TAMS 0x0000000702e00000, 0x0000000702e00000| Complete 
|   2|0x0000000702e00000, 0x0000000703000000, 0x0000000703000000|100%|HC|  |TAMS 0x0000000703000000, 0x0000000703000000| Complete 
|   3|0x0000000703000000, 0x0000000703200000, 0x0000000703200000|100%|HC|  |TAMS 0x0000000703200000, 0x0000000703200000| Complete 
|   4|0x0000000703200000, 0x0000000703400000, 0x0000000703400000|100%|HC|  |TAMS 0x0000000703400000, 0x0000000703400000| Complete 
|   5|0x0000000703400000, 0x0000000703600000, 0x0000000703600000|100%|HC|  |TAMS 0x0000000703600000, 0x0000000703600000| Complete 
|   6|0x0000000703600000, 0x0000000703800000, 0x0000000703800000|100%|HC|  |TAMS 0x0000000703800000, 0x0000000703800000| Complete 
|   7|0x0000000703800000, 0x0000000703a00000, 0x0000000703a00000|100%|HC|  |TAMS 0x0000000703a00000, 0x0000000703a00000| Complete 
|   8|0x0000000703a00000, 0x0000000703c00000, 0x0000000703c00000|100%|HC|  |TAMS 0x0000000703c00000, 0x0000000703c00000| Complete 
|   9|0x0000000703c00000, 0x0000000703e00000, 0x0000000703e00000|100%|HC|  |TAMS 0x0000000703e00000, 0x0000000703e00000| Complete 
|  10|0x0000000703e00000, 0x0000000704000000, 0x0000000704000000|100%|HC|  |TAMS 0x0000000704000000, 0x0000000704000000| Complete 
|  11|0x0000000704000000, 0x0000000704200000, 0x0000000704200000|100%|HC|  |TAMS 0x0000000704200000, 0x0000000704200000| Complete 
|  12|0x0000000704200000, 0x0000000704400000, 0x0000000704400000|100%|HS|  |TAMS 0x0000000704400000, 0x0000000704400000| Complete 
|  13|0x0000000704400000, 0x0000000704600000, 0x0000000704600000|100%|HC|  |TAMS 0x0000000704600000, 0x0000000704600000| Complete 
|  14|0x0000000704600000, 0x0000000704800000, 0x0000000704800000|100%|HS|  |TAMS 0x0000000704800000, 0x0000000704800000| Complete 
|  15|0x0000000704800000, 0x0000000704a00000, 0x0000000704a00000|100%|HS|  |TAMS 0x0000000704a00000, 0x0000000704a00000| Complete 
|  16|0x0000000704a00000, 0x0000000704c00000, 0x0000000704c00000|100%|HC|  |TAMS 0x0000000704c00000, 0x0000000704c00000| Complete 
|  17|0x0000000704c00000, 0x0000000704e00000, 0x0000000704e00000|100%|HS|  |TAMS 0x0000000704e00000, 0x0000000704e00000| Complete 
|  18|0x0000000704e00000, 0x0000000705000000, 0x0000000705000000|100%|HC|  |TAMS 0x0000000705000000, 0x0000000705000000| Complete 
|  19|0x0000000705000000, 0x0000000705200000, 0x0000000705200000|100%|HS|  |TAMS 0x0000000705200000, 0x0000000705200000| Complete 
|  20|0x0000000705200000, 0x0000000705400000, 0x0000000705400000|100%|HC|  |TAMS 0x0000000705400000, 0x0000000705400000| Complete 
|  21|0x0000000705400000, 0x0000000705600000, 0x0000000705600000|100%|HS|  |TAMS 0x0000000705600000, 0x0000000705600000| Complete 
|  22|0x0000000705600000, 0x0000000705800000, 0x0000000705800000|100%|HC|  |TAMS 0x0000000705800000, 0x0000000705800000| Complete 
|  23|0x0000000705800000, 0x0000000705a00000, 0x0000000705a00000|100%|HC|  |TAMS 0x0000000705a00000, 0x0000000705a00000| Complete 
|  24|0x0000000705a00000, 0x0000000705c00000, 0x0000000705c00000|100%|HC|  |TAMS 0x0000000705c00000, 0x0000000705c00000| Complete 
|  25|0x0000000705c00000, 0x0000000705e00000, 0x0000000705e00000|100%|HC|  |TAMS 0x0000000705e00000, 0x0000000705e00000| Complete 
|  26|0x0000000705e00000, 0x0000000706000000, 0x0000000706000000|100%|HC|  |TAMS 0x0000000706000000, 0x0000000706000000| Complete 
|  27|0x0000000706000000, 0x0000000706200000, 0x0000000706200000|100%|HC|  |TAMS 0x0000000706200000, 0x0000000706200000| Complete 
|  28|0x0000000706200000, 0x0000000706400000, 0x0000000706400000|100%|HC|  |TAMS 0x0000000706400000, 0x0000000706400000| Complete 
|  29|0x0000000706400000, 0x0000000706600000, 0x0000000706600000|100%|HC|  |TAMS 0x0000000706600000, 0x0000000706600000| Complete 
|  30|0x0000000706600000, 0x0000000706800000, 0x0000000706800000|100%|HC|  |TAMS 0x0000000706800000, 0x0000000706800000| Complete 
|  31|0x0000000706800000, 0x0000000706a00000, 0x0000000706a00000|100%|HC|  |TAMS 0x0000000706a00000, 0x0000000706a00000| Complete 
|  32|0x0000000706a00000, 0x0000000706c00000, 0x0000000706c00000|100%|HC|  |TAMS 0x0000000706c00000, 0x0000000706c00000| Complete 
|  33|0x0000000706c00000, 0x0000000706e00000, 0x0000000706e00000|100%|HC|  |TAMS 0x0000000706e00000, 0x0000000706e00000| Complete 
|  34|0x0000000706e00000, 0x0000000707000000, 0x0000000707000000|100%|HC|  |TAMS 0x0000000707000000, 0x0000000707000000| Complete 
|  35|0x0000000707000000, 0x0000000707200000, 0x0000000707200000|100%|HC|  |TAMS 0x0000000707200000, 0x0000000707200000| Complete 
|  36|0x0000000707200000, 0x0000000707400000, 0x0000000707400000|100%|HC|  |TAMS 0x0000000707400000, 0x0000000707400000| Complete 
|  37|0x0000000707400000, 0x0000000707600000, 0x0000000707600000|100%|HC|  |TAMS 0x0000000707600000, 0x0000000707600000| Complete 
|  38|0x0000000707600000, 0x0000000707800000, 0x0000000707800000|100%|HC|  |TAMS 0x0000000707800000, 0x0000000707800000| Complete 
|  39|0x0000000707800000, 0x0000000707a00000, 0x0000000707a00000|100%|HC|  |TAMS 0x0000000707a00000, 0x0000000707a00000| Complete 
|  40|0x0000000707a00000, 0x0000000707c00000, 0x0000000707c00000|100%|HS|  |TAMS 0x0000000707c00000, 0x0000000707c00000| Complete 
|  41|0x0000000707c00000, 0x0000000707e00000, 0x0000000707e00000|100%|HC|  |TAMS 0x0000000707e00000, 0x0000000707e00000| Complete 
|  42|0x0000000707e00000, 0x0000000708000000, 0x0000000708000000|100%| O|  |TAMS 0x0000000708000000, 0x0000000708000000| Untracked 
|  43|0x0000000708000000, 0x0000000708200000, 0x0000000708200000|100%| O|  |TAMS 0x0000000708200000, 0x0000000708200000| Untracked 
|  44|0x0000000708200000, 0x0000000708400000, 0x0000000708400000|100%|HS|  |TAMS 0x0000000708400000, 0x0000000708400000| Complete 
|  45|0x0000000708400000, 0x0000000708600000, 0x0000000708600000|100%|HC|  |TAMS 0x0000000708600000, 0x0000000708600000| Complete 
|  46|0x0000000708600000, 0x0000000708800000, 0x0000000708800000|100%|HC|  |TAMS 0x0000000708800000, 0x0000000708800000| Complete 
|  47|0x0000000708800000, 0x0000000708a00000, 0x0000000708a00000|100%|HC|  |TAMS 0x0000000708a00000, 0x0000000708a00000| Complete 
|  48|0x0000000708a00000, 0x0000000708c00000, 0x0000000708c00000|100%|HC|  |TAMS 0x0000000708c00000, 0x0000000708c00000| Complete 
|  49|0x0000000708c00000, 0x0000000708e00000, 0x0000000708e00000|100%|HC|  |TAMS 0x0000000708e00000, 0x0000000708e00000| Complete 
|  50|0x0000000708e00000, 0x0000000709000000, 0x0000000709000000|100%|HC|  |TAMS 0x0000000709000000, 0x0000000709000000| Complete 
|  51|0x0000000709000000, 0x0000000709200000, 0x0000000709200000|100%|HC|  |TAMS 0x0000000709200000, 0x0000000709200000| Complete 
|  52|0x0000000709200000, 0x0000000709400000, 0x0000000709400000|100%|HC|  |TAMS 0x0000000709400000, 0x0000000709400000| Complete 
|  53|0x0000000709400000, 0x0000000709600000, 0x0000000709600000|100%|HC|  |TAMS 0x0000000709600000, 0x0000000709600000| Complete 
|  54|0x0000000709600000, 0x0000000709800000, 0x0000000709800000|100%|HC|  |TAMS 0x0000000709800000, 0x0000000709800000| Complete 
|  55|0x0000000709800000, 0x0000000709a00000, 0x0000000709a00000|100%|HS|  |TAMS 0x0000000709a00000, 0x0000000709a00000| Complete 
|  56|0x0000000709a00000, 0x0000000709c00000, 0x0000000709c00000|100%|HS|  |TAMS 0x0000000709c00000, 0x0000000709c00000| Complete 
|  57|0x0000000709c00000, 0x0000000709e00000, 0x0000000709e00000|100%| O|  |TAMS 0x0000000709e00000, 0x0000000709e00000| Untracked 
|  58|0x0000000709e00000, 0x000000070a000000, 0x000000070a000000|100%| O|  |TAMS 0x000000070a000000, 0x000000070a000000| Untracked 
|  59|0x000000070a000000, 0x000000070a200000, 0x000000070a200000|100%| O|  |TAMS 0x000000070a200000, 0x000000070a200000| Untracked 
|  60|0x000000070a200000, 0x000000070a400000, 0x000000070a400000|100%| O|  |TAMS 0x000000070a400000, 0x000000070a400000| Untracked 
|  61|0x000000070a400000, 0x000000070a600000, 0x000000070a600000|100%|HS|  |TAMS 0x000000070a600000, 0x000000070a600000| Complete 
|  62|0x000000070a600000, 0x000000070a800000, 0x000000070a800000|100%|HS|  |TAMS 0x000000070a800000, 0x000000070a800000| Complete 
|  63|0x000000070a800000, 0x000000070aa00000, 0x000000070aa00000|100%| O|  |TAMS 0x000000070aa00000, 0x000000070aa00000| Untracked 
|  64|0x000000070aa00000, 0x000000070ac00000, 0x000000070ac00000|100%| O|  |TAMS 0x000000070ac00000, 0x000000070ac00000| Untracked 
|  65|0x000000070ac00000, 0x000000070ae00000, 0x000000070ae00000|100%|HS|  |TAMS 0x000000070ae00000, 0x000000070ae00000| Complete 
|  66|0x000000070ae00000, 0x000000070b000000, 0x000000070b000000|100%|HS|  |TAMS 0x000000070b000000, 0x000000070b000000| Complete 
|  67|0x000000070b000000, 0x000000070b200000, 0x000000070b200000|100%|HS|  |TAMS 0x000000070b200000, 0x000000070b200000| Complete 
|  68|0x000000070b200000, 0x000000070b400000, 0x000000070b400000|100%|HS|  |TAMS 0x000000070b400000, 0x000000070b400000| Complete 
|  69|0x000000070b400000, 0x000000070b600000, 0x000000070b600000|100%|HS|  |TAMS 0x000000070b600000, 0x000000070b600000| Complete 
|  70|0x000000070b600000, 0x000000070b800000, 0x000000070b800000|100%|HS|  |TAMS 0x000000070b800000, 0x000000070b800000| Complete 
|  71|0x000000070b800000, 0x000000070ba00000, 0x000000070ba00000|100%|HS|  |TAMS 0x000000070ba00000, 0x000000070ba00000| Complete 
|  72|0x000000070ba00000, 0x000000070bc00000, 0x000000070bc00000|100%|HS|  |TAMS 0x000000070bc00000, 0x000000070bc00000| Complete 
|  73|0x000000070bc00000, 0x000000070be00000, 0x000000070be00000|100%|HS|  |TAMS 0x000000070be00000, 0x000000070be00000| Complete 
|  74|0x000000070be00000, 0x000000070c000000, 0x000000070c000000|100%|HS|  |TAMS 0x000000070c000000, 0x000000070c000000| Complete 
|  75|0x000000070c000000, 0x000000070c200000, 0x000000070c200000|100%|HS|  |TAMS 0x000000070c200000, 0x000000070c200000| Complete 
|  76|0x000000070c200000, 0x000000070c400000, 0x000000070c400000|100%|HS|  |TAMS 0x000000070c400000, 0x000000070c400000| Complete 
|  77|0x000000070c400000, 0x000000070c600000, 0x000000070c600000|100%|HS|  |TAMS 0x000000070c600000, 0x000000070c600000| Complete 
|  78|0x000000070c600000, 0x000000070c800000, 0x000000070c800000|100%|HS|  |TAMS 0x000000070c800000, 0x000000070c800000| Complete 
|  79|0x000000070c800000, 0x000000070ca00000, 0x000000070ca00000|100%|HS|  |TAMS 0x000000070ca00000, 0x000000070ca00000| Complete 
|  80|0x000000070ca00000, 0x000000070cc00000, 0x000000070cc00000|100%|HS|  |TAMS 0x000000070cc00000, 0x000000070cc00000| Complete 
|  81|0x000000070cc00000, 0x000000070ce00000, 0x000000070ce00000|100%|HS|  |TAMS 0x000000070ce00000, 0x000000070ce00000| Complete 
|  82|0x000000070ce00000, 0x000000070d000000, 0x000000070d000000|100%|HS|  |TAMS 0x000000070d000000, 0x000000070d000000| Complete 
|  83|0x000000070d000000, 0x000000070d200000, 0x000000070d200000|100%|HS|  |TAMS 0x000000070d200000, 0x000000070d200000| Complete 
|  84|0x000000070d200000, 0x000000070d400000, 0x000000070d400000|100%|HS|  |TAMS 0x000000070d400000, 0x000000070d400000| Complete 
|  85|0x000000070d400000, 0x000000070d600000, 0x000000070d600000|100%|HS|  |TAMS 0x000000070d600000, 0x000000070d600000| Complete 
|  86|0x000000070d600000, 0x000000070d800000, 0x000000070d800000|100%|HS|  |TAMS 0x000000070d800000, 0x000000070d800000| Complete 
|  87|0x000000070d800000, 0x000000070da00000, 0x000000070da00000|100%|HS|  |TAMS 0x000000070da00000, 0x000000070da00000| Complete 
|  88|0x000000070da00000, 0x000000070dc00000, 0x000000070dc00000|100%|HS|  |TAMS 0x000000070dc00000, 0x000000070dc00000| Complete 
|  89|0x000000070dc00000, 0x000000070de00000, 0x000000070de00000|100%|HS|  |TAMS 0x000000070de00000, 0x000000070de00000| Complete 
|  90|0x000000070de00000, 0x000000070e000000, 0x000000070e000000|100%|HS|  |TAMS 0x000000070e000000, 0x000000070e000000| Complete 
|  91|0x000000070e000000, 0x000000070e200000, 0x000000070e200000|100%|HS|  |TAMS 0x000000070e200000, 0x000000070e200000| Complete 
|  92|0x000000070e200000, 0x000000070e400000, 0x000000070e400000|100%|HS|  |TAMS 0x000000070e400000, 0x000000070e400000| Complete 
|  93|0x000000070e400000, 0x000000070e600000, 0x000000070e600000|100%|HS|  |TAMS 0x000000070e600000, 0x000000070e600000| Complete 
|  94|0x000000070e600000, 0x000000070e800000, 0x000000070e800000|100%|HS|  |TAMS 0x000000070e800000, 0x000000070e800000| Complete 
|  95|0x000000070e800000, 0x000000070ea00000, 0x000000070ea00000|100%|HS|  |TAMS 0x000000070ea00000, 0x000000070ea00000| Complete 
|  96|0x000000070ea00000, 0x000000070ec00000, 0x000000070ec00000|100%|HS|  |TAMS 0x000000070ec00000, 0x000000070ec00000| Complete 
|  97|0x000000070ec00000, 0x000000070ee00000, 0x000000070ee00000|100%|HS|  |TAMS 0x000000070ee00000, 0x000000070ee00000| Complete 
|  98|0x000000070ee00000, 0x000000070f000000, 0x000000070f000000|100%|HS|  |TAMS 0x000000070f000000, 0x000000070f000000| Complete 
|  99|0x000000070f000000, 0x000000070f200000, 0x000000070f200000|100%|HS|  |TAMS 0x000000070f200000, 0x000000070f200000| Complete 
| 100|0x000000070f200000, 0x000000070f400000, 0x000000070f400000|100%|HS|  |TAMS 0x000000070f400000, 0x000000070f400000| Complete 
| 101|0x000000070f400000, 0x000000070f600000, 0x000000070f600000|100%|HS|  |TAMS 0x000000070f600000, 0x000000070f600000| Complete 
| 102|0x000000070f600000, 0x000000070f800000, 0x000000070f800000|100%|HS|  |TAMS 0x000000070f800000, 0x000000070f800000| Complete 
| 103|0x000000070f800000, 0x000000070fa00000, 0x000000070fa00000|100%|HS|  |TAMS 0x000000070fa00000, 0x000000070fa00000| Complete 
| 104|0x000000070fa00000, 0x000000070fc00000, 0x000000070fc00000|100%|HS|  |TAMS 0x000000070fc00000, 0x000000070fc00000| Complete 
| 105|0x000000070fc00000, 0x000000070fe00000, 0x000000070fe00000|100%|HS|  |TAMS 0x000000070fe00000, 0x000000070fe00000| Complete 
| 106|0x000000070fe00000, 0x0000000710000000, 0x0000000710000000|100%|HS|  |TAMS 0x0000000710000000, 0x0000000710000000| Complete 
| 107|0x0000000710000000, 0x0000000710200000, 0x0000000710200000|100%|HS|  |TAMS 0x0000000710200000, 0x0000000710200000| Complete 
| 108|0x0000000710200000, 0x0000000710400000, 0x0000000710400000|100%|HS|  |TAMS 0x0000000710400000, 0x0000000710400000| Complete 
| 109|0x0000000710400000, 0x0000000710600000, 0x0000000710600000|100%|HS|  |TAMS 0x0000000710600000, 0x0000000710600000| Complete 
| 110|0x0000000710600000, 0x0000000710800000, 0x0000000710800000|100%|HS|  |TAMS 0x0000000710800000, 0x0000000710800000| Complete 
| 111|0x0000000710800000, 0x0000000710a00000, 0x0000000710a00000|100%|HS|  |TAMS 0x0000000710a00000, 0x0000000710a00000| Complete 
| 112|0x0000000710a00000, 0x0000000710c00000, 0x0000000710c00000|100%|HS|  |TAMS 0x0000000710c00000, 0x0000000710c00000| Complete 
| 113|0x0000000710c00000, 0x0000000710e00000, 0x0000000710e00000|100%|HS|  |TAMS 0x0000000710e00000, 0x0000000710e00000| Complete 
| 114|0x0000000710e00000, 0x0000000711000000, 0x0000000711000000|100%|HS|  |TAMS 0x0000000711000000, 0x0000000711000000| Complete 
| 115|0x0000000711000000, 0x0000000711200000, 0x0000000711200000|100%|HS|  |TAMS 0x0000000711200000, 0x0000000711200000| Complete 
| 116|0x0000000711200000, 0x0000000711400000, 0x0000000711400000|100%|HS|  |TAMS 0x0000000711400000, 0x0000000711400000| Complete 
| 117|0x0000000711400000, 0x0000000711600000, 0x0000000711600000|100%|HS|  |TAMS 0x0000000711600000, 0x0000000711600000| Complete 
| 118|0x0000000711600000, 0x0000000711800000, 0x0000000711800000|100%|HS|  |TAMS 0x0000000711800000, 0x0000000711800000| Complete 
| 119|0x0000000711800000, 0x0000000711a00000, 0x0000000711a00000|100%|HS|  |TAMS 0x0000000711a00000, 0x0000000711a00000| Complete 
| 120|0x0000000711a00000, 0x0000000711c00000, 0x0000000711c00000|100%|HS|  |TAMS 0x0000000711c00000, 0x0000000711c00000| Complete 
| 121|0x0000000711c00000, 0x0000000711e00000, 0x0000000711e00000|100%|HS|  |TAMS 0x0000000711e00000, 0x0000000711e00000| Complete 
| 122|0x0000000711e00000, 0x0000000712000000, 0x0000000712000000|100%|HS|  |TAMS 0x0000000712000000, 0x0000000712000000| Complete 
| 123|0x0000000712000000, 0x0000000712200000, 0x0000000712200000|100%|HS|  |TAMS 0x0000000712200000, 0x0000000712200000| Complete 
| 124|0x0000000712200000, 0x0000000712400000, 0x0000000712400000|100%|HS|  |TAMS 0x0000000712400000, 0x0000000712400000| Complete 
| 125|0x0000000712400000, 0x0000000712600000, 0x0000000712600000|100%|HS|  |TAMS 0x0000000712600000, 0x0000000712600000| Complete 
| 126|0x0000000712600000, 0x0000000712800000, 0x0000000712800000|100%|HS|  |TAMS 0x0000000712800000, 0x0000000712800000| Complete 
| 127|0x0000000712800000, 0x0000000712a00000, 0x0000000712a00000|100%|HS|  |TAMS 0x0000000712a00000, 0x0000000712a00000| Complete 
| 128|0x0000000712a00000, 0x0000000712c00000, 0x0000000712c00000|100%|HS|  |TAMS 0x0000000712c00000, 0x0000000712c00000| Complete 
| 129|0x0000000712c00000, 0x0000000712e00000, 0x0000000712e00000|100%|HS|  |TAMS 0x0000000712e00000, 0x0000000712e00000| Complete 
| 130|0x0000000712e00000, 0x0000000713000000, 0x0000000713000000|100%|HS|  |TAMS 0x0000000713000000, 0x0000000713000000| Complete 
| 131|0x0000000713000000, 0x0000000713200000, 0x0000000713200000|100%|HS|  |TAMS 0x0000000713200000, 0x0000000713200000| Complete 
| 132|0x0000000713200000, 0x0000000713400000, 0x0000000713400000|100%|HS|  |TAMS 0x0000000713400000, 0x0000000713400000| Complete 
| 133|0x0000000713400000, 0x0000000713600000, 0x0000000713600000|100%|HS|  |TAMS 0x0000000713600000, 0x0000000713600000| Complete 
| 134|0x0000000713600000, 0x0000000713800000, 0x0000000713800000|100%| O|  |TAMS 0x0000000713800000, 0x0000000713800000| Untracked 
| 135|0x0000000713800000, 0x0000000713a00000, 0x0000000713a00000|100%| O|  |TAMS 0x0000000713a00000, 0x0000000713a00000| Untracked 
| 136|0x0000000713a00000, 0x0000000713a1fa00, 0x0000000713c00000|  6%| O|  |TAMS 0x0000000713a11600, 0x0000000713a18800| Untracked 
| 137|0x0000000713c00000, 0x0000000713e00000, 0x0000000713e00000|100%|HS|  |TAMS 0x0000000713e00000, 0x0000000713e00000| Complete 
| 138|0x0000000713e00000, 0x0000000714000000, 0x0000000714000000|100%|HS|  |TAMS 0x0000000714000000, 0x0000000714000000| Complete 
| 139|0x0000000714000000, 0x0000000714200000, 0x0000000714200000|100%|HS|  |TAMS 0x0000000714200000, 0x0000000714200000| Complete 
| 140|0x0000000714200000, 0x0000000714400000, 0x0000000714400000|100%|HS|  |TAMS 0x0000000714200000, 0x0000000714400000| Complete 
| 141|0x0000000714400000, 0x0000000714600000, 0x0000000714600000|100%|HS|  |TAMS 0x0000000714400000, 0x0000000714600000| Complete 
| 142|0x0000000714600000, 0x0000000714800000, 0x0000000714800000|100%|HS|  |TAMS 0x0000000714600000, 0x0000000714800000| Complete 
| 143|0x0000000714800000, 0x0000000714800000, 0x0000000714a00000|  0%| F|  |TAMS 0x0000000714800000, 0x0000000714800000| Untracked 
| 144|0x0000000714a00000, 0x0000000714a00000, 0x0000000714c00000|  0%| F|  |TAMS 0x0000000714a00000, 0x0000000714a00000| Untracked 
| 145|0x0000000714c00000, 0x0000000714c00000, 0x0000000714e00000|  0%| F|  |TAMS 0x0000000714c00000, 0x0000000714c00000| Untracked 
| 146|0x0000000714e00000, 0x0000000714e00000, 0x0000000715000000|  0%| F|  |TAMS 0x0000000714e00000, 0x0000000714e00000| Untracked 
| 147|0x0000000715000000, 0x0000000715000000, 0x0000000715200000|  0%| F|  |TAMS 0x0000000715000000, 0x0000000715000000| Untracked 
| 148|0x0000000715200000, 0x0000000715200000, 0x0000000715400000|  0%| F|  |TAMS 0x0000000715200000, 0x0000000715200000| Untracked 
| 149|0x0000000715400000, 0x0000000715400000, 0x0000000715600000|  0%| F|  |TAMS 0x0000000715400000, 0x0000000715400000| Untracked 
| 150|0x0000000715600000, 0x0000000715600000, 0x0000000715800000|  0%| F|  |TAMS 0x0000000715600000, 0x0000000715600000| Untracked 
| 151|0x0000000715800000, 0x0000000715800000, 0x0000000715a00000|  0%| F|  |TAMS 0x0000000715800000, 0x0000000715800000| Untracked 
| 152|0x0000000715a00000, 0x0000000715a00000, 0x0000000715c00000|  0%| F|  |TAMS 0x0000000715a00000, 0x0000000715a00000| Untracked 
| 153|0x0000000715c00000, 0x0000000715c00000, 0x0000000715e00000|  0%| F|  |TAMS 0x0000000715c00000, 0x0000000715c00000| Untracked 
| 154|0x0000000715e00000, 0x0000000715e00000, 0x0000000716000000|  0%| F|  |TAMS 0x0000000715e00000, 0x0000000715e00000| Untracked 
| 155|0x0000000716000000, 0x0000000716000000, 0x0000000716200000|  0%| F|  |TAMS 0x0000000716000000, 0x0000000716000000| Untracked 
| 156|0x0000000716200000, 0x0000000716200000, 0x0000000716400000|  0%| F|  |TAMS 0x0000000716200000, 0x0000000716200000| Untracked 
| 157|0x0000000716400000, 0x0000000716400000, 0x0000000716600000|  0%| F|  |TAMS 0x0000000716400000, 0x0000000716400000| Untracked 
| 158|0x0000000716600000, 0x0000000716600000, 0x0000000716800000|  0%| F|  |TAMS 0x0000000716600000, 0x0000000716600000| Untracked 
| 159|0x0000000716800000, 0x0000000716800000, 0x0000000716a00000|  0%| F|  |TAMS 0x0000000716800000, 0x0000000716800000| Untracked 
| 160|0x0000000716a00000, 0x0000000716a00000, 0x0000000716c00000|  0%| F|  |TAMS 0x0000000716a00000, 0x0000000716a00000| Untracked 
| 161|0x0000000716c00000, 0x0000000716c00000, 0x0000000716e00000|  0%| F|  |TAMS 0x0000000716c00000, 0x0000000716c00000| Untracked 
| 162|0x0000000716e00000, 0x0000000716e00000, 0x0000000717000000|  0%| F|  |TAMS 0x0000000716e00000, 0x0000000716e00000| Untracked 
| 163|0x0000000717000000, 0x0000000717000000, 0x0000000717200000|  0%| F|  |TAMS 0x0000000717000000, 0x0000000717000000| Untracked 
| 164|0x0000000717200000, 0x0000000717200000, 0x0000000717400000|  0%| F|  |TAMS 0x0000000717200000, 0x0000000717200000| Untracked 
| 165|0x0000000717400000, 0x0000000717400000, 0x0000000717600000|  0%| F|  |TAMS 0x0000000717400000, 0x0000000717400000| Untracked 
| 166|0x0000000717600000, 0x0000000717600000, 0x0000000717800000|  0%| F|  |TAMS 0x0000000717600000, 0x0000000717600000| Untracked 
| 167|0x0000000717800000, 0x0000000717800000, 0x0000000717a00000|  0%| F|  |TAMS 0x0000000717800000, 0x0000000717800000| Untracked 
| 168|0x0000000717a00000, 0x0000000717a00000, 0x0000000717c00000|  0%| F|  |TAMS 0x0000000717a00000, 0x0000000717a00000| Untracked 
| 169|0x0000000717c00000, 0x0000000717c00000, 0x0000000717e00000|  0%| F|  |TAMS 0x0000000717c00000, 0x0000000717c00000| Untracked 
| 170|0x0000000717e00000, 0x0000000717e00000, 0x0000000718000000|  0%| F|  |TAMS 0x0000000717e00000, 0x0000000717e00000| Untracked 
| 171|0x0000000718000000, 0x0000000718000000, 0x0000000718200000|  0%| F|  |TAMS 0x0000000718000000, 0x0000000718000000| Untracked 
| 172|0x0000000718200000, 0x0000000718200000, 0x0000000718400000|  0%| F|  |TAMS 0x0000000718200000, 0x0000000718200000| Untracked 
| 173|0x0000000718400000, 0x0000000718400000, 0x0000000718600000|  0%| F|  |TAMS 0x0000000718400000, 0x0000000718400000| Untracked 
| 174|0x0000000718600000, 0x0000000718600000, 0x0000000718800000|  0%| F|  |TAMS 0x0000000718600000, 0x0000000718600000| Untracked 
| 175|0x0000000718800000, 0x0000000718800000, 0x0000000718a00000|  0%| F|  |TAMS 0x0000000718800000, 0x0000000718800000| Untracked 
| 176|0x0000000718a00000, 0x0000000718a00000, 0x0000000718c00000|  0%| F|  |TAMS 0x0000000718a00000, 0x0000000718a00000| Untracked 
| 177|0x0000000718c00000, 0x0000000718c00000, 0x0000000718e00000|  0%| F|  |TAMS 0x0000000718c00000, 0x0000000718c00000| Untracked 
| 178|0x0000000718e00000, 0x0000000718e00000, 0x0000000719000000|  0%| F|  |TAMS 0x0000000718e00000, 0x0000000718e00000| Untracked 
| 179|0x0000000719000000, 0x0000000719000000, 0x0000000719200000|  0%| F|  |TAMS 0x0000000719000000, 0x0000000719000000| Untracked 
| 180|0x0000000719200000, 0x0000000719200000, 0x0000000719400000|  0%| F|  |TAMS 0x0000000719200000, 0x0000000719200000| Untracked 
| 181|0x0000000719400000, 0x0000000719400000, 0x0000000719600000|  0%| F|  |TAMS 0x0000000719400000, 0x0000000719400000| Untracked 
| 182|0x0000000719600000, 0x0000000719600000, 0x0000000719800000|  0%| F|  |TAMS 0x0000000719600000, 0x0000000719600000| Untracked 
| 183|0x0000000719800000, 0x0000000719800000, 0x0000000719a00000|  0%| F|  |TAMS 0x0000000719800000, 0x0000000719800000| Untracked 
| 184|0x0000000719a00000, 0x0000000719a00000, 0x0000000719c00000|  0%| F|  |TAMS 0x0000000719a00000, 0x0000000719a00000| Untracked 
| 185|0x0000000719c00000, 0x0000000719c00000, 0x0000000719e00000|  0%| F|  |TAMS 0x0000000719c00000, 0x0000000719c00000| Untracked 
| 186|0x0000000719e00000, 0x0000000719e00000, 0x000000071a000000|  0%| F|  |TAMS 0x0000000719e00000, 0x0000000719e00000| Untracked 
| 187|0x000000071a000000, 0x000000071a000000, 0x000000071a200000|  0%| F|  |TAMS 0x000000071a000000, 0x000000071a000000| Untracked 
| 188|0x000000071a200000, 0x000000071a200000, 0x000000071a400000|  0%| F|  |TAMS 0x000000071a200000, 0x000000071a200000| Untracked 
| 189|0x000000071a400000, 0x000000071a400000, 0x000000071a600000|  0%| F|  |TAMS 0x000000071a400000, 0x000000071a400000| Untracked 
| 190|0x000000071a600000, 0x000000071a600000, 0x000000071a800000|  0%| F|  |TAMS 0x000000071a600000, 0x000000071a600000| Untracked 
| 191|0x000000071a800000, 0x000000071a800000, 0x000000071aa00000|  0%| F|  |TAMS 0x000000071a800000, 0x000000071a800000| Untracked 
| 192|0x000000071aa00000, 0x000000071aa00000, 0x000000071ac00000|  0%| F|  |TAMS 0x000000071aa00000, 0x000000071aa00000| Untracked 
| 193|0x000000071ac00000, 0x000000071ac00000, 0x000000071ae00000|  0%| F|  |TAMS 0x000000071ac00000, 0x000000071ac00000| Untracked 
| 194|0x000000071ae00000, 0x000000071ae00000, 0x000000071b000000|  0%| F|  |TAMS 0x000000071ae00000, 0x000000071ae00000| Untracked 
| 195|0x000000071b000000, 0x000000071b000000, 0x000000071b200000|  0%| F|  |TAMS 0x000000071b000000, 0x000000071b000000| Untracked 
| 196|0x000000071b200000, 0x000000071b200000, 0x000000071b400000|  0%| F|  |TAMS 0x000000071b200000, 0x000000071b200000| Untracked 
| 197|0x000000071b400000, 0x000000071b400000, 0x000000071b600000|  0%| F|  |TAMS 0x000000071b400000, 0x000000071b400000| Untracked 
| 198|0x000000071b600000, 0x000000071b600000, 0x000000071b800000|  0%| F|  |TAMS 0x000000071b600000, 0x000000071b600000| Untracked 
| 199|0x000000071b800000, 0x000000071b800000, 0x000000071ba00000|  0%| F|  |TAMS 0x000000071b800000, 0x000000071b800000| Untracked 
| 200|0x000000071ba00000, 0x000000071ba00000, 0x000000071bc00000|  0%| F|  |TAMS 0x000000071ba00000, 0x000000071ba00000| Untracked 
| 201|0x000000071bc00000, 0x000000071bc00000, 0x000000071be00000|  0%| F|  |TAMS 0x000000071bc00000, 0x000000071bc00000| Untracked 
| 202|0x000000071be00000, 0x000000071be00000, 0x000000071c000000|  0%| F|  |TAMS 0x000000071be00000, 0x000000071be00000| Untracked 
| 203|0x000000071c000000, 0x000000071c000000, 0x000000071c200000|  0%| F|  |TAMS 0x000000071c000000, 0x000000071c000000| Untracked 
| 204|0x000000071c200000, 0x000000071c200000, 0x000000071c400000|  0%| F|  |TAMS 0x000000071c200000, 0x000000071c200000| Untracked 
| 205|0x000000071c400000, 0x000000071c400000, 0x000000071c600000|  0%| F|  |TAMS 0x000000071c400000, 0x000000071c400000| Untracked 
| 206|0x000000071c600000, 0x000000071c600000, 0x000000071c800000|  0%| F|  |TAMS 0x000000071c600000, 0x000000071c600000| Untracked 
| 207|0x000000071c800000, 0x000000071c800000, 0x000000071ca00000|  0%| F|  |TAMS 0x000000071c800000, 0x000000071c800000| Untracked 
| 208|0x000000071ca00000, 0x000000071ca00000, 0x000000071cc00000|  0%| F|  |TAMS 0x000000071ca00000, 0x000000071ca00000| Untracked 
| 209|0x000000071cc00000, 0x000000071cc00000, 0x000000071ce00000|  0%| F|  |TAMS 0x000000071cc00000, 0x000000071cc00000| Untracked 
| 210|0x000000071ce00000, 0x000000071ce00000, 0x000000071d000000|  0%| F|  |TAMS 0x000000071ce00000, 0x000000071ce00000| Untracked 
| 211|0x000000071d000000, 0x000000071d000000, 0x000000071d200000|  0%| F|  |TAMS 0x000000071d000000, 0x000000071d000000| Untracked 
| 212|0x000000071d200000, 0x000000071d200000, 0x000000071d400000|  0%| F|  |TAMS 0x000000071d200000, 0x000000071d200000| Untracked 
| 213|0x000000071d400000, 0x000000071d400000, 0x000000071d600000|  0%| F|  |TAMS 0x000000071d400000, 0x000000071d400000| Untracked 
| 214|0x000000071d600000, 0x000000071d600000, 0x000000071d800000|  0%| F|  |TAMS 0x000000071d600000, 0x000000071d600000| Untracked 
| 215|0x000000071d800000, 0x000000071d800000, 0x000000071da00000|  0%| F|  |TAMS 0x000000071d800000, 0x000000071d800000| Untracked 
| 216|0x000000071da00000, 0x000000071da00000, 0x000000071dc00000|  0%| F|  |TAMS 0x000000071da00000, 0x000000071da00000| Untracked 
| 217|0x000000071dc00000, 0x000000071dc00000, 0x000000071de00000|  0%| F|  |TAMS 0x000000071dc00000, 0x000000071dc00000| Untracked 
| 218|0x000000071de00000, 0x000000071de00000, 0x000000071e000000|  0%| F|  |TAMS 0x000000071de00000, 0x000000071de00000| Untracked 
| 219|0x000000071e000000, 0x000000071e000000, 0x000000071e200000|  0%| F|  |TAMS 0x000000071e000000, 0x000000071e000000| Untracked 
| 220|0x000000071e200000, 0x000000071e200000, 0x000000071e400000|  0%| F|  |TAMS 0x000000071e200000, 0x000000071e200000| Untracked 
| 221|0x000000071e400000, 0x000000071e400000, 0x000000071e600000|  0%| F|  |TAMS 0x000000071e400000, 0x000000071e400000| Untracked 
| 222|0x000000071e600000, 0x000000071e600000, 0x000000071e800000|  0%| F|  |TAMS 0x000000071e600000, 0x000000071e600000| Untracked 
| 223|0x000000071e800000, 0x000000071e800000, 0x000000071ea00000|  0%| F|  |TAMS 0x000000071e800000, 0x000000071e800000| Untracked 
| 224|0x000000071ea00000, 0x000000071ea00000, 0x000000071ec00000|  0%| F|  |TAMS 0x000000071ea00000, 0x000000071ea00000| Untracked 
| 225|0x000000071ec00000, 0x000000071ec00000, 0x000000071ee00000|  0%| F|  |TAMS 0x000000071ec00000, 0x000000071ec00000| Untracked 
| 226|0x000000071ee00000, 0x000000071ee00000, 0x000000071f000000|  0%| F|  |TAMS 0x000000071ee00000, 0x000000071ee00000| Untracked 
| 227|0x000000071f000000, 0x000000071f000000, 0x000000071f200000|  0%| F|  |TAMS 0x000000071f000000, 0x000000071f000000| Untracked 
| 228|0x000000071f200000, 0x000000071f200000, 0x000000071f400000|  0%| F|  |TAMS 0x000000071f200000, 0x000000071f200000| Untracked 
| 229|0x000000071f400000, 0x000000071f400000, 0x000000071f600000|  0%| F|  |TAMS 0x000000071f400000, 0x000000071f400000| Untracked 
| 230|0x000000071f600000, 0x000000071f600000, 0x000000071f800000|  0%| F|  |TAMS 0x000000071f600000, 0x000000071f600000| Untracked 
| 231|0x000000071f800000, 0x000000071f800000, 0x000000071fa00000|  0%| F|  |TAMS 0x000000071f800000, 0x000000071f800000| Untracked 
| 232|0x000000071fa00000, 0x000000071fa00000, 0x000000071fc00000|  0%| F|  |TAMS 0x000000071fa00000, 0x000000071fa00000| Untracked 
| 233|0x000000071fc00000, 0x000000071fc00000, 0x000000071fe00000|  0%| F|  |TAMS 0x000000071fc00000, 0x000000071fc00000| Untracked 
| 234|0x000000071fe00000, 0x000000071fe00000, 0x0000000720000000|  0%| F|  |TAMS 0x000000071fe00000, 0x000000071fe00000| Untracked 
| 235|0x0000000720000000, 0x0000000720000000, 0x0000000720200000|  0%| F|  |TAMS 0x0000000720000000, 0x0000000720000000| Untracked 
| 236|0x0000000720200000, 0x0000000720200000, 0x0000000720400000|  0%| F|  |TAMS 0x0000000720200000, 0x0000000720200000| Untracked 
| 237|0x0000000720400000, 0x0000000720400000, 0x0000000720600000|  0%| F|  |TAMS 0x0000000720400000, 0x0000000720400000| Untracked 
| 238|0x0000000720600000, 0x0000000720600000, 0x0000000720800000|  0%| F|  |TAMS 0x0000000720600000, 0x0000000720600000| Untracked 
| 239|0x0000000720800000, 0x0000000720800000, 0x0000000720a00000|  0%| F|  |TAMS 0x0000000720800000, 0x0000000720800000| Untracked 
| 240|0x0000000720a00000, 0x0000000720a00000, 0x0000000720c00000|  0%| F|  |TAMS 0x0000000720a00000, 0x0000000720a00000| Untracked 
| 241|0x0000000720c00000, 0x0000000720c00000, 0x0000000720e00000|  0%| F|  |TAMS 0x0000000720c00000, 0x0000000720c00000| Untracked 
| 242|0x0000000720e00000, 0x0000000720e00000, 0x0000000721000000|  0%| F|  |TAMS 0x0000000720e00000, 0x0000000720e00000| Untracked 
| 243|0x0000000721000000, 0x0000000721000000, 0x0000000721200000|  0%| F|  |TAMS 0x0000000721000000, 0x0000000721000000| Untracked 
| 244|0x0000000721200000, 0x0000000721200000, 0x0000000721400000|  0%| F|  |TAMS 0x0000000721200000, 0x0000000721200000| Untracked 
| 245|0x0000000721400000, 0x0000000721400000, 0x0000000721600000|  0%| F|  |TAMS 0x0000000721400000, 0x0000000721400000| Untracked 
| 246|0x0000000721600000, 0x0000000721600000, 0x0000000721800000|  0%| F|  |TAMS 0x0000000721600000, 0x0000000721600000| Untracked 
| 247|0x0000000721800000, 0x0000000721800000, 0x0000000721a00000|  0%| F|  |TAMS 0x0000000721800000, 0x0000000721800000| Untracked 
| 248|0x0000000721a00000, 0x0000000721a00000, 0x0000000721c00000|  0%| F|  |TAMS 0x0000000721a00000, 0x0000000721a00000| Untracked 
| 249|0x0000000721c00000, 0x0000000721c00000, 0x0000000721e00000|  0%| F|  |TAMS 0x0000000721c00000, 0x0000000721c00000| Untracked 
| 250|0x0000000721e00000, 0x0000000721e00000, 0x0000000722000000|  0%| F|  |TAMS 0x0000000721e00000, 0x0000000721e00000| Untracked 
| 251|0x0000000722000000, 0x0000000722000000, 0x0000000722200000|  0%| F|  |TAMS 0x0000000722000000, 0x0000000722000000| Untracked 
| 252|0x0000000722200000, 0x0000000722200000, 0x0000000722400000|  0%| F|  |TAMS 0x0000000722200000, 0x0000000722200000| Untracked 
| 253|0x0000000722400000, 0x0000000722400000, 0x0000000722600000|  0%| F|  |TAMS 0x0000000722400000, 0x0000000722400000| Untracked 
| 254|0x0000000722600000, 0x0000000722600000, 0x0000000722800000|  0%| F|  |TAMS 0x0000000722600000, 0x0000000722600000| Untracked 
| 255|0x0000000722800000, 0x0000000722800000, 0x0000000722a00000|  0%| F|  |TAMS 0x0000000722800000, 0x0000000722800000| Untracked 
| 256|0x0000000722a00000, 0x0000000722a00000, 0x0000000722c00000|  0%| F|  |TAMS 0x0000000722a00000, 0x0000000722a00000| Untracked 
| 257|0x0000000722c00000, 0x0000000722c00000, 0x0000000722e00000|  0%| F|  |TAMS 0x0000000722c00000, 0x0000000722c00000| Untracked 
| 258|0x0000000722e00000, 0x0000000722e00000, 0x0000000723000000|  0%| F|  |TAMS 0x0000000722e00000, 0x0000000722e00000| Untracked 
| 259|0x0000000723000000, 0x0000000723000000, 0x0000000723200000|  0%| F|  |TAMS 0x0000000723000000, 0x0000000723000000| Untracked 
| 260|0x0000000723200000, 0x0000000723200000, 0x0000000723400000|  0%| F|  |TAMS 0x0000000723200000, 0x0000000723200000| Untracked 
| 261|0x0000000723400000, 0x0000000723400000, 0x0000000723600000|  0%| F|  |TAMS 0x0000000723400000, 0x0000000723400000| Untracked 
| 262|0x0000000723600000, 0x0000000723600000, 0x0000000723800000|  0%| F|  |TAMS 0x0000000723600000, 0x0000000723600000| Untracked 
| 263|0x0000000723800000, 0x0000000723800000, 0x0000000723a00000|  0%| F|  |TAMS 0x0000000723800000, 0x0000000723800000| Untracked 
| 264|0x0000000723a00000, 0x0000000723a00000, 0x0000000723c00000|  0%| F|  |TAMS 0x0000000723a00000, 0x0000000723a00000| Untracked 
| 265|0x0000000723c00000, 0x0000000723c00000, 0x0000000723e00000|  0%| F|  |TAMS 0x0000000723c00000, 0x0000000723c00000| Untracked 
| 266|0x0000000723e00000, 0x0000000723e00000, 0x0000000724000000|  0%| F|  |TAMS 0x0000000723e00000, 0x0000000723e00000| Untracked 
| 267|0x0000000724000000, 0x0000000724000000, 0x0000000724200000|  0%| F|  |TAMS 0x0000000724000000, 0x0000000724000000| Untracked 
| 268|0x0000000724200000, 0x0000000724200000, 0x0000000724400000|  0%| F|  |TAMS 0x0000000724200000, 0x0000000724200000| Untracked 
| 269|0x0000000724400000, 0x0000000724400000, 0x0000000724600000|  0%| F|  |TAMS 0x0000000724400000, 0x0000000724400000| Untracked 
| 270|0x0000000724600000, 0x0000000724600000, 0x0000000724800000|  0%| F|  |TAMS 0x0000000724600000, 0x0000000724600000| Untracked 
| 271|0x0000000724800000, 0x0000000724800000, 0x0000000724a00000|  0%| F|  |TAMS 0x0000000724800000, 0x0000000724800000| Untracked 
| 272|0x0000000724a00000, 0x0000000724a00000, 0x0000000724c00000|  0%| F|  |TAMS 0x0000000724a00000, 0x0000000724a00000| Untracked 
| 273|0x0000000724c00000, 0x0000000724c00000, 0x0000000724e00000|  0%| F|  |TAMS 0x0000000724c00000, 0x0000000724c00000| Untracked 
| 274|0x0000000724e00000, 0x0000000724e00000, 0x0000000725000000|  0%| F|  |TAMS 0x0000000724e00000, 0x0000000724e00000| Untracked 
| 275|0x0000000725000000, 0x0000000725000000, 0x0000000725200000|  0%| F|  |TAMS 0x0000000725000000, 0x0000000725000000| Untracked 
| 276|0x0000000725200000, 0x0000000725200000, 0x0000000725400000|  0%| F|  |TAMS 0x0000000725200000, 0x0000000725200000| Untracked 
| 277|0x0000000725400000, 0x0000000725400000, 0x0000000725600000|  0%| F|  |TAMS 0x0000000725400000, 0x0000000725400000| Untracked 
| 278|0x0000000725600000, 0x0000000725600000, 0x0000000725800000|  0%| F|  |TAMS 0x0000000725600000, 0x0000000725600000| Untracked 
| 279|0x0000000725800000, 0x0000000725800000, 0x0000000725a00000|  0%| F|  |TAMS 0x0000000725800000, 0x0000000725800000| Untracked 
| 280|0x0000000725a00000, 0x0000000725a00000, 0x0000000725c00000|  0%| F|  |TAMS 0x0000000725a00000, 0x0000000725a00000| Untracked 
| 281|0x0000000725c00000, 0x0000000725c00000, 0x0000000725e00000|  0%| F|  |TAMS 0x0000000725c00000, 0x0000000725c00000| Untracked 
| 282|0x0000000725e00000, 0x0000000725e00000, 0x0000000726000000|  0%| F|  |TAMS 0x0000000725e00000, 0x0000000725e00000| Untracked 
| 283|0x0000000726000000, 0x0000000726000000, 0x0000000726200000|  0%| F|  |TAMS 0x0000000726000000, 0x0000000726000000| Untracked 
| 284|0x0000000726200000, 0x0000000726200000, 0x0000000726400000|  0%| F|  |TAMS 0x0000000726200000, 0x0000000726200000| Untracked 
| 285|0x0000000726400000, 0x0000000726400000, 0x0000000726600000|  0%| F|  |TAMS 0x0000000726400000, 0x0000000726400000| Untracked 
| 286|0x0000000726600000, 0x0000000726600000, 0x0000000726800000|  0%| F|  |TAMS 0x0000000726600000, 0x0000000726600000| Untracked 
| 287|0x0000000726800000, 0x0000000726800000, 0x0000000726a00000|  0%| F|  |TAMS 0x0000000726800000, 0x0000000726800000| Untracked 
| 288|0x0000000726a00000, 0x0000000726a00000, 0x0000000726c00000|  0%| F|  |TAMS 0x0000000726a00000, 0x0000000726a00000| Untracked 
| 289|0x0000000726c00000, 0x0000000726c00000, 0x0000000726e00000|  0%| F|  |TAMS 0x0000000726c00000, 0x0000000726c00000| Untracked 
| 290|0x0000000726e00000, 0x0000000726ec3a50, 0x0000000727000000| 38%| S|CS|TAMS 0x0000000726e00000, 0x0000000726e00000| Complete 
| 291|0x0000000727000000, 0x0000000727000000, 0x0000000727200000|  0%| F|  |TAMS 0x0000000727000000, 0x0000000727000000| Untracked 

Card table byte_map: [0x000002e03b940000,0x000002e03c130000] _byte_map_base: 0x000002e03812b000

Marking Bits (Prev, Next): (CMBitMap*) 0x000002e021d25150, (CMBitMap*) 0x000002e021d25110
 Prev Bits: [0x000002e040880000, 0x000002e0447d8000)
 Next Bits: [0x000002e03c920000, 0x000002e040878000)

Polling page: 0x000002e02b6c0000

Metaspace:

Usage:
  Non-class:     15.68 MB capacity,    15.44 MB ( 98%) used,   215.32 KB (  1%) free+waste,    30.25 KB ( <1%) overhead. 
      Class:      2.65 MB capacity,     2.55 MB ( 96%) used,    84.56 KB (  3%) free+waste,    13.19 KB ( <1%) overhead. 
       Both:     18.33 MB capacity,    17.99 MB ( 98%) used,   299.88 KB (  2%) free+waste,    43.44 KB ( <1%) overhead. 

Virtual space:
  Non-class space:       16.00 MB reserved,      15.75 MB ( 98%) committed 
      Class space:        1.00 GB reserved,       2.75 MB ( <1%) committed 
             Both:        1.02 GB reserved,      18.50 MB (  2%) committed 

Chunk freelists:
   Non-Class:  7.00 KB
       Class:  0 bytes
        Both:  7.00 KB

MaxMetaspaceSize: 17179869184.00 GB
CompressedClassSpaceSize: 1.00 GB

CodeHeap 'non-profiled nmethods': size=120000Kb used=1283Kb max_used=1283Kb free=118716Kb
 bounds [0x000002e0331b0000, 0x000002e033420000, 0x000002e03a6e0000]
CodeHeap 'profiled nmethods': size=120000Kb used=6046Kb max_used=6046Kb free=113953Kb
 bounds [0x000002e02bc80000, 0x000002e02c270000, 0x000002e0331b0000]
CodeHeap 'non-nmethods': size=5760Kb used=1466Kb max_used=1505Kb free=4294Kb
 bounds [0x000002e02b6e0000, 0x000002e02b950000, 0x000002e02bc80000]
 total_blobs=3783 nmethods=2983 adapters=712
 compilation: enabled
              stopped_count=0, restarted_count=0
 full_count=0

Compilation events (20 events):
Event: 3.765 Thread 0x000002e047b10220 2976       3       java.util.Vector::elementData (7 bytes)
Event: 3.766 Thread 0x000002e047b10220 nmethod 2976 0x000002e02c261310 code [0x000002e02c2614a0, 0x000002e02c2615d8]
Event: 3.768 Thread 0x000002e047b06b00 nmethod 2974 0x000002e0332ef210 code [0x000002e0332ef3e0, 0x000002e0332ef9f8]
Event: 3.773 Thread 0x000002e047b10220 2977       3       javafx.scene.Node::disabledProperty (8 bytes)
Event: 3.773 Thread 0x000002e047b10220 nmethod 2977 0x000002e02c261690 code [0x000002e02c2618a0, 0x000002e02c262148]
Event: 3.773 Thread 0x000002e047b06b00 2979       4       java.util.HashMap::containsKey (14 bytes)
Event: 3.773 Thread 0x000002e047b10220 2978       1       java.util.Collections$EmptyEnumeration::hasMoreElements (2 bytes)
Event: 3.773 Thread 0x000002e047b10220 nmethod 2978 0x000002e0332eff90 code [0x000002e0332f0120, 0x000002e0332f01d8]
Event: 3.773 Thread 0x000002e047b10220 2980       3       com.sun.org.apache.xerces.internal.util.XMLStringBuffer::append (110 bytes)
Event: 3.774 Thread 0x000002e047b10220 nmethod 2980 0x000002e02c262410 code [0x000002e02c2625e0, 0x000002e02c262ab8]
Event: 3.774 Thread 0x000002e047b10220 2982   !   3       java.lang.Class::newInstance (134 bytes)
Event: 3.776 Thread 0x000002e047b10220 nmethod 2982 0x000002e02c262c10 code [0x000002e02c2630a0, 0x000002e02c265198]
Event: 3.776 Thread 0x000002e047b10220 2981       3       javafx.collections.WeakListChangeListener::<init> (31 bytes)
Event: 3.776 Thread 0x000002e047b10220 nmethod 2981 0x000002e02c266010 code [0x000002e02c266200, 0x000002e02c2667a8]
Event: 3.776 Thread 0x000002e047b10220 2983       3       java.io.BufferedInputStream::<init> (9 bytes)
Event: 3.776 Thread 0x000002e047b10220 nmethod 2983 0x000002e02c266990 code [0x000002e02c266b60, 0x000002e02c267088]
Event: 3.779 Thread 0x000002e047b06b00 nmethod 2979 0x000002e0332f0290 code [0x000002e0332f0440, 0x000002e0332f0938]
Event: 3.780 Thread 0x000002e047b10220 2984       3       javafx.scene.Node::setParent (9 bytes)
Event: 3.780 Thread 0x000002e047b10220 nmethod 2984 0x000002e02c267210 code [0x000002e02c267400, 0x000002e02c267938]
Event: 3.780 Thread 0x000002e047b10220 2985       3       javafx.scene.Node$2::invalidated (236 bytes)

GC Heap History (20 events):
Event: 3.339 GC heap after
{Heap after GC invocations=17 (full 0):
 garbage-first heap   total 276480K, used 164575K [0x0000000702a00000, 0x0000000800000000)
  region size 2048K, 2 young (4096K), 2 survivors (4096K)
 Metaspace       used 18193K, capacity 18433K, committed 18688K, reserved 1064960K
  class space    used 2613K, capacity 2710K, committed 2816K, reserved 1048576K
}
Event: 3.363 GC heap before
{Heap before GC invocations=18 (full 0):
 garbage-first heap   total 286720K, used 170719K [0x0000000702a00000, 0x0000000800000000)
  region size 2048K, 3 young (6144K), 2 survivors (4096K)
 Metaspace       used 18215K, capacity 18497K, committed 18688K, reserved 1064960K
  class space    used 2613K, capacity 2710K, committed 2816K, reserved 1048576K
}
Event: 3.365 GC heap after
{Heap after GC invocations=19 (full 0):
 garbage-first heap   total 286720K, used 170668K [0x0000000702a00000, 0x0000000800000000)
  region size 2048K, 2 young (4096K), 2 survivors (4096K)
 Metaspace       used 18215K, capacity 18497K, committed 18688K, reserved 1064960K
  class space    used 2613K, capacity 2710K, committed 2816K, reserved 1048576K
}
Event: 3.389 GC heap before
{Heap before GC invocations=20 (full 0):
 garbage-first heap   total 296960K, used 176812K [0x0000000702a00000, 0x0000000800000000)
  region size 2048K, 3 young (6144K), 2 survivors (4096K)
 Metaspace       used 18242K, capacity 18567K, committed 18688K, reserved 1064960K
  class space    used 2613K, capacity 2711K, committed 2816K, reserved 1048576K
}
Event: 3.392 GC heap after
{Heap after GC invocations=21 (full 0):
 garbage-first heap   total 296960K, used 176823K [0x0000000702a00000, 0x0000000800000000)
  region size 2048K, 2 young (4096K), 2 survivors (4096K)
 Metaspace       used 18242K, capacity 18567K, committed 18688K, reserved 1064960K
  class space    used 2613K, capacity 2711K, committed 2816K, reserved 1048576K
}
Event: 3.415 GC heap before
{Heap before GC invocations=22 (full 0):
 garbage-first heap   total 307200K, used 182967K [0x0000000702a00000, 0x0000000800000000)
  region size 2048K, 3 young (6144K), 2 survivors (4096K)
 Metaspace       used 18248K, capacity 18573K, committed 18688K, reserved 1064960K
  class space    used 2614K, capacity 2712K, committed 2816K, reserved 1048576K
}
Event: 3.417 GC heap after
{Heap after GC invocations=23 (full 0):
 garbage-first heap   total 307200K, used 183003K [0x0000000702a00000, 0x0000000800000000)
  region size 2048K, 2 young (4096K), 2 survivors (4096K)
 Metaspace       used 18248K, capacity 18573K, committed 18688K, reserved 1064960K
  class space    used 2614K, capacity 2712K, committed 2816K, reserved 1048576K
}
Event: 3.433 GC heap before
{Heap before GC invocations=24 (full 0):
 garbage-first heap   total 317440K, used 187099K [0x0000000702a00000, 0x0000000800000000)
  region size 2048K, 3 young (6144K), 2 survivors (4096K)
 Metaspace       used 18253K, capacity 18573K, committed 18688K, reserved 1064960K
  class space    used 2614K, capacity 2712K, committed 2816K, reserved 1048576K
}
Event: 3.435 GC heap after
{Heap after GC invocations=25 (full 0):
 garbage-first heap   total 317440K, used 187485K [0x0000000702a00000, 0x0000000800000000)
  region size 2048K, 3 young (6144K), 3 survivors (6144K)
 Metaspace       used 18253K, capacity 18573K, committed 18688K, reserved 1064960K
  class space    used 2614K, capacity 2712K, committed 2816K, reserved 1048576K
}
Event: 3.450 GC heap before
{Heap before GC invocations=26 (full 0):
 garbage-first heap   total 327680K, used 191581K [0x0000000702a00000, 0x0000000800000000)
  region size 2048K, 4 young (8192K), 3 survivors (6144K)
 Metaspace       used 18258K, capacity 18573K, committed 18688K, reserved 1064960K
  class space    used 2614K, capacity 2712K, committed 2816K, reserved 1048576K
}
Event: 3.452 GC heap after
{Heap after GC invocations=27 (full 0):
 garbage-first heap   total 327680K, used 191222K [0x0000000702a00000, 0x0000000800000000)
  region size 2048K, 2 young (4096K), 2 survivors (4096K)
 Metaspace       used 18258K, capacity 18573K, committed 18688K, reserved 1064960K
  class space    used 2614K, capacity 2712K, committed 2816K, reserved 1048576K
}
Event: 3.467 GC heap before
{Heap before GC invocations=28 (full 0):
 garbage-first heap   total 331776K, used 195318K [0x0000000702a00000, 0x0000000800000000)
  region size 2048K, 3 young (6144K), 2 survivors (4096K)
 Metaspace       used 18259K, capacity 18573K, committed 18688K, reserved 1064960K
  class space    used 2614K, capacity 2712K, committed 2816K, reserved 1048576K
}
Event: 3.471 GC heap after
{Heap after GC invocations=29 (full 0):
 garbage-first heap   total 598016K, used 195230K [0x0000000702a00000, 0x0000000800000000)
  region size 2048K, 2 young (4096K), 2 survivors (4096K)
 Metaspace       used 18259K, capacity 18573K, committed 18688K, reserved 1064960K
  class space    used 2614K, capacity 2712K, committed 2816K, reserved 1048576K
}
Event: 3.710 GC heap before
{Heap before GC invocations=30 (full 0):
 garbage-first heap   total 598016K, used 275102K [0x0000000702a00000, 0x0000000800000000)
  region size 2048K, 5 young (10240K), 2 survivors (4096K)
 Metaspace       used 18403K, capacity 18705K, committed 18944K, reserved 1064960K
  class space    used 2614K, capacity 2712K, committed 2816K, reserved 1048576K
}
Event: 3.713 GC heap after
{Heap after GC invocations=31 (full 0):
 garbage-first heap   total 598016K, used 271445K [0x0000000702a00000, 0x0000000800000000)
  region size 2048K, 3 young (6144K), 3 survivors (6144K)
 Metaspace       used 18403K, capacity 18705K, committed 18944K, reserved 1064960K
  class space    used 2614K, capacity 2712K, committed 2816K, reserved 1048576K
}
Event: 3.734 GC heap before
{Heap before GC invocations=32 (full 0):
 garbage-first heap   total 598016K, used 277589K [0x0000000702a00000, 0x0000000800000000)
  region size 2048K, 4 young (8192K), 3 survivors (6144K)
 Metaspace       used 18409K, capacity 18705K, committed 18944K, reserved 1064960K
  class space    used 2614K, capacity 2712K, committed 2816K, reserved 1048576K
}
Event: 3.737 GC heap after
{Heap after GC invocations=33 (full 0):
 garbage-first heap   total 598016K, used 279541K [0x0000000702a00000, 0x0000000800000000)
  region size 2048K, 1 young (2048K), 1 survivors (2048K)
 Metaspace       used 18409K, capacity 18705K, committed 18944K, reserved 1064960K
  class space    used 2614K, capacity 2712K, committed 2816K, reserved 1048576K
}
Event: 3.758 GC heap before
{Heap before GC invocations=34 (full 0):
 garbage-first heap   total 598016K, used 285685K [0x0000000702a00000, 0x0000000800000000)
  region size 2048K, 2 young (4096K), 1 survivors (2048K)
 Metaspace       used 18415K, capacity 18705K, committed 18944K, reserved 1064960K
  class space    used 2614K, capacity 2712K, committed 2816K, reserved 1048576K
}
Event: 3.760 GC heap after
{Heap after GC invocations=35 (full 0):
 garbage-first heap   total 598016K, used 285567K [0x0000000702a00000, 0x0000000800000000)
  region size 2048K, 1 young (2048K), 1 survivors (2048K)
 Metaspace       used 18415K, capacity 18705K, committed 18944K, reserved 1064960K
  class space    used 2614K, capacity 2712K, committed 2816K, reserved 1048576K
}
Event: 3.781 GC heap before
{Heap before GC invocations=36 (full 0):
 garbage-first heap   total 598016K, used 291711K [0x0000000702a00000, 0x0000000800000000)
  region size 2048K, 2 young (4096K), 1 survivors (2048K)
 Metaspace       used 18425K, capacity 18769K, committed 18944K, reserved 1064960K
  class space    used 2614K, capacity 2712K, committed 2816K, reserved 1048576K
}

Deoptimization events (20 events):
Event: 3.380 Thread 0x000002e0487ba5b0 DEOPT PACKING pc=0x000002e02be8d85f sp=0x000000e6b04fb010
Event: 3.380 Thread 0x000002e0487ba5b0 DEOPT UNPACKING pc=0x000002e02b72e23f sp=0x000000e6b04fa460 mode 0
Event: 3.573 Thread 0x000002e0487ba5b0 Uncommon trap: trap_request=0xffffffd6 fr.pc=0x000002e0332dfe10 relative=0x0000000000000250
Event: 3.573 Thread 0x000002e0487ba5b0 Uncommon trap: reason=array_check action=maybe_recompile pc=0x000002e0332dfe10 method=javafx.css.SimpleSelector.applies(Ljavafx/css/Styleable;[Ljava/util/Set;I)Z @ 37 c2
Event: 3.573 Thread 0x000002e0487ba5b0 DEOPT PACKING pc=0x000002e0332dfe10 sp=0x000000e6b04faff0
Event: 3.573 Thread 0x000002e0487ba5b0 DEOPT UNPACKING pc=0x000002e02b72e42f sp=0x000000e6b04faf98 mode 2
Event: 3.573 Thread 0x000002e0487ba5b0 Uncommon trap: trap_request=0xffffffd6 fr.pc=0x000002e0332dfe10 relative=0x0000000000000250
Event: 3.573 Thread 0x000002e0487ba5b0 Uncommon trap: reason=array_check action=maybe_recompile pc=0x000002e0332dfe10 method=javafx.css.SimpleSelector.applies(Ljavafx/css/Styleable;[Ljava/util/Set;I)Z @ 37 c2
Event: 3.573 Thread 0x000002e0487ba5b0 DEOPT PACKING pc=0x000002e0332dfe10 sp=0x000000e6b04faef0
Event: 3.573 Thread 0x000002e0487ba5b0 DEOPT UNPACKING pc=0x000002e02b72e42f sp=0x000000e6b04fae98 mode 2
Event: 3.573 Thread 0x000002e0487ba5b0 Uncommon trap: trap_request=0xffffffd6 fr.pc=0x000002e0332dfe10 relative=0x0000000000000250
Event: 3.573 Thread 0x000002e0487ba5b0 Uncommon trap: reason=array_check action=maybe_recompile pc=0x000002e0332dfe10 method=javafx.css.SimpleSelector.applies(Ljavafx/css/Styleable;[Ljava/util/Set;I)Z @ 37 c2
Event: 3.573 Thread 0x000002e0487ba5b0 DEOPT PACKING pc=0x000002e0332dfe10 sp=0x000000e6b04faef0
Event: 3.573 Thread 0x000002e0487ba5b0 DEOPT UNPACKING pc=0x000002e02b72e42f sp=0x000000e6b04fae98 mode 2
Event: 3.573 Thread 0x000002e0487ba5b0 Uncommon trap: trap_request=0xffffffd6 fr.pc=0x000002e0332dfe10 relative=0x0000000000000250
Event: 3.573 Thread 0x000002e0487ba5b0 Uncommon trap: reason=array_check action=maybe_recompile pc=0x000002e0332dfe10 method=javafx.css.SimpleSelector.applies(Ljavafx/css/Styleable;[Ljava/util/Set;I)Z @ 37 c2
Event: 3.573 Thread 0x000002e0487ba5b0 DEOPT PACKING pc=0x000002e0332dfe10 sp=0x000000e6b04faef0
Event: 3.573 Thread 0x000002e0487ba5b0 DEOPT UNPACKING pc=0x000002e02b72e42f sp=0x000000e6b04fae98 mode 2
Event: 3.757 Thread 0x000002e0487ba5b0 DEOPT PACKING pc=0x000002e02c19f577 sp=0x000000e6b04fb400
Event: 3.757 Thread 0x000002e0487ba5b0 DEOPT UNPACKING pc=0x000002e02b72e23f sp=0x000000e6b04fa968 mode 0

Classes unloaded (0 events):
No events

Classes redefined (0 events):
No events

Internal exceptions (20 events):
Event: 0.904 Thread 0x000002e0487ba5b0 Exception <a 'java/lang/NoSuchMethodError'{0x0000000711bb1ce0}: 'void java.lang.invoke.DirectMethodHandle$Holder.invokeStaticInit(java.lang.Object, java.lang.Object)'> (0x0000000711bb1ce0) 
thrown [./open/src/hotspot/share/interpreter/linkResolver.cpp, line 782]
Event: 1.539 Thread 0x000002e0487ba5b0 Exception <a 'java/lang/NoSuchMethodError'{0x000000071154eef8}: static Lil/cshaifasweng/OCSFMediatorExample/entities/Message;.<clinit>()V> (0x000000071154eef8) 
thrown [./open/src/hotspot/share/prims/jni.cpp, line 1204]
Event: 1.561 Thread 0x000002e049595c80 Exception <a 'java/lang/NoSuchMethodError'{0x00000007124d5500}: static Lil/cshaifasweng/OCSFMediatorExample/entities/Movie;.<clinit>()V> (0x00000007124d5500) 
thrown [./open/src/hotspot/share/prims/jni.cpp, line 1204]
Event: 1.577 Thread 0x000002e0487ba5b0 Implicit null exception at 0x000002e0331efde0 to 0x000002e0331efe72
Event: 1.583 Thread 0x000002e0487ba5b0 Exception <a 'java/io/FileNotFoundException'{0x0000000710c541a0}> (0x0000000710c541a0) 
thrown [./open/src/hotspot/share/prims/jni.cpp, line 578]
Event: 1.612 Thread 0x000002e0487ba5b0 Implicit null exception at 0x000002e033222990 to 0x000002e033222e28
Event: 1.749 Thread 0x000002e0487ba5b0 Exception <a 'java/lang/NoSuchMethodError'{0x00000007126699b8}: 'java.lang.Object java.lang.invoke.DirectMethodHandle$Holder.invokeInterface(java.lang.Object, java.lang.Object, java.lang.Object)'> (0x00000007126699b8) 
thrown [./open/src/hotspot/share/interpreter/linkResolver.cpp, line 782]
Event: 1.749 Thread 0x000002e0487ba5b0 Exception <a 'java/lang/IncompatibleClassChangeError'{0x000000071266d538}: Found class java.lang.Object, but interface was expected> (0x000000071266d538) 
thrown [./open/src/hotspot/share/interpreter/linkResolver.cpp, line 848]
Event: 1.791 Thread 0x000002e0487ba5b0 Exception <a 'java/lang/ClassNotFoundException'{0x0000000712546580}: com/sun/javafx/scene/control/skin/resources/controls> (0x0000000712546580) 
thrown [./open/src/hotspot/share/prims/jni.cpp, line 599]
Event: 1.792 Thread 0x000002e0487ba5b0 Exception <a 'java/lang/ClassNotFoundException'{0x0000000712554078}: com/sun/javafx/scene/control/skin/resources/controls_en> (0x0000000712554078) 
thrown [./open/src/hotspot/share/prims/jni.cpp, line 599]
Event: 1.793 Thread 0x000002e0487ba5b0 Exception <a 'java/lang/ClassNotFoundException'{0x00000007125560c8}: com/sun/javafx/scene/control/skin/resources/controls_en_US> (0x00000007125560c8) 
thrown [./open/src/hotspot/share/prims/jni.cpp, line 599]
Event: 1.818 Thread 0x000002e0487ba5b0 Exception <a 'java/lang/NoSuchMethodError'{0x00000007122e3e10}: 'void java.lang.invoke.DirectMethodHandle$Holder.invokeSpecial(java.lang.Object, java.lang.Object, java.lang.Object, java.lang.Object, java.lang.Object, java.lang.Object)'> (0x00000007122e3e10) 
thrown [./open/src/hotspot/share/interpreter/linkResolver.cpp, line 782]
Event: 1.877 Thread 0x000002e0487ba5b0 Exception <a 'java/lang/NoSuchMethodError'{0x0000000711f2b870}: 'void java.lang.invoke.DirectMethodHandle$Holder.invokeSpecialIFC(java.lang.Object, java.lang.Object, java.lang.Object, java.lang.Object)'> (0x0000000711f2b870) 
thrown [./open/src/hotspot/share/interpreter/linkResolver.cpp, line 782]
Event: 1.906 Thread 0x000002e0487ba5b0 Exception <a 'java/lang/NoSuchMethodError'{0x0000000711d38800}: 'int java.lang.invoke.DirectMethodHandle$Holder.invokeSpecial(java.lang.Object, java.lang.Object, int)'> (0x0000000711d38800) 
thrown [./open/src/hotspot/share/interpreter/linkResolver.cpp, line 782]
Event: 1.969 Thread 0x000002e0487ba5b0 Exception <a 'java/lang/NoSuchMethodError'{0x0000000711bae178}: 'java.lang.Object java.lang.invoke.DirectMethodHandle$Holder.newInvokeSpecial(java.lang.Object, java.lang.Object, int)'> (0x0000000711bae178) 
thrown [./open/src/hotspot/share/interpreter/linkResolver.cpp, line 782]
Event: 2.153 Thread 0x000002e048311bd0 Exception <a 'java/lang/NoSuchMethodError'{0x0000000710df2e58}: 'int java.lang.invoke.DirectMethodHandle$Holder.invokeStaticInit(java.lang.Object, java.lang.Object)'> (0x0000000710df2e58) 
thrown [./open/src/hotspot/share/interpreter/linkResolver.cpp, line 782]
Event: 2.998 Thread 0x000002e0487ba5b0 Exception <a 'java/lang/NoSuchMethodError'{0x00000007109b5010}: 'long java.lang.invoke.DirectMethodHandle$Holder.invokeStatic(java.lang.Object, java.lang.Object, java.lang.Object)'> (0x00000007109b5010) 
thrown [./open/src/hotspot/share/interpreter/linkResolver.cpp, line 782]
Event: 2.998 Thread 0x000002e0487ba5b0 Exception <a 'java/lang/NoSuchMethodError'{0x00000007109b89c0}: 'long java.lang.invoke.DirectMethodHandle$Holder.invokeStaticInit(java.lang.Object, java.lang.Object, java.lang.Object)'> (0x00000007109b89c0) 
thrown [./open/src/hotspot/share/interpreter/linkResolver.cpp, line 782]
Event: 3.000 Thread 0x000002e0487ba5b0 Exception <a 'java/lang/NoSuchMethodError'{0x00000007109d0a20}: 'java.lang.Object java.lang.invoke.DirectMethodHandle$Holder.newInvokeSpecial(java.lang.Object, java.lang.Object, long)'> (0x00000007109d0a20) 
thrown [./open/src/hotspot/share/interpreter/linkResolver.cpp, line 782]
Event: 3.000 Thread 0x000002e0487ba5b0 Exception <a 'java/lang/NoSuchMethodError'{0x00000007109d4790}: 'java.lang.Object java.lang.invoke.Invokers$Holder.linkToTargetMethod(java.lang.Object, long, java.lang.Object)'> (0x00000007109d4790) 
thrown [./open/src/hotspot/share/interpreter/linkResolver.cpp, line 782]

Events (20 events):
Event: 3.490 Executing VM operation: G1Concurrent done
Event: 3.710 Executing VM operation: G1TryInitiateConcMark
Event: 3.713 Executing VM operation: G1TryInitiateConcMark done
Event: 3.721 Executing VM operation: G1Concurrent
Event: 3.723 Executing VM operation: G1Concurrent done
Event: 3.727 Executing VM operation: G1Concurrent
Event: 3.727 Executing VM operation: G1Concurrent done
Event: 3.734 Executing VM operation: G1TryInitiateConcMark
Event: 3.737 Executing VM operation: G1TryInitiateConcMark done
Event: 3.745 Executing VM operation: G1Concurrent
Event: 3.747 Executing VM operation: G1Concurrent done
Event: 3.751 Executing VM operation: G1Concurrent
Event: 3.752 Executing VM operation: G1Concurrent done
Event: 3.758 Executing VM operation: G1TryInitiateConcMark
Event: 3.760 Executing VM operation: G1TryInitiateConcMark done
Event: 3.770 Executing VM operation: G1Concurrent
Event: 3.772 Executing VM operation: G1Concurrent done
Event: 3.777 Executing VM operation: G1Concurrent
Event: 3.778 Executing VM operation: G1Concurrent done
Event: 3.781 Executing VM operation: G1TryInitiateConcMark


Dynamic libraries:
0x00007ff72cb60000 - 0x00007ff72cb6f000 	C:\Program Files\Java\jdk-15.0.2\bin\javaw.exe
0x00007ffb702b0000 - 0x00007ffb704a5000 	C:\WINDOWS\SYSTEM32\ntdll.dll
0x00007ffb6f180000 - 0x00007ffb6f23d000 	C:\WINDOWS\System32\KERNEL32.DLL
0x00007ffb6de60000 - 0x00007ffb6e128000 	C:\WINDOWS\System32\KERNELBASE.dll
0x00007ffb6dc50000 - 0x00007ffb6dd50000 	C:\WINDOWS\System32\ucrtbase.dll
0x00007ffb55960000 - 0x00007ffb55979000 	C:\Program Files\Java\jdk-15.0.2\bin\VCRUNTIME140.dll
0x00007ffb51310000 - 0x00007ffb51328000 	C:\Program Files\Java\jdk-15.0.2\bin\jli.dll
0x00007ffb6e4c0000 - 0x00007ffb6e56c000 	C:\WINDOWS\System32\ADVAPI32.dll
0x00007ffb701d0000 - 0x00007ffb7026e000 	C:\WINDOWS\System32\msvcrt.dll
0x00007ffb6e340000 - 0x00007ffb6e3db000 	C:\WINDOWS\System32\sechost.dll
0x00007ffb6e5e0000 - 0x00007ffb6e70b000 	C:\WINDOWS\System32\RPCRT4.dll
0x00007ffb6e930000 - 0x00007ffb6ead0000 	C:\WINDOWS\System32\USER32.dll
0x00007ffb552a0000 - 0x00007ffb5553a000 	C:\WINDOWS\WinSxS\amd64_microsoft.windows.common-controls_6595b64144ccf1df_6.0.19041.844_none_ca00b6081b84eb1d\COMCTL32.dll
0x00007ffb6db50000 - 0x00007ffb6db72000 	C:\WINDOWS\System32\win32u.dll
0x00007ffb6e310000 - 0x00007ffb6e33a000 	C:\WINDOWS\System32\GDI32.dll
0x00007ffb6dd50000 - 0x00007ffb6de5b000 	C:\WINDOWS\System32\gdi32full.dll
0x00007ffb6e270000 - 0x00007ffb6e30d000 	C:\WINDOWS\System32\msvcp_win.dll
0x00007ffb5af30000 - 0x00007ffb5af3a000 	C:\WINDOWS\SYSTEM32\VERSION.dll
0x00007ffb6e710000 - 0x00007ffb6e740000 	C:\WINDOWS\System32\IMM32.DLL
0x00007ffb65b50000 - 0x00007ffb65b5c000 	C:\Program Files\Java\jdk-15.0.2\bin\vcruntime140_1.dll
0x00007ffb31f00000 - 0x00007ffb31f91000 	C:\Program Files\Java\jdk-15.0.2\bin\msvcp140.dll
0x00007ffb288b0000 - 0x00007ffb2940e000 	C:\Program Files\Java\jdk-15.0.2\bin\server\jvm.dll
0x00007ffb6e5d0000 - 0x00007ffb6e5d8000 	C:\WINDOWS\System32\PSAPI.DLL
0x00007ffb5e390000 - 0x00007ffb5e3b7000 	C:\WINDOWS\SYSTEM32\WINMM.dll
0x00007ffb57f50000 - 0x00007ffb57f59000 	C:\WINDOWS\SYSTEM32\WSOCK32.dll
0x00007ffb6e7d0000 - 0x00007ffb6e83b000 	C:\WINDOWS\System32\WS2_32.dll
0x00007ffb6c310000 - 0x00007ffb6c322000 	C:\WINDOWS\SYSTEM32\kernel.appcore.dll
0x00007ffb64e10000 - 0x00007ffb64e1a000 	C:\Program Files\Java\jdk-15.0.2\bin\jimage.dll
0x00007ffb6b3a0000 - 0x00007ffb6b584000 	C:\WINDOWS\SYSTEM32\DBGHELP.DLL
0x00007ffb585a0000 - 0x00007ffb585cc000 	C:\WINDOWS\SYSTEM32\dbgcore.DLL
0x00007ffb6dbd0000 - 0x00007ffb6dc50000 	C:\WINDOWS\System32\bcryptPrimitives.dll
0x00007ffb51140000 - 0x00007ffb51165000 	C:\Program Files\Java\jdk-15.0.2\bin\java.dll
0x00007ffb6f450000 - 0x00007ffb6fb92000 	C:\WINDOWS\System32\SHELL32.dll
0x00007ffb6baf0000 - 0x00007ffb6c281000 	C:\WINDOWS\SYSTEM32\windows.storage.dll
0x00007ffb6ee20000 - 0x00007ffb6f175000 	C:\WINDOWS\System32\combase.dll
0x00007ffb6d460000 - 0x00007ffb6d48c000 	C:\WINDOWS\SYSTEM32\Wldp.dll
0x00007ffb6fba0000 - 0x00007ffb6fc4e000 	C:\WINDOWS\System32\SHCORE.dll
0x00007ffb6f3f0000 - 0x00007ffb6f445000 	C:\WINDOWS\System32\shlwapi.dll
0x00007ffb6d930000 - 0x00007ffb6d94f000 	C:\WINDOWS\SYSTEM32\profapi.dll
0x00007ffb50740000 - 0x00007ffb50759000 	C:\Program Files\Java\jdk-15.0.2\bin\net.dll
0x00007ffb65a30000 - 0x00007ffb65b3b000 	C:\WINDOWS\SYSTEM32\WINHTTP.dll
0x00007ffb6d1d0000 - 0x00007ffb6d23a000 	C:\WINDOWS\system32\mswsock.dll
0x00007ffb50720000 - 0x00007ffb50732000 	C:\Program Files\Java\jdk-15.0.2\bin\nio.dll
0x00007ffb50700000 - 0x00007ffb50718000 	C:\Program Files\Java\jdk-15.0.2\bin\zip.dll
0x000002e0497d0000 - 0x000002e0497d3000 	D:\javafx-sdk-16\bin\api-ms-win-core-console-l1-1-0.dll
0x000002e0497e0000 - 0x000002e0497e3000 	D:\javafx-sdk-16\bin\api-ms-win-core-console-l1-2-0.dll
0x000002e0497f0000 - 0x000002e0497f3000 	D:\javafx-sdk-16\bin\api-ms-win-core-datetime-l1-1-0.dll
0x000002e049800000 - 0x000002e049803000 	D:\javafx-sdk-16\bin\api-ms-win-core-debug-l1-1-0.dll
0x000002e049810000 - 0x000002e049813000 	D:\javafx-sdk-16\bin\api-ms-win-core-errorhandling-l1-1-0.dll
0x000002e049820000 - 0x000002e049824000 	D:\javafx-sdk-16\bin\api-ms-win-core-file-l1-1-0.dll
0x000002e049830000 - 0x000002e049833000 	D:\javafx-sdk-16\bin\api-ms-win-core-file-l1-2-0.dll
0x000002e049840000 - 0x000002e049843000 	D:\javafx-sdk-16\bin\api-ms-win-core-file-l2-1-0.dll
0x000002e049850000 - 0x000002e049853000 	D:\javafx-sdk-16\bin\api-ms-win-core-handle-l1-1-0.dll
0x000002e049860000 - 0x000002e049863000 	D:\javafx-sdk-16\bin\api-ms-win-core-heap-l1-1-0.dll
0x000002e049870000 - 0x000002e049873000 	D:\javafx-sdk-16\bin\api-ms-win-core-interlocked-l1-1-0.dll
0x000002e049880000 - 0x000002e049883000 	D:\javafx-sdk-16\bin\api-ms-win-core-libraryloader-l1-1-0.dll
0x000002e049890000 - 0x000002e049893000 	D:\javafx-sdk-16\bin\api-ms-win-core-localization-l1-2-0.dll
0x000002e0498a0000 - 0x000002e0498a3000 	D:\javafx-sdk-16\bin\api-ms-win-core-memory-l1-1-0.dll
0x000002e0498b0000 - 0x000002e0498b3000 	D:\javafx-sdk-16\bin\api-ms-win-core-namedpipe-l1-1-0.dll
0x000002e0498c0000 - 0x000002e0498c3000 	D:\javafx-sdk-16\bin\api-ms-win-core-processenvironment-l1-1-0.dll
0x000002e0498d0000 - 0x000002e0498d3000 	D:\javafx-sdk-16\bin\api-ms-win-core-processthreads-l1-1-0.dll
0x000002e0498e0000 - 0x000002e0498e3000 	D:\javafx-sdk-16\bin\api-ms-win-core-processthreads-l1-1-1.dll
0x000002e0498f0000 - 0x000002e0498f3000 	D:\javafx-sdk-16\bin\api-ms-win-core-profile-l1-1-0.dll
0x000002e049900000 - 0x000002e049903000 	D:\javafx-sdk-16\bin\api-ms-win-core-rtlsupport-l1-1-0.dll
0x000002e049a30000 - 0x000002e049a33000 	D:\javafx-sdk-16\bin\api-ms-win-core-string-l1-1-0.dll
0x000002e049a40000 - 0x000002e049a43000 	D:\javafx-sdk-16\bin\api-ms-win-core-synch-l1-1-0.dll
0x000002e049910000 - 0x000002e049913000 	D:\javafx-sdk-16\bin\api-ms-win-core-synch-l1-2-0.dll
0x000002e049920000 - 0x000002e049923000 	D:\javafx-sdk-16\bin\api-ms-win-core-sysinfo-l1-1-0.dll
0x000002e049930000 - 0x000002e049933000 	D:\javafx-sdk-16\bin\api-ms-win-core-timezone-l1-1-0.dll
0x000002e049940000 - 0x000002e049943000 	D:\javafx-sdk-16\bin\api-ms-win-core-util-l1-1-0.dll
0x000002e049950000 - 0x000002e049953000 	D:\javafx-sdk-16\bin\api-ms-win-crt-conio-l1-1-0.dll
0x000002e049960000 - 0x000002e049964000 	D:\javafx-sdk-16\bin\api-ms-win-crt-convert-l1-1-0.dll
0x000002e049970000 - 0x000002e049973000 	D:\javafx-sdk-16\bin\api-ms-win-crt-environment-l1-1-0.dll
0x000002e049980000 - 0x000002e049983000 	D:\javafx-sdk-16\bin\api-ms-win-crt-filesystem-l1-1-0.dll
0x000002e049990000 - 0x000002e049993000 	D:\javafx-sdk-16\bin\api-ms-win-crt-heap-l1-1-0.dll
0x000002e0499a0000 - 0x000002e0499a3000 	D:\javafx-sdk-16\bin\api-ms-win-crt-locale-l1-1-0.dll
0x000002e0499b0000 - 0x000002e0499b5000 	D:\javafx-sdk-16\bin\api-ms-win-crt-math-l1-1-0.dll
0x000002e0499c0000 - 0x000002e0499c5000 	D:\javafx-sdk-16\bin\api-ms-win-crt-multibyte-l1-1-0.dll
0x000002e0499d0000 - 0x000002e0499e0000 	D:\javafx-sdk-16\bin\api-ms-win-crt-private-l1-1-0.dll
0x000002e0499e0000 - 0x000002e0499e3000 	D:\javafx-sdk-16\bin\api-ms-win-crt-process-l1-1-0.dll
0x000002e0499f0000 - 0x000002e0499f4000 	D:\javafx-sdk-16\bin\api-ms-win-crt-runtime-l1-1-0.dll
0x000002e049a00000 - 0x000002e049a04000 	D:\javafx-sdk-16\bin\api-ms-win-crt-stdio-l1-1-0.dll
0x000002e049a10000 - 0x000002e049a14000 	D:\javafx-sdk-16\bin\api-ms-win-crt-string-l1-1-0.dll
0x000002e049a20000 - 0x000002e049a23000 	D:\javafx-sdk-16\bin\api-ms-win-crt-time-l1-1-0.dll
0x000002e049a50000 - 0x000002e049a53000 	D:\javafx-sdk-16\bin\api-ms-win-crt-utility-l1-1-0.dll
0x00007ffb40a40000 - 0x00007ffb40b3c000 	D:\javafx-sdk-16\bin\ucrtbase.dll
0x00007ffb669f0000 - 0x00007ffb66a09000 	D:\javafx-sdk-16\bin\vcruntime140.dll
0x00007ffb694c0000 - 0x00007ffb694cc000 	D:\javafx-sdk-16\bin\vcruntime140_1.dll
0x00007ffb409a0000 - 0x00007ffb40a31000 	D:\javafx-sdk-16\bin\msvcp140.dll
0x00007ffb63510000 - 0x00007ffb63537000 	D:\javafx-sdk-16\bin\prism_d3d.dll
0x00007ffb36e70000 - 0x00007ffb3703e000 	C:\WINDOWS\system32\d3d9.dll
0x00007ffb6b370000 - 0x00007ffb6b39f000 	C:\WINDOWS\SYSTEM32\dwmapi.dll
0x00007ffb6afd0000 - 0x00007ffb6b06e000 	C:\WINDOWS\system32\uxtheme.dll
0x00007ffb372d0000 - 0x00007ffb374a7000 	C:\WINDOWS\System32\DriverStore\FileRepository\igdlh64.inf_amd64_1a33d2f73651d989\igdumdim64.dll
0x00007ffafad80000 - 0x00007ffafdd7d000 	C:\WINDOWS\System32\DriverStore\FileRepository\igdlh64.inf_amd64_1a33d2f73651d989\igd9dxva64.dll
0x00007ffb6f2c0000 - 0x00007ffb6f3ea000 	C:\WINDOWS\System32\ole32.dll
0x00007ffb6e850000 - 0x00007ffb6e91d000 	C:\WINDOWS\System32\OLEAUT32.dll
0x00007ffb51390000 - 0x00007ffb513d2000 	D:\javafx-sdk-16\bin\glass.dll
0x00007ffb6e3e0000 - 0x00007ffb6e4ba000 	C:\WINDOWS\System32\COMDLG32.dll
0x00007ffb6ed00000 - 0x00007ffb6ee15000 	C:\WINDOWS\System32\MSCTF.dll
0x00007ffb5e8c0000 - 0x00007ffb60655000 	C:\WINDOWS\System32\DriverStore\FileRepository\igdlh64.inf_amd64_1a33d2f73651d989\igc64.dll
0x00007ffb61ac0000 - 0x00007ffb61afb000 	C:\WINDOWS\SYSTEM32\dxcore.dll
0x00007ffb6db80000 - 0x00007ffb6dbce000 	C:\WINDOWS\System32\cfgmgr32.dll
0x00007ffb6cec0000 - 0x00007ffb6cf8c000 	C:\WINDOWS\SYSTEM32\DNSAPI.dll
0x00007ffb6ce70000 - 0x00007ffb6ceab000 	C:\WINDOWS\SYSTEM32\IPHLPAPI.DLL
0x00007ffb6e920000 - 0x00007ffb6e928000 	C:\WINDOWS\System32\NSI.dll
0x00007ffb5dde0000 - 0x00007ffb5ddea000 	C:\Windows\System32\rasadhlp.dll
0x00007ffb5e040000 - 0x00007ffb5e0bf000 	C:\WINDOWS\System32\fwpuclnt.dll
0x00007ffb6e240000 - 0x00007ffb6e267000 	C:\WINDOWS\System32\bcrypt.dll
0x00007ffb669d0000 - 0x00007ffb669e4000 	D:\javafx-sdk-16\bin\javafx_font.dll
0x00007ffb47400000 - 0x00007ffb4767f000 	C:\WINDOWS\SYSTEM32\dwrite.dll
0x00007ffb70120000 - 0x00007ffb701c9000 	C:\WINDOWS\System32\clbcatq.dll
0x00007ffb63dc0000 - 0x00007ffb63f74000 	C:\WINDOWS\SYSTEM32\WindowsCodecs.dll
0x00007ffb457a0000 - 0x00007ffb457de000 	C:\WINDOWS\system32\dataexchange.dll
0x00007ffb695b0000 - 0x00007ffb69814000 	C:\WINDOWS\system32\d3d11.dll
0x00007ffb6a3a0000 - 0x00007ffb6a585000 	C:\WINDOWS\system32\dcomp.dll
0x00007ffb6c330000 - 0x00007ffb6c423000 	C:\WINDOWS\system32\dxgi.dll
0x00007ffb65630000 - 0x00007ffb65831000 	C:\WINDOWS\system32\twinapi.appcore.dll
0x00007ffb5d970000 - 0x00007ffb5d9a4000 	C:\Program Files\Common Files\Microsoft Shared\Ink\rtscom.dll
0x00007ffb4f6b0000 - 0x00007ffb4f7a9000 	C:\WINDOWS\SYSTEM32\textinputframework.dll
0x00007ffb6ac70000 - 0x00007ffb6ad62000 	C:\WINDOWS\System32\CoreMessaging.dll
0x00007ffb6a910000 - 0x00007ffb6ac6e000 	C:\WINDOWS\System32\CoreUIComponents.dll
0x00007ffb6c730000 - 0x00007ffb6c763000 	C:\WINDOWS\SYSTEM32\ntmarta.dll
0x00007ffb69c80000 - 0x00007ffb69dd4000 	C:\WINDOWS\SYSTEM32\wintypes.dll
0x00007ffb5dbc0000 - 0x00007ffb5dbed000 	D:\javafx-sdk-16\bin\javafx_iio.dll

dbghelp: loaded successfully - version: 4.0.5 - missing functions: none
symbol engine: initialized successfully - sym options: 0x614 - pdb path: .;C:\Program Files\Java\jdk-15.0.2\bin;C:\WINDOWS\SYSTEM32;C:\WINDOWS\WinSxS\amd64_microsoft.windows.common-controls_6595b64144ccf1df_6.0.19041.844_none_ca00b6081b84eb1d;C:\Program Files\Java\jdk-15.0.2\bin\server;D:\javafx-sdk-16\bin;C:\WINDOWS\System32\DriverStore\FileRepository\igdlh64.inf_amd64_1a33d2f73651d989;C:\Program Files\Common Files\Microsoft Shared\Ink

VM Arguments:
jvm_args: --module-path=D:\javafx-sdk-16\lib --add-modules=javafx.fxml,javafx.controls,javafx.graphics -Dfile.encoding=UTF-8 -XX:+ShowCodeDetailsInExceptionMessages 
java_command: il.cshaifasweng.OCSFMediatorExample.client.App 3000
java_class_path (initial): D:\Github\MovieTime\MovieTime\client\target\classes;C:\Users\shira\.m2\repository\org\openjfx\javafx-base\15\javafx-base-15.jar;C:\Users\shira\.m2\repository\org\openjfx\javafx-base\15\javafx-base-15-win.jar;C:\Users\shira\.m2\repository\org\openjfx\javafx-controls\15\javafx-controls-15.jar;C:\Users\shira\.m2\repository\org\openjfx\javafx-controls\15\javafx-controls-15-win.jar;C:\Users\shira\.m2\repository\org\openjfx\javafx-graphics\15\javafx-graphics-15.jar;C:\Users\shira\.m2\repository\org\openjfx\javafx-graphics\15\javafx-graphics-15-win.jar;C:\Users\shira\.m2\repository\org\openjfx\javafx-fxml\15\javafx-fxml-15.jar;C:\Users\shira\.m2\repository\org\openjfx\javafx-fxml\15\javafx-fxml-15-win.jar;C:\Users\shira\.m2\repository\org\greenrobot\eventbus\3.2.0\eventbus-3.2.0.jar;D:\Github\MovieTime\MovieTime\entities\target\classes;C:\Users\shira\.m2\repository\org\bouncycastle\bcpkix-jdk15on\1.56\bcpkix-jdk15on-1.56.jar;C:\Users\shira\.m2\repository\org\bouncycastle\bcprov-jdk15on\1.56\bcprov-jdk15on-1.56.jar;C:\Users\shira\.m2\repository\mysql\mysql-connector-java\8.0.19\mysql-connector-java-8.0.19.jar;C:\Users\shira\.m2\repository\com\google\protobuf\protobuf-java\3.6.1\protobuf-java-3.6.1.jar;C:\Users\shira\.m2\repository\org\hibernate\hibernate-core\5.4.12.Final\hibernate-core-5.4.12.Final.jar;C:\Users\shira\.m2\repository\org\jboss\logging\jboss-logging\3.3.2.Final\jboss-logging-3.3.2.Final.jar;C:\Users\shira\.m2\repository\javax\persistence\javax.persistence-api\2.2\javax.persistence-api-2.2.jar;C:\Users\shira\.m2\repository\org\javassist\javassist\3.24.0-GA\javassist-3.24.0-GA.jar;C:\Users\shira\.m2\repository\net\bytebuddy\byte-buddy\1.10.7\byte-buddy-1.10.7.jar;C:\Users\shira\.m2\repository\antlr\antlr\2.7.7\antlr-2.7.7.jar;C:\Users\shira\.m2\repository\org\jboss\spec\javax\transaction\jboss-transaction-api_1.2_spec\1.1.1.Final\jboss-transaction-api_1.2_spec-1.1.1.Final.jar;C:\Users\shira\.m2\repository\org\jboss\jandex\2.1.1.Fina
Launcher Type: SUN_STANDARD

[Global flags]
     intx CICompilerCount                          = 4                                         {product} {ergonomic}
     uint ConcGCThreads                            = 2                                         {product} {ergonomic}
     uint G1ConcRefinementThreads                  = 8                                         {product} {ergonomic}
   size_t G1HeapRegionSize                         = 2097152                                   {product} {ergonomic}
    uintx GCDrainStackTargetSize                   = 64                                        {product} {ergonomic}
   size_t InitialHeapSize                          = 266338304                                 {product} {ergonomic}
   size_t MarkStackSize                            = 4194304                                   {product} {ergonomic}
   size_t MaxHeapSize                              = 4250927104                                {product} {ergonomic}
   size_t MaxNewSize                               = 2550136832                                {product} {ergonomic}
   size_t MinHeapDeltaBytes                        = 2097152                                   {product} {ergonomic}
   size_t MinHeapSize                              = 8388608                                   {product} {ergonomic}
    uintx NonNMethodCodeHeapSize                   = 5839372                                {pd product} {ergonomic}
    uintx NonProfiledCodeHeapSize                  = 122909434                              {pd product} {ergonomic}
    uintx ProfiledCodeHeapSize                     = 122909434                              {pd product} {ergonomic}
    uintx ReservedCodeCacheSize                    = 251658240                              {pd product} {ergonomic}
     bool SegmentedCodeCache                       = true                                      {product} {ergonomic}
     bool ShowCodeDetailsInExceptionMessages       = true                                   {manageable} {command line}
   size_t SoftMaxHeapSize                          = 4250927104                             {manageable} {ergonomic}
     bool UseCompressedClassPointers               = true                                 {lp64_product} {ergonomic}
     bool UseCompressedOops                        = true                                 {lp64_product} {ergonomic}
     bool UseG1GC                                  = true                                      {product} {ergonomic}
     bool UseLargePagesIndividualAllocation        = false                                  {pd product} {ergonomic}

Logging:
Log output configuration:
 #0: stdout all=warning uptime,level,tags
 #1: stderr all=off uptime,level,tags

Environment Variables:
PATH=C:\Program Files\Common Files\Oracle\Java\javapath;C:\Windows\system32;C:\Windows;C:\Windows\System32\Wbem;C:\Windows\System32\WindowsPowerShell\v1.0\;C:\Program Files (x86)\NVIDIA Corporation\PhysX\Common;C:\Program Files\Intel\WiFi\bin\;C:\Program Files\Common Files\Intel\WirelessCommon\;C:\WINDOWS\system32;C:\WINDOWS;C:\WINDOWS\System32\Wbem;C:\WINDOWS\System32\WindowsPowerShell\v1.0\;C:\WINDOWS\System32\OpenSSH\;D:\Programs\MathWorks\bin;D:\Programs\CMake\bin;C:\ProgramData\chocolatey\bin;C:\Program Files\MySQL\MySQL Shell 8.0\bin\;C:\Users\shira\AppData\Local\Microsoft\WindowsApps;D:\Programs\Git;D:\Programs\Git\bin;C:\Users\shira\AppData\Local\GitHubDesktop\bin;D:\Programs\CLion 2020.3.2\bin;;D:\Programs\WebStorm 2021.1.1\bin;;D:\Programs\PyCharm 2021.1.1\bin;;D:\Programs\IntelliJ IDEA Community Edition 2021.1.1\bin;;
USERNAME=shira
OS=Windows_NT
PROCESSOR_IDENTIFIER=Intel64 Family 6 Model 94 Stepping 3, GenuineIntel



---------------  S Y S T E M  ---------------

OS:
 Windows 10 , 64 bit Build 19041 (10.0.19041.928)
OS uptime: 1 days 0:40 hours

CPU: total 8 (initial active 8) (4 cores per cpu, 2 threads per core) family 6 model 94 stepping 3 microcode 0xcc, cmov, cx8, fxsr, mmx, sse, sse2, sse3, ssse3, sse4.1, sse4.2, popcnt, vzeroupper, avx, avx2, aes, clmul, erms, rtm, 3dnowpref, lzcnt, ht, tsc, tscinvbit, bmi1, bmi2, adx, fma, clflush, clflushopt

Memory: 4k page, system-wide physical 16211M (4444M free)
TotalPageFile size 28913M (AvailPageFile size 232M)
current process WorkingSet (physical memory assigned to process): 559M, peak: 559M
current process commit charge ("private bytes"): 938M, peak: 1418M

vm_info: Java HotSpot(TM) 64-Bit Server VM (15.0.2+7-27) for windows-amd64 JRE (15.0.2+7-27), built on Dec  7 2020 20:07:01 by "mach5one" with unknown MS VC++:1925

END.
